#
# A fatal error has been detected by the Java Runtime Environment:
#
#  SIGSEGV (0xb) at pc=0x00007f77f8e949ea, pid=6298, tid=140152804419328
#
# JRE version: 6.0_24-b24
# Java VM: OpenJDK 64-Bit Server VM (20.0-b12 mixed mode linux-amd64 compressed oops)
# Derivative: IcedTea6 1.11.5
# Distribution: Ubuntu 12.04 LTS, package 6b24-1.11.5-0ubuntu1~12.04.1
# Problematic frame:
# C  [libdbus-1.so.3+0x279ea]  dbus_watch_handle+0x2bea
#
# If you would like to submit a bug report, please include
# instructions how to reproduce the bug and visit:
#   https://bugs.launchpad.net/ubuntu/+source/openjdk-6/
# The crash happened outside the Java Virtual Machine in native code.
# See problematic frame for where to report the bug.
#

---------------  T H R E A D  ---------------

Current thread (0x00007f77e05a2000):  JavaThread "SwingWorker-pool-1-thread-13" [_thread_in_native, id=6409, stack(0x00007f77de0f2000,0x00007f77de1f3000)]

siginfo:si_signo=SIGSEGV: si_errno=0, si_code=1 (SEGV_MAPERR), si_addr=0x00007f78a3b3c228

Registers:
RAX=0x0000000067726f79, RBX=0x00007f77de1eed0f, RCX=0x00007f77de1eed0f, RDX=0x0000000067726f78
RSP=0x00007f77de1eebe0, RBP=0x0000000000000079, RSI=0x0000000067726f78, RDI=0x00007f783c4120f8
R8 =0x000000000000006c, R9 =0x0000000000000000, R10=0x00007f783c4120f8, R11=0x00007f7844312f4a
R12=0x00007f783c4152b0, R13=0x00007f77de1eefd8, R14=0x00007f77de1ef0dc, R15=0x00007f77de1ef0d8
RIP=0x00007f77f8e949ea, EFLAGS=0x0000000000010202, CSGSFS=0x0000000000000033, ERR=0x0000000000000004
  TRAPNO=0x000000000000000e

Top of Stack: (sp=0x00007f77de1eebe0)
0x00007f77de1eebe0:   00007f77de1eec90 67726f78f8e81449
0x00007f77de1eebf0:   00007f783c4120f8 0000000000000002
0x00007f77de1eec00:   000000000000000c 00007f77f8e7f909
0x00007f77de1eec10:   00007f783c41206c 00007f77f90af590
0x00007f77de1eec20:   0000000000000007 00007f783c4120f8
0x00007f77de1eec30:   0000000067726f71 00007f77f90af7c0
0x00007f77de1eec40:   0000000000000010 00007f783c4120f8
0x00007f77de1eec50:   00007f77de1eec6c 00007f77f90af590
0x00007f77de1eec60:   0000000000000006 00007f783c4120f8
0x00007f77de1eec70:   000000000000000c 00007f77f90af600
0x00007f77de1eec80:   0000000000000000 0000007400000078
0x00007f77de1eec90:   000000000000006c 00007f77f90af590
0x00007f77de1eeca0:   0000000000000008 00007f783c4120f8
0x00007f77de1eecb0:   0000000067726f78 00007f77f90af6c0
0x00007f77de1eecc0:   0000000000000000 0000000000000074
0x00007f77de1eecd0:   00007f783c41206c 00007f783c4120f8
0x00007f77de1eece0:   00007f7700000052 00007f783c4120f8
0x00007f77de1eecf0:   0000000000000054 00007f77f90af800
0x00007f77de1eed00:   0000000000000018 0200000000000000
0x00007f77de1eed10:   00007f77de1eefd8 00007f783c4120f8
0x00007f77de1eed20:   0000000000000008 00007f77f8e8034e
0x00007f77de1eed30:   00007f77de1eed6c 00007f77de1eed60
0x00007f77de1eed40:   00007f77b0002d60 00007f77de1eede0
0x00007f77de1eed50:   0000000000000000 00007f77f8e8434e
0x00007f77de1eed60:   0000000000000073 00007f77f8e83c94
0x00007f77de1eed70:   00007f77faa20e32 00007f77de1eede0
0x00007f77de1eed80:   0000000000000073 0000000000000000
0x00007f77de1eed90:   00007f77de1eefd8 00007f77f8e86060
0x00007f77de1eeda0:   00007f77de1eede0 0000000000000000
0x00007f77de1eedb0:   00007f77de1eeec8 0000000000000073
0x00007f77de1eedc0:   0000000000000000 00007f77de1ef0d0
0x00007f77de1eedd0:   00007f77de1ef0dc 00007f77f8e866b7 

Instructions: (pc=0x00007f77f8e949ea)
0x00007f77f8e949ca:   20 48 83 c4 28 c3 48 8d 15 01 df 00 00 48 63 04
0x00007f77f8e949da:   82 48 01 c2 ff e2 8b 44 24 0c 48 63 d0 83 c0 01
0x00007f77f8e949ea:   41 0f b6 14 14 89 44 24 0c 88 11 eb b9 66 0f 1f
0x00007f77f8e949fa:   84 00 00 00 00 00 8b 44 24 0c 83 c0 03 83 e0 fc 

Register to memory mapping:

RAX=0x0000000067726f79 is an unknown value
RBX=0x00007f77de1eed0f is pointing into the stack for thread: 0x00007f77e05a2000
RCX=0x00007f77de1eed0f is pointing into the stack for thread: 0x00007f77e05a2000
RDX=0x0000000067726f78 is an unknown value
RSP=0x00007f77de1eebe0 is pointing into the stack for thread: 0x00007f77e05a2000
RBP=0x0000000000000079 is an unknown value
RSI=0x0000000067726f78 is an unknown value
RDI=0x00007f783c4120f8 is an unknown value
R8 =0x000000000000006c is an unknown value
R9 =0x0000000000000000 is an unknown value
R10=0x00007f783c4120f8 is an unknown value
R11=0x00007f7844312f4a: <offset 0x8bf4a> in /lib/x86_64-linux-gnu/libc.so.6 at 0x00007f7844287000
R12=0x00007f783c4152b0 is an unknown value
R13=0x00007f77de1eefd8 is pointing into the stack for thread: 0x00007f77e05a2000
R14=0x00007f77de1ef0dc is pointing into the stack for thread: 0x00007f77e05a2000
R15=0x00007f77de1ef0d8 is pointing into the stack for thread: 0x00007f77e05a2000


Stack: [0x00007f77de0f2000,0x00007f77de1f3000],  sp=0x00007f77de1eebe0,  free space=1010k
Native frames: (J=compiled Java code, j=interpreted, Vv=VM code, C=native code)
C  [libdbus-1.so.3+0x279ea]  dbus_watch_handle+0x2bea

Java frames: (J=compiled Java code, j=interpreted, Vv=VM code)
j  sun.net.spi.DefaultProxySelector.getSystemProxy(Ljava/lang/String;Ljava/lang/String;)Ljava/net/Proxy;+0
j  sun.net.spi.DefaultProxySelector.access$100(Lsun/net/spi/DefaultProxySelector;Ljava/lang/String;Ljava/lang/String;)Ljava/net/Proxy;+3
j  sun.net.spi.DefaultProxySelector$2.run()Ljava/lang/Object;+151
v  ~StubRoutines::call_stub
j  java.security.AccessController.doPrivileged(Ljava/security/PrivilegedAction;)Ljava/lang/Object;+0
j  sun.net.spi.DefaultProxySelector.select(Ljava/net/URI;)Ljava/util/List;+273
j  java.net.SocksSocketImpl.connect(Ljava/net/SocketAddress;I)V+260
j  java.net.Socket.connect(Ljava/net/SocketAddress;I)V+179
j  java.net.Socket.connect(Ljava/net/SocketAddress;)V+3
j  sun.net.NetworkClient.doConnect(Ljava/lang/String;I)Ljava/net/Socket;+140
j  sun.net.www.http.HttpClient.openServer(Ljava/lang/String;I)V+4
j  sun.net.www.http.HttpClient.openServer()V+157
j  sun.net.www.http.HttpClient.<init>(Ljava/net/URL;Ljava/net/Proxy;I)V+125
j  sun.net.www.http.HttpClient.New(Ljava/net/URL;Ljava/net/Proxy;IZ)Lsun/net/www/http/HttpClient;+148
j  sun.net.www.http.HttpClient.New(Ljava/net/URL;Ljava/net/Proxy;I)Lsun/net/www/http/HttpClient;+4
j  sun.net.www.protocol.http.HttpURLConnection.getNewHttpClient(Ljava/net/URL;Ljava/net/Proxy;I)Lsun/net/www/http/HttpClient;+3
j  sun.net.www.protocol.http.HttpURLConnection.plainConnect()V+236
j  sun.net.www.protocol.http.HttpURLConnection.connect()V+1
j  sun.net.www.protocol.http.HttpURLConnection.getInputStream()Ljava/io/InputStream;+187
j  sun.net.www.protocol.http.HttpURLConnection.getHeaderField(Ljava/lang/String;)Ljava/lang/String;+1
j  java.net.URLConnection.getContentType()Ljava/lang/String;+3
j  fr.free.movierenamer.utils.URIRequest.getReader(Ljava/net/URLConnection;)Ljava/io/Reader;+1
j  fr.free.movierenamer.utils.URIRequest.getXmlDocument(Ljava/net/URLConnection;)Lorg/w3c/dom/Document;+5
j  fr.free.movierenamer.utils.URIRequest.getXmlDocument(Ljava/net/URI;[Lfr/free/movierenamer/utils/URIRequest$RequestProperty;)Lorg/w3c/dom/Document;+5
j  fr.free.movierenamer.scrapper.impl.TMDbScrapper.fetchImagesInfo(Lfr/free/movierenamer/searchinfo/Movie;Ljava/util/Locale;)Ljava/util/List;+66
j  fr.free.movierenamer.scrapper.impl.TMDbScrapper.fetchImagesInfo(Lfr/free/movierenamer/searchinfo/Media;Ljava/util/Locale;)Ljava/util/List;+6
j  fr.free.movierenamer.scrapper.MediaScrapper.getImages(Lfr/free/movierenamer/searchinfo/Media;Ljava/util/Locale;)Ljava/util/List;+80
j  fr.free.movierenamer.scrapper.MediaScrapper.getImages(Lfr/free/movierenamer/searchinfo/Media;)Ljava/util/List;+6
j  fr.free.movierenamer.ui.worker.SearchMediaImagesWorker.executeInBackground()Ljava/util/List;+39
j  fr.free.movierenamer.ui.worker.SearchMediaImagesWorker.executeInBackground()Ljava/lang/Object;+1
j  fr.free.movierenamer.ui.worker.AbstractWorker.doInBackground()Ljava/lang/Object;+3
j  javax.swing.SwingWorker$1.call()Ljava/lang/Object;+14
j  java.util.concurrent.FutureTask$Sync.innerRun()V+29
j  java.util.concurrent.FutureTask.run()V+4
j  javax.swing.SwingWorker.run()V+4
j  java.util.concurrent.ThreadPoolExecutor.runWorker(Ljava/util/concurrent/ThreadPoolExecutor$Worker;)V+46
j  java.util.concurrent.ThreadPoolExecutor$Worker.run()V+5
j  java.lang.Thread.run()V+11
v  ~StubRoutines::call_stub

---------------  P R O C E S S  ---------------

Java Threads: ( => current thread )
=>0x00007f77e05a2000 JavaThread "SwingWorker-pool-1-thread-13" [_thread_in_native, id=6409, stack(0x00007f77de0f2000,0x00007f77de1f3000)]
  0x00007f77e05a8800 JavaThread "SwingWorker-pool-1-thread-12" [_thread_in_native, id=6408, stack(0x00007f77ddbed000,0x00007f77ddcee000)]
  0x00007f77e02f6000 JavaThread "Image Fetcher 0" daemon [_thread_blocked, id=6401, stack(0x00007f77ddcee000,0x00007f77dddef000)]
  0x00007f77d4101800 JavaThread "medium.data" [_thread_blocked, id=6370, stack(0x00007f77de4f6000,0x00007f77de5f7000)]
  0x00007f77d406b000 JavaThread "short.data" [_thread_blocked, id=6369, stack(0x00007f77de5f7000,0x00007f77de6f8000)]
  0x00007f77d4072800 JavaThread "long.data" [_thread_blocked, id=6368, stack(0x00007f77f8094000,0x00007f77f8195000)]
  0x00007f77d4096800 JavaThread "net.sf.ehcache.CacheManager@7d38847d" daemon [_thread_blocked, id=6367, stack(0x00007f77df3b0000,0x00007f77df4b1000)]
  0x00007f77e00cd000 JavaThread "TimerQueue" daemon [_thread_blocked, id=6327, stack(0x00007f77df8bd000,0x00007f77df9be000)]
  0x00007f783c008000 JavaThread "DestroyJavaVM" [_thread_blocked, id=6302, stack(0x00007f7844d67000,0x00007f7844e68000)]
  0x00007f783c2e3800 JavaThread "Image Animator 3" daemon [_thread_blocked, id=6323, stack(0x00007f77f993f000,0x00007f77f9a40000)]
  0x00007f783c2d4000 JavaThread "AWT-EventQueue-0" [_thread_blocked, id=6322, stack(0x00007f77f9a40000,0x00007f77f9b41000)]
  0x00007f783c2d2800 JavaThread "AWT-Shutdown" [_thread_blocked, id=6321, stack(0x00007f77f9b41000,0x00007f77f9c42000)]
  0x00007f783c2d2000 JavaThread "AWT-XAWT" daemon [_thread_in_native, id=6320, stack(0x00007f77f9f39000,0x00007f77fa03a000)]
  0x00007f783c1da000 JavaThread "Java2D Disposer" daemon [_thread_blocked, id=6319, stack(0x00007f7838009000,0x00007f783810a000)]
  0x00007f783c0a6000 JavaThread "Low Memory Detector" daemon [_thread_blocked, id=6317, stack(0x00007f7838518000,0x00007f7838619000)]
  0x00007f783c0a3800 JavaThread "C2 CompilerThread1" daemon [_thread_blocked, id=6316, stack(0x00007f7838619000,0x00007f783871a000)]
  0x00007f783c0a0800 JavaThread "C2 CompilerThread0" daemon [_thread_blocked, id=6315, stack(0x00007f783871a000,0x00007f783881b000)]
  0x00007f783c09f800 JavaThread "Signal Dispatcher" daemon [_thread_blocked, id=6314, stack(0x00007f783881b000,0x00007f783891c000)]
  0x00007f783c080000 JavaThread "Finalizer" daemon [_thread_blocked, id=6313, stack(0x00007f784008a000,0x00007f784018b000)]
  0x00007f783c07e800 JavaThread "Reference Handler" daemon [_thread_blocked, id=6312, stack(0x00007f784018b000,0x00007f784028c000)]

Other Threads:
  0x00007f783c077800 VMThread [stack: 0x00007f784028c000,0x00007f784038d000] [id=6311]
  0x00007f783c0b0800 WatcherThread [stack: 0x00007f7838417000,0x00007f7838518000] [id=6318]

VM state:not at safepoint (normal execution)

VM Mutex/Monitor currently owned by a thread: None

Heap
 PSYoungGen      total 32768K, used 2230K [0x00000000e1000000, 0x00000000e3c80000, 0x0000000100000000)
  eden space 20480K, 6% used [0x00000000e1000000,0x00000000e1159a08,0x00000000e2400000)
  from space 12288K, 6% used [0x00000000e3070000,0x00000000e3144040,0x00000000e3c70000)
  to   space 12544K, 0% used [0x00000000e2400000,0x00000000e2400000,0x00000000e3040000)
 PSOldGen        total 63488K, used 20365K [0x00000000a3000000, 0x00000000a6e00000, 0x00000000e1000000)
  object space 63488K, 32% used [0x00000000a3000000,0x00000000a43e3578,0x00000000a6e00000)
 PSPermGen       total 32960K, used 32786K [0x0000000098a00000, 0x000000009aa30000, 0x00000000a3000000)
  object space 32960K, 99% used [0x0000000098a00000,0x000000009aa048f0,0x000000009aa30000)

Code Cache  [0x00007f7839000000, 0x00007f7839270000, 0x00007f783c000000)
 total_blobs=1048 nmethods=473 adapters=528 free_code_cache=48648384 largest_free_block=6016

Dynamic libraries:
00400000-00409000 r-xp 00000000 08:71 1444639                            /usr/lib/jvm/java-6-openjdk-amd64/jre/bin/java
00608000-00609000 r--p 00008000 08:71 1444639                            /usr/lib/jvm/java-6-openjdk-amd64/jre/bin/java
00609000-0060a000 rw-p 00009000 08:71 1444639                            /usr/lib/jvm/java-6-openjdk-amd64/jre/bin/java
0161b000-0163c000 rw-p 00000000 00:00 0                                  [heap]
98a00000-9aa30000 rw-p 00000000 00:00 0 
9aa30000-a3000000 rw-p 00000000 00:00 0 
a3000000-a6e00000 rw-p 00000000 00:00 0 
a6e00000-e1000000 rw-p 00000000 00:00 0 
e1000000-e3c80000 rw-p 00000000 00:00 0 
e3c80000-e3ed0000 ---p 00000000 00:00 0 
e3ed0000-100000000 rw-p 00000000 00:00 0 
7f77a0000000-7f77a00cb000 rw-p 00000000 00:00 0 
7f77a00cb000-7f77a4000000 ---p 00000000 00:00 0 
7f77a4000000-7f77a4021000 rw-p 00000000 00:00 0 
7f77a4021000-7f77a8000000 ---p 00000000 00:00 0 
7f77a8000000-7f77a8021000 rw-p 00000000 00:00 0 
7f77a8021000-7f77ac000000 ---p 00000000 00:00 0 
7f77ac000000-7f77ac021000 rw-p 00000000 00:00 0 
7f77ac021000-7f77b0000000 ---p 00000000 00:00 0 
7f77b0000000-7f77b0021000 rw-p 00000000 00:00 0 
7f77b0021000-7f77b4000000 ---p 00000000 00:00 0 
7f77b4000000-7f77b4021000 rw-p 00000000 00:00 0 
7f77b4021000-7f77b8000000 ---p 00000000 00:00 0 
7f77b8000000-7f77b8021000 rw-p 00000000 00:00 0 
7f77b8021000-7f77bc000000 ---p 00000000 00:00 0 
7f77bc000000-7f77bc021000 rw-p 00000000 00:00 0 
7f77bc021000-7f77c0000000 ---p 00000000 00:00 0 
7f77c0000000-7f77c0021000 rw-p 00000000 00:00 0 
7f77c0021000-7f77c4000000 ---p 00000000 00:00 0 
7f77c4000000-7f77c4021000 rw-p 00000000 00:00 0 
7f77c4021000-7f77c8000000 ---p 00000000 00:00 0 
7f77c8000000-7f77c8021000 rw-p 00000000 00:00 0 
7f77c8021000-7f77cc000000 ---p 00000000 00:00 0 
7f77cc000000-7f77cc021000 rw-p 00000000 00:00 0 
7f77cc021000-7f77d0000000 ---p 00000000 00:00 0 
7f77d0000000-7f77d0021000 rw-p 00000000 00:00 0 
7f77d0021000-7f77d4000000 ---p 00000000 00:00 0 
7f77d4000000-7f77d411b000 rw-p 00000000 00:00 0 
7f77d411b000-7f77d8000000 ---p 00000000 00:00 0 
7f77d8000000-7f77d8021000 rw-p 00000000 00:00 0 
7f77d8021000-7f77dc000000 ---p 00000000 00:00 0 
7f77dd7e2000-7f77dd7e9000 r-xp 00000000 08:71 545317                     /lib/x86_64-linux-gnu/libnss_dns-2.15.so
7f77dd7e9000-7f77dd9e8000 ---p 00007000 08:71 545317                     /lib/x86_64-linux-gnu/libnss_dns-2.15.so
7f77dd9e8000-7f77dd9e9000 r--p 00006000 08:71 545317                     /lib/x86_64-linux-gnu/libnss_dns-2.15.so
7f77dd9e9000-7f77dd9ea000 rw-p 00007000 08:71 545317                     /lib/x86_64-linux-gnu/libnss_dns-2.15.so
7f77dd9ea000-7f77dd9ec000 r-xp 00000000 08:71 522293                     /lib/libnss_mdns4_minimal.so.2
7f77dd9ec000-7f77ddbeb000 ---p 00002000 08:71 522293                     /lib/libnss_mdns4_minimal.so.2
7f77ddbeb000-7f77ddbec000 r--p 00001000 08:71 522293                     /lib/libnss_mdns4_minimal.so.2
7f77ddbec000-7f77ddbed000 rw-p 00002000 08:71 522293                     /lib/libnss_mdns4_minimal.so.2
7f77ddbed000-7f77ddbf0000 ---p 00000000 00:00 0 
7f77ddbf0000-7f77ddcee000 rw-p 00000000 00:00 0 
7f77ddcee000-7f77ddcf1000 ---p 00000000 00:00 0 
7f77ddcf1000-7f77dddef000 rw-p 00000000 00:00 0 
7f77dddef000-7f77dddf2000 ---p 00000000 00:00 0 
7f77dddf2000-7f77ddef0000 rw-p 00000000 00:00 0 
7f77ddef0000-7f77ddef3000 ---p 00000000 00:00 0 
7f77ddef3000-7f77ddff1000 rw-p 00000000 00:00 0 
7f77ddff1000-7f77ddff4000 ---p 00000000 00:00 0 
7f77ddff4000-7f77de0f2000 rw-p 00000000 00:00 0 
7f77de0f2000-7f77de0f5000 ---p 00000000 00:00 0 
7f77de0f5000-7f77de1f3000 rw-p 00000000 00:00 0 
7f77de1f3000-7f77de1f6000 ---p 00000000 00:00 0 
7f77de1f6000-7f77de2f4000 rw-p 00000000 00:00 0 
7f77de2f4000-7f77de2f7000 ---p 00000000 00:00 0 
7f77de2f7000-7f77de3f5000 rw-p 00000000 00:00 0 
7f77de3f5000-7f77de3f8000 ---p 00000000 00:00 0 
7f77de3f8000-7f77de4f6000 rw-p 00000000 00:00 0 
7f77de4f6000-7f77de4f9000 ---p 00000000 00:00 0 
7f77de4f9000-7f77de5f7000 rw-p 00000000 00:00 0 
7f77de5f7000-7f77de5fa000 ---p 00000000 00:00 0 
7f77de5fa000-7f77de6f8000 rw-p 00000000 00:00 0 
7f77de6f8000-7f77de70c000 r-xp 00000000 08:71 1479049                    /usr/lib/libtinyxml.so.2.6.2
7f77de70c000-7f77de90b000 ---p 00014000 08:71 1479049                    /usr/lib/libtinyxml.so.2.6.2
7f77de90b000-7f77de90c000 r--p 00013000 08:71 1479049                    /usr/lib/libtinyxml.so.2.6.2
7f77de90c000-7f77de90d000 rw-p 00014000 08:71 1479049                    /usr/lib/libtinyxml.so.2.6.2
7f77de90d000-7f77ded41000 r-xp 00000000 08:71 1479052                    /usr/lib/x86_64-linux-gnu/libmediainfo.so.0.0.0
7f77ded41000-7f77def41000 ---p 00434000 08:71 1479052                    /usr/lib/x86_64-linux-gnu/libmediainfo.so.0.0.0
7f77def41000-7f77def4b000 r--p 00434000 08:71 1479052                    /usr/lib/x86_64-linux-gnu/libmediainfo.so.0.0.0
7f77def4b000-7f77def52000 rw-p 0043e000 08:71 1479052                    /usr/lib/x86_64-linux-gnu/libmediainfo.so.0.0.0
7f77def52000-7f77def53000 rw-p 00000000 00:00 0 
7f77def53000-7f77def95000 r-xp 00000000 08:71 1479050                    /usr/lib/x86_64-linux-gnu/libzen.so.0.0.0
7f77def95000-7f77df195000 ---p 00042000 08:71 1479050                    /usr/lib/x86_64-linux-gnu/libzen.so.0.0.0
7f77df195000-7f77df196000 r--p 00042000 08:71 1479050                    /usr/lib/x86_64-linux-gnu/libzen.so.0.0.0
7f77df196000-7f77df197000 rw-p 00043000 08:71 1479050                    /usr/lib/x86_64-linux-gnu/libzen.so.0.0.0
7f77df197000-7f77df1ae000 r-xp 00000000 08:71 793294                     /tmp/jna-duffy/jna1529627024708219351.tmp (deleted)
7f77df1ae000-7f77df3ae000 ---p 00017000 08:71 793294                     /tmp/jna-duffy/jna1529627024708219351.tmp (deleted)
7f77df3ae000-7f77df3af000 r--p 00017000 08:71 793294                     /tmp/jna-duffy/jna1529627024708219351.tmp (deleted)
7f77df3af000-7f77df3b0000 rw-p 00018000 08:71 793294                     /tmp/jna-duffy/jna1529627024708219351.tmp (deleted)
7f77df3b0000-7f77df3b3000 ---p 00000000 00:00 0 
7f77df3b3000-7f77df4b1000 rw-p 00000000 00:00 0 
7f77df4b1000-7f77df4b4000 ---p 00000000 00:00 0 
7f77df4b4000-7f77df5b2000 rw-p 00000000 00:00 0 
7f77df5b2000-7f77df8bd000 rw-s 00000000 00:04 79331341                   /SYSV00000000 (deleted)
7f77df8bd000-7f77df8c0000 ---p 00000000 00:00 0 
7f77df8c0000-7f77df9be000 rw-p 00000000 00:00 0 
7f77df9be000-7f77df9c4000 r-xp 00000000 08:71 1444625                    /usr/lib/jvm/java-6-openjdk-amd64/jre/lib/amd64/libmanagement.so
7f77df9c4000-7f77dfbc3000 ---p 00006000 08:71 1444625                    /usr/lib/jvm/java-6-openjdk-amd64/jre/lib/amd64/libmanagement.so
7f77dfbc3000-7f77dfbc4000 r--p 00005000 08:71 1444625                    /usr/lib/jvm/java-6-openjdk-amd64/jre/lib/amd64/libmanagement.so
7f77dfbc4000-7f77dfbc5000 rw-p 00006000 08:71 1444625                    /usr/lib/jvm/java-6-openjdk-amd64/jre/lib/amd64/libmanagement.so
7f77dfbc5000-7f77dfbdd000 r-xp 00000000 08:71 545303                     /lib/x86_64-linux-gnu/libresolv-2.15.so
7f77dfbdd000-7f77dfddd000 ---p 00018000 08:71 545303                     /lib/x86_64-linux-gnu/libresolv-2.15.so
7f77dfddd000-7f77dfdde000 r--p 00018000 08:71 545303                     /lib/x86_64-linux-gnu/libresolv-2.15.so
7f77dfdde000-7f77dfddf000 rw-p 00019000 08:71 545303                     /lib/x86_64-linux-gnu/libresolv-2.15.so
7f77dfddf000-7f77dfde1000 rw-p 00000000 00:00 0 
7f77dfde1000-7f77dfdfe000 r-xp 00000000 08:71 526387                     /lib/x86_64-linux-gnu/libselinux.so.1
7f77dfdfe000-7f77dfffd000 ---p 0001d000 08:71 526387                     /lib/x86_64-linux-gnu/libselinux.so.1
7f77dfffd000-7f77dfffe000 r--p 0001c000 08:71 526387                     /lib/x86_64-linux-gnu/libselinux.so.1
7f77dfffe000-7f77dffff000 rw-p 0001d000 08:71 526387                     /lib/x86_64-linux-gnu/libselinux.so.1
7f77dffff000-7f77e0000000 rw-p 00000000 00:00 0 
7f77e0000000-7f77e05fb000 rw-p 00000000 00:00 0 
7f77e05fb000-7f77e4000000 ---p 00000000 00:00 0 
7f77e4000000-7f77e4231000 rw-p 00000000 00:00 0 
7f77e4231000-7f77e8000000 ---p 00000000 00:00 0 
7f77e8000000-7f77e8021000 rw-p 00000000 00:00 0 
7f77e8021000-7f77ec000000 ---p 00000000 00:00 0 
7f77ec000000-7f77ec021000 rw-p 00000000 00:00 0 
7f77ec021000-7f77f0000000 ---p 00000000 00:00 0 
7f77f0000000-7f77f0021000 rw-p 00000000 00:00 0 
7f77f0021000-7f77f4000000 ---p 00000000 00:00 0 
7f77f4000000-7f77f4021000 rw-p 00000000 00:00 0 
7f77f4021000-7f77f8000000 ---p 00000000 00:00 0 
7f77f8094000-7f77f8097000 ---p 00000000 00:00 0 
7f77f8097000-7f77f8195000 rw-p 00000000 00:00 0 
7f77f8195000-7f77f81d1000 r-xp 00000000 08:71 526372                     /lib/x86_64-linux-gnu/libpcre.so.3.12.1
7f77f81d1000-7f77f83d0000 ---p 0003c000 08:71 526372                     /lib/x86_64-linux-gnu/libpcre.so.3.12.1
7f77f83d0000-7f77f83d1000 r--p 0003b000 08:71 526372                     /lib/x86_64-linux-gnu/libpcre.so.3.12.1
7f77f83d1000-7f77f83d2000 rw-p 0003c000 08:71 526372                     /lib/x86_64-linux-gnu/libpcre.so.3.12.1
7f77f83d2000-7f77f83d9000 r-xp 00000000 08:71 1445254                    /usr/lib/x86_64-linux-gnu/libffi.so.6.0.0
7f77f83d9000-7f77f85d8000 ---p 00007000 08:71 1445254                    /usr/lib/x86_64-linux-gnu/libffi.so.6.0.0
7f77f85d8000-7f77f85d9000 r--p 00006000 08:71 1445254                    /usr/lib/x86_64-linux-gnu/libffi.so.6.0.0
7f77f85d9000-7f77f85da000 rw-p 00007000 08:71 1445254                    /usr/lib/x86_64-linux-gnu/libffi.so.6.0.0
7f77f85da000-7f77f8722000 r-xp 00000000 08:71 1438792                    /usr/lib/x86_64-linux-gnu/libgio-2.0.so.0.3200.3
7f77f8722000-7f77f8921000 ---p 00148000 08:71 1438792                    /usr/lib/x86_64-linux-gnu/libgio-2.0.so.0.3200.3
7f77f8921000-7f77f8925000 r--p 00147000 08:71 1438792                    /usr/lib/x86_64-linux-gnu/libgio-2.0.so.0.3200.3
7f77f8925000-7f77f8927000 rw-p 0014b000 08:71 1438792                    /usr/lib/x86_64-linux-gnu/libgio-2.0.so.0.3200.3
7f77f8927000-7f77f8929000 rw-p 00000000 00:00 0 
7f77f8929000-7f77f8a1b000 r-xp 00000000 08:71 526197                     /lib/x86_64-linux-gnu/libglib-2.0.so.0.3200.3
7f77f8a1b000-7f77f8c1b000 ---p 000f2000 08:71 526197                     /lib/x86_64-linux-gnu/libglib-2.0.so.0.3200.3
7f77f8c1b000-7f77f8c1c000 r--p 000f2000 08:71 526197                     /lib/x86_64-linux-gnu/libglib-2.0.so.0.3200.3
7f77f8c1c000-7f77f8c1d000 rw-p 000f3000 08:71 526197                     /lib/x86_64-linux-gnu/libglib-2.0.so.0.3200.3
7f77f8c1d000-7f77f8c1e000 rw-p 00000000 00:00 0 
7f77f8c1e000-7f77f8c6b000 r-xp 00000000 08:71 1438793                    /usr/lib/x86_64-linux-gnu/libgobject-2.0.so.0.3200.3
7f77f8c6b000-7f77f8e6b000 ---p 0004d000 08:71 1438793                    /usr/lib/x86_64-linux-gnu/libgobject-2.0.so.0.3200.3
7f77f8e6b000-7f77f8e6c000 r--p 0004d000 08:71 1438793                    /usr/lib/x86_64-linux-gnu/libgobject-2.0.so.0.3200.3
7f77f8e6c000-7f77f8e6d000 rw-p 0004e000 08:71 1438793                    /usr/lib/x86_64-linux-gnu/libgobject-2.0.so.0.3200.3
7f77f8e6d000-7f77f8eaf000 r-xp 00000000 08:71 532013                     /lib/x86_64-linux-gnu/libdbus-1.so.3.5.8
7f77f8eaf000-7f77f90af000 ---p 00042000 08:71 532013                     /lib/x86_64-linux-gnu/libdbus-1.so.3.5.8
7f77f90af000-7f77f90b0000 r--p 00042000 08:71 532013                     /lib/x86_64-linux-gnu/libdbus-1.so.3.5.8
7f77f90b0000-7f77f90b1000 rw-p 00043000 08:71 532013                     /lib/x86_64-linux-gnu/libdbus-1.so.3.5.8
7f77f90b1000-7f77f90d6000 r-xp 00000000 08:71 1445205                    /usr/lib/x86_64-linux-gnu/libdbus-glib-1.so.2.2.2
7f77f90d6000-7f77f92d6000 ---p 00025000 08:71 1445205                    /usr/lib/x86_64-linux-gnu/libdbus-glib-1.so.2.2.2
7f77f92d6000-7f77f92d7000 r--p 00025000 08:71 1445205                    /usr/lib/x86_64-linux-gnu/libdbus-glib-1.so.2.2.2
7f77f92d7000-7f77f92d8000 rw-p 00026000 08:71 1445205                    /usr/lib/x86_64-linux-gnu/libdbus-glib-1.so.2.2.2
7f77f92d8000-7f77f92db000 r-xp 00000000 08:71 1438791                    /usr/lib/x86_64-linux-gnu/libgmodule-2.0.so.0.3200.3
7f77f92db000-7f77f94da000 ---p 00003000 08:71 1438791                    /usr/lib/x86_64-linux-gnu/libgmodule-2.0.so.0.3200.3
7f77f94da000-7f77f94db000 r--p 00002000 08:71 1438791                    /usr/lib/x86_64-linux-gnu/libgmodule-2.0.so.0.3200.3
7f77f94db000-7f77f94dc000 rw-p 00003000 08:71 1438791                    /usr/lib/x86_64-linux-gnu/libgmodule-2.0.so.0.3200.3
7f77f94dc000-7f77f9509000 r-xp 00000000 08:71 1445269                    /usr/lib/x86_64-linux-gnu/libgconf-2.so.4.1.5
7f77f9509000-7f77f9708000 ---p 0002d000 08:71 1445269                    /usr/lib/x86_64-linux-gnu/libgconf-2.so.4.1.5
7f77f9708000-7f77f9709000 r--p 0002c000 08:71 1445269                    /usr/lib/x86_64-linux-gnu/libgconf-2.so.4.1.5
7f77f9709000-7f77f970a000 rw-p 0002d000 08:71 1445269                    /usr/lib/x86_64-linux-gnu/libgconf-2.so.4.1.5
7f77f970a000-7f77f973c000 r-xp 00000000 08:71 1443621                    /usr/lib/jvm/java-6-openjdk-amd64/jre/lib/amd64/liblcms.so
7f77f973c000-7f77f993b000 ---p 00032000 08:71 1443621                    /usr/lib/jvm/java-6-openjdk-amd64/jre/lib/amd64/liblcms.so
7f77f993b000-7f77f993c000 r--p 00031000 08:71 1443621                    /usr/lib/jvm/java-6-openjdk-amd64/jre/lib/amd64/liblcms.so
7f77f993c000-7f77f993d000 rw-p 00032000 08:71 1443621                    /usr/lib/jvm/java-6-openjdk-amd64/jre/lib/amd64/liblcms.so
7f77f993d000-7f77f993f000 rw-p 00000000 00:00 0 
7f77f993f000-7f77f9942000 ---p 00000000 00:00 0 
7f77f9942000-7f77f9a40000 rw-p 00000000 00:00 0 
7f77f9a40000-7f77f9a43000 ---p 00000000 00:00 0 
7f77f9a43000-7f77f9b41000 rw-p 00000000 00:00 0 
7f77f9b41000-7f77f9b44000 ---p 00000000 00:00 0 
7f77f9b44000-7f77f9c42000 rw-p 00000000 00:00 0 
7f77f9c42000-7f77f9c47000 r-xp 00000000 08:71 1445054                    /usr/lib/x86_64-linux-gnu/libXfixes.so.3.1.0
7f77f9c47000-7f77f9e46000 ---p 00005000 08:71 1445054                    /usr/lib/x86_64-linux-gnu/libXfixes.so.3.1.0
7f77f9e46000-7f77f9e47000 r--p 00004000 08:71 1445054                    /usr/lib/x86_64-linux-gnu/libXfixes.so.3.1.0
7f77f9e47000-7f77f9e48000 rw-p 00005000 08:71 1445054                    /usr/lib/x86_64-linux-gnu/libXfixes.so.3.1.0
7f77f9e48000-7f77f9e49000 r--s 00000000 08:71 269331                     /var/cache/fontconfig/c05880de57d1f5e948fdfacc138775d9-le64.cache-3
7f77f9e49000-7f77f9e52000 r--s 00000000 08:71 269329                     /var/cache/fontconfig/945677eb7aeaf62f1d50efc3fb3ec7d8-le64.cache-3
7f77f9e52000-7f77f9e54000 r--s 00000000 08:71 269325                     /var/cache/fontconfig/99e8ed0e538f840c565b6ed5dad60d56-le64.cache-3
7f77f9e54000-7f77f9e5c000 r--s 00000000 08:71 282627                     /var/cache/fontconfig/a6d8cf8e4ec09cdbc8633c31745a07dd-le64.cache-3
7f77f9e5c000-7f77f9e60000 r--s 00000000 08:71 269323                     /var/cache/fontconfig/2cd17615ca594fa2959ae173292e504c-le64.cache-3
7f77f9e60000-7f77f9e61000 r--s 00000000 08:71 269321                     /var/cache/fontconfig/e7071f4a29fa870f4323321c154eba04-le64.cache-3
7f77f9e61000-7f77f9e62000 r--s 00000000 08:71 269319                     /var/cache/fontconfig/0d8c3b2ac0904cb8a57a757ad11a4a08-le64.cache-3
7f77f9e62000-7f77f9e68000 r--s 00000000 08:71 269317                     /var/cache/fontconfig/a755afe4a08bf5b97852ceb7400b47bc-le64.cache-3
7f77f9e68000-7f77f9e71000 r--s 00000000 08:71 269315                     /var/cache/fontconfig/6d41288fd70b0be22e8c3a91e032eec0-le64.cache-3
7f77f9e71000-7f77f9e81000 r--s 00000000 08:71 269313                     /var/cache/fontconfig/04aabc0a78ac019cf9454389977116d2-le64.cache-3
7f77f9e81000-7f77f9eaf000 r--s 00000000 08:71 284736                     /var/cache/fontconfig/365b55f210c0a22e9a19e35191240f32-le64.cache-3
7f77f9f39000-7f77f9f3c000 ---p 00000000 00:00 0 
7f77f9f3c000-7f77fa03a000 rw-p 00000000 00:00 0 
7f77fa03a000-7f77fa03b000 r--s 00000000 08:71 269331                     /var/cache/fontconfig/c05880de57d1f5e948fdfacc138775d9-le64.cache-3
7f77fa03b000-7f77fa044000 r--s 00000000 08:71 269329                     /var/cache/fontconfig/945677eb7aeaf62f1d50efc3fb3ec7d8-le64.cache-3
7f77fa044000-7f77fa046000 r--s 00000000 08:71 269325                     /var/cache/fontconfig/99e8ed0e538f840c565b6ed5dad60d56-le64.cache-3
7f77fa046000-7f77fa04e000 r--s 00000000 08:71 282627                     /var/cache/fontconfig/a6d8cf8e4ec09cdbc8633c31745a07dd-le64.cache-3
7f77fa04e000-7f77fa052000 r--s 00000000 08:71 269323                     /var/cache/fontconfig/2cd17615ca594fa2959ae173292e504c-le64.cache-3
7f77fa052000-7f77fa053000 r--s 00000000 08:71 269321                     /var/cache/fontconfig/e7071f4a29fa870f4323321c154eba04-le64.cache-3
7f77fa053000-7f77fa054000 r--s 00000000 08:71 269319                     /var/cache/fontconfig/0d8c3b2ac0904cb8a57a757ad11a4a08-le64.cache-3
7f77fa054000-7f77fa05a000 r--s 00000000 08:71 269317                     /var/cache/fontconfig/a755afe4a08bf5b97852ceb7400b47bc-le64.cache-3
7f77fa05a000-7f77fa063000 r--s 00000000 08:71 269315                     /var/cache/fontconfig/6d41288fd70b0be22e8c3a91e032eec0-le64.cache-3
7f77fa063000-7f77fa073000 r--s 00000000 08:71 269313                     /var/cache/fontconfig/04aabc0a78ac019cf9454389977116d2-le64.cache-3
7f77fa073000-7f77fa076000 r--s 00000000 08:71 269311                     /var/cache/fontconfig/385c0604a188198f04d133e54aba7fe7-le64.cache-3
7f77fa076000-7f77fa077000 r--s 00000000 08:71 269309                     /var/cache/fontconfig/4794a0821666d79190d59a36cb4f44b5-le64.cache-3
7f77fa077000-7f77fa07a000 r--s 00000000 08:71 269307                     /var/cache/fontconfig/8801497958630a81b71ace7c5f9b32a8-le64.cache-3
7f77fa07a000-7f77fa0a8000 r--s 00000000 08:71 284736                     /var/cache/fontconfig/365b55f210c0a22e9a19e35191240f32-le64.cache-3
7f77fa0a8000-7f77fa0ad000 r--s 00000000 08:71 269305                     /var/cache/fontconfig/3047814df9a2f067bd2d96a2b9c36e5a-le64.cache-3
7f77fa0ad000-7f77fa0ae000 r--s 00000000 08:71 269303                     /var/cache/fontconfig/56cf4f4769d0f4abc89a4895d7bd3ae1-le64.cache-3
7f77fa0ae000-7f77fa0af000 r--s 00000000 08:71 269301                     /var/cache/fontconfig/b9d506c9ac06c20b433354fa67a72993-le64.cache-3
7f77fa0af000-7f77fa0b4000 r--s 00000000 08:71 269299                     /var/cache/fontconfig/b47c4e1ecd0709278f4910c18777a504-le64.cache-3
7f77fa0b4000-7f77fa0bc000 r--s 00000000 08:71 282626                     /var/cache/fontconfig/52f7bdb7ce746bfd7eaa1985bd9cfa93-le64.cache-3
7f77fa0cb000-7f77fa0d4000 r-xp 00000000 08:71 1445044                    /usr/lib/x86_64-linux-gnu/libXcursor.so.1.0.2
7f77fa0d4000-7f77fa2d3000 ---p 00009000 08:71 1445044                    /usr/lib/x86_64-linux-gnu/libXcursor.so.1.0.2
7f77fa2d3000-7f77fa2d4000 r--p 00008000 08:71 1445044                    /usr/lib/x86_64-linux-gnu/libXcursor.so.1.0.2
7f77fa2d4000-7f77fa2d5000 rw-p 00009000 08:71 1445044                    /usr/lib/x86_64-linux-gnu/libXcursor.so.1.0.2
7f77fa2dd000-7f77fa2e4000 r--s 00000000 08:71 1700453                    /usr/lib/x86_64-linux-gnu/gconv/gconv-modules.cache
7f77fa2f4000-7f77fa304000 r--s 00000000 08:71 269297                     /var/cache/fontconfig/d52a8644073d54c13679302ca1180695-le64.cache-3
7f77fa304000-7f77fa30a000 r--s 00000000 08:71 269295                     /var/cache/fontconfig/3f7329c5293ffd510edef78f73874cfd-le64.cache-3
7f77fa30a000-7f77fa30d000 r--s 00000000 08:71 269274                     /var/cache/fontconfig/e13b20fdb08344e0e664864cc2ede53d-le64.cache-3
7f77fa30d000-7f77fa311000 r--s 00000000 08:71 284737                     /var/cache/fontconfig/7ef2298fde41cc6eeb7af42e48b7d293-le64.cache-3
7f77fa311000-7f77fa321000 r--s 00000000 08:71 269297                     /var/cache/fontconfig/d52a8644073d54c13679302ca1180695-le64.cache-3
7f77fa321000-7f77fa327000 r--s 00000000 08:71 269295                     /var/cache/fontconfig/3f7329c5293ffd510edef78f73874cfd-le64.cache-3
7f77fa327000-7f77fa32a000 r--s 00000000 08:71 269274                     /var/cache/fontconfig/e13b20fdb08344e0e664864cc2ede53d-le64.cache-3
7f77fa32a000-7f77fa32e000 r--s 00000000 08:71 284737                     /var/cache/fontconfig/7ef2298fde41cc6eeb7af42e48b7d293-le64.cache-3
7f77fa32e000-7f77fa3c4000 r-xp 00000000 08:71 1445262                    /usr/lib/x86_64-linux-gnu/libfreetype.so.6.8.0
7f77fa3c4000-7f77fa5c3000 ---p 00096000 08:71 1445262                    /usr/lib/x86_64-linux-gnu/libfreetype.so.6.8.0
7f77fa5c3000-7f77fa5c9000 r--p 00095000 08:71 1445262                    /usr/lib/x86_64-linux-gnu/libfreetype.so.6.8.0
7f77fa5c9000-7f77fa5ca000 rw-p 0009b000 08:71 1445262                    /usr/lib/x86_64-linux-gnu/libfreetype.so.6.8.0
7f77fa5ca000-7f77fa604000 r-xp 00000000 08:71 1444238                    /usr/lib/jvm/java-6-openjdk-amd64/jre/lib/amd64/libfontmanager.so
7f77fa604000-7f77fa803000 ---p 0003a000 08:71 1444238                    /usr/lib/jvm/java-6-openjdk-amd64/jre/lib/amd64/libfontmanager.so
7f77fa803000-7f77fa805000 r--p 00039000 08:71 1444238                    /usr/lib/jvm/java-6-openjdk-amd64/jre/lib/amd64/libfontmanager.so
7f77fa805000-7f77fa806000 rw-p 0003b000 08:71 1444238                    /usr/lib/jvm/java-6-openjdk-amd64/jre/lib/amd64/libfontmanager.so
7f77fa806000-7f77fa80e000 r-xp 00000000 08:71 1444612                    /usr/lib/jvm/java-6-openjdk-amd64/jre/lib/amd64/libnio.so
7f77fa80e000-7f77faa0d000 ---p 00008000 08:71 1444612                    /usr/lib/jvm/java-6-openjdk-amd64/jre/lib/amd64/libnio.so
7f77faa0d000-7f77faa0e000 r--p 00007000 08:71 1444612                    /usr/lib/jvm/java-6-openjdk-amd64/jre/lib/amd64/libnio.so
7f77faa0e000-7f77faa0f000 rw-p 00008000 08:71 1444612                    /usr/lib/jvm/java-6-openjdk-amd64/jre/lib/amd64/libnio.so
7f77faa0f000-7f77faa24000 r-xp 00000000 08:71 1444613                    /usr/lib/jvm/java-6-openjdk-amd64/jre/lib/amd64/libnet.so
7f77faa24000-7f77fac23000 ---p 00015000 08:71 1444613                    /usr/lib/jvm/java-6-openjdk-amd64/jre/lib/amd64/libnet.so
7f77fac23000-7f77fac24000 r--p 00014000 08:71 1444613                    /usr/lib/jvm/java-6-openjdk-amd64/jre/lib/amd64/libnet.so
7f77fac24000-7f77fac25000 rw-p 00015000 08:71 1444613                    /usr/lib/jvm/java-6-openjdk-amd64/jre/lib/amd64/libnet.so
7f77fac25000-7f77fac2a000 r-xp 00000000 08:71 1445050                    /usr/lib/x86_64-linux-gnu/libXdmcp.so.6.0.0
7f77fac2a000-7f77fae29000 ---p 00005000 08:71 1445050                    /usr/lib/x86_64-linux-gnu/libXdmcp.so.6.0.0
7f77fae29000-7f77fae2a000 r--p 00004000 08:71 1445050                    /usr/lib/x86_64-linux-gnu/libXdmcp.so.6.0.0
7f77fae2a000-7f77fae2b000 rw-p 00005000 08:71 1445050                    /usr/lib/x86_64-linux-gnu/libXdmcp.so.6.0.0
7f77fae2b000-7f77fae2d000 r-xp 00000000 08:71 1445037                    /usr/lib/x86_64-linux-gnu/libXau.so.6.0.0
7f77fae2d000-7f77fb02c000 ---p 00002000 08:71 1445037                    /usr/lib/x86_64-linux-gnu/libXau.so.6.0.0
7f77fb02c000-7f77fb02d000 r--p 00001000 08:71 1445037                    /usr/lib/x86_64-linux-gnu/libXau.so.6.0.0
7f77fb02d000-7f77fb02e000 rw-p 00002000 08:71 1445037                    /usr/lib/x86_64-linux-gnu/libXau.so.6.0.0
7f77fb02e000-7f77fb04b000 r-xp 00000000 08:71 1438817                    /usr/lib/x86_64-linux-gnu/libxcb.so.1.1.0
7f77fb04b000-7f77fb24a000 ---p 0001d000 08:71 1438817                    /usr/lib/x86_64-linux-gnu/libxcb.so.1.1.0
7f77fb24a000-7f77fb24b000 r--p 0001c000 08:71 1438817                    /usr/lib/x86_64-linux-gnu/libxcb.so.1.1.0
7f77fb24b000-7f77fb24c000 rw-p 0001d000 08:71 1438817                    /usr/lib/x86_64-linux-gnu/libxcb.so.1.1.0
7f77fb24c000-7f77fb25a000 r-xp 00000000 08:71 1445058                    /usr/lib/x86_64-linux-gnu/libXi.so.6.1.0
7f77fb25a000-7f77fb459000 ---p 0000e000 08:71 1445058                    /usr/lib/x86_64-linux-gnu/libXi.so.6.1.0
7f77fb459000-7f77fb45a000 r--p 0000d000 08:71 1445058                    /usr/lib/x86_64-linux-gnu/libXi.so.6.1.0
7f77fb45a000-7f77fb45b000 rw-p 0000e000 08:71 1445058                    /usr/lib/x86_64-linux-gnu/libXi.so.6.1.0
7f77fb45b000-7f77fb460000 r-xp 00000000 08:71 1445078                    /usr/lib/x86_64-linux-gnu/libXtst.so.6.1.0
7f77fb460000-7f77fb65f000 ---p 00005000 08:71 1445078                    /usr/lib/x86_64-linux-gnu/libXtst.so.6.1.0
7f77fb65f000-7f77fb660000 r--p 00004000 08:71 1445078                    /usr/lib/x86_64-linux-gnu/libXtst.so.6.1.0
7f77fb660000-7f77fb661000 rw-p 00005000 08:71 1445078                    /usr/lib/x86_64-linux-gnu/libXtst.so.6.1.0
7f77fb661000-7f77fb66a000 r-xp 00000000 08:71 1445072                    /usr/lib/x86_64-linux-gnu/libXrender.so.1.3.0
7f77fb66a000-7f77fb869000 ---p 00009000 08:71 1445072                    /usr/lib/x86_64-linux-gnu/libXrender.so.1.3.0
7f77fb869000-7f77fb86a000 r--p 00008000 08:71 1445072                    /usr/lib/x86_64-linux-gnu/libXrender.so.1.3.0
7f77fb86a000-7f77fb86b000 rw-p 00009000 08:71 1445072                    /usr/lib/x86_64-linux-gnu/libXrender.so.1.3.0
7f77fb86b000-7f77fb99a000 r-xp 00000000 08:71 1445033                    /usr/lib/x86_64-linux-gnu/libX11.so.6.3.0
7f77fb99a000-7f77fbb9a000 ---p 0012f000 08:71 1445033                    /usr/lib/x86_64-linux-gnu/libX11.so.6.3.0
7f77fbb9a000-7f77fbb9b000 r--p 0012f000 08:71 1445033                    /usr/lib/x86_64-linux-gnu/libX11.so.6.3.0
7f77fbb9b000-7f77fbb9f000 rw-p 00130000 08:71 1445033                    /usr/lib/x86_64-linux-gnu/libX11.so.6.3.0
7f77fbb9f000-7f77fbbaf000 r-xp 00000000 08:71 1445052                    /usr/lib/x86_64-linux-gnu/libXext.so.6.4.0
7f77fbbaf000-7f77fbdae000 ---p 00010000 08:71 1445052                    /usr/lib/x86_64-linux-gnu/libXext.so.6.4.0
7f77fbdae000-7f77fbdaf000 r--p 0000f000 08:71 1445052                    /usr/lib/x86_64-linux-gnu/libXext.so.6.4.0
7f77fbdaf000-7f77fbdb0000 rw-p 00010000 08:71 1445052                    /usr/lib/x86_64-linux-gnu/libXext.so.6.4.0
7f77fbdb0000-7f77fbdfb000 r-xp 00000000 08:71 1566906                    /usr/lib/jvm/java-6-openjdk-amd64/jre/lib/amd64/xawt/libmawt.so
7f77fbdfb000-7f77fbffb000 ---p 0004b000 08:71 1566906                    /usr/lib/jvm/java-6-openjdk-amd64/jre/lib/amd64/xawt/libmawt.so
7f77fbffb000-7f77fbffc000 r--p 0004b000 08:71 1566906                    /usr/lib/jvm/java-6-openjdk-amd64/jre/lib/amd64/xawt/libmawt.so
7f77fbffc000-7f77fbfff000 rw-p 0004c000 08:71 1566906                    /usr/lib/jvm/java-6-openjdk-amd64/jre/lib/amd64/xawt/libmawt.so
7f77fbfff000-7f77fc000000 rw-p 00000000 00:00 0 
7f77fc000000-7f77fccf3000 rw-p 00000000 00:00 0 
7f77fccf3000-7f7800000000 ---p 00000000 00:00 0 
7f7800000000-7f7800021000 rw-p 00000000 00:00 0 
7f7800021000-7f7804000000 ---p 00000000 00:00 0 
7f7804000000-7f7804021000 rw-p 00000000 00:00 0 
7f7804021000-7f7808000000 ---p 00000000 00:00 0 
7f7808000000-7f780a14d000 rw-p 00000000 00:00 0 
7f780a14d000-7f780c000000 ---p 00000000 00:00 0 
7f780c000000-7f780c021000 rw-p 00000000 00:00 0 
7f780c021000-7f7810000000 ---p 00000000 00:00 0 
7f7810000000-7f7810021000 rw-p 00000000 00:00 0 
7f7810021000-7f7814000000 ---p 00000000 00:00 0 
7f7814000000-7f7814021000 rw-p 00000000 00:00 0 
7f7814021000-7f7818000000 ---p 00000000 00:00 0 
7f7818000000-7f7818021000 rw-p 00000000 00:00 0 
7f7818021000-7f781c000000 ---p 00000000 00:00 0 
7f781c000000-7f781c021000 rw-p 00000000 00:00 0 
7f781c021000-7f7820000000 ---p 00000000 00:00 0 
7f7820000000-7f7820021000 rw-p 00000000 00:00 0 
7f7820021000-7f7824000000 ---p 00000000 00:00 0 
7f7824000000-7f7824021000 rw-p 00000000 00:00 0 
7f7824021000-7f7828000000 ---p 00000000 00:00 0 
7f7828000000-7f7828021000 rw-p 00000000 00:00 0 
7f7828021000-7f782c000000 ---p 00000000 00:00 0 
7f782c000000-7f782c021000 rw-p 00000000 00:00 0 
7f782c021000-7f7830000000 ---p 00000000 00:00 0 
7f7830000000-7f7830021000 rw-p 00000000 00:00 0 
7f7830021000-7f7834000000 ---p 00000000 00:00 0 
7f7834000000-7f7834021000 rw-p 00000000 00:00 0 
7f7834021000-7f7838000000 ---p 00000000 00:00 0 
7f7838002000-7f7838005000 r--s 00000000 08:71 269311                     /var/cache/fontconfig/385c0604a188198f04d133e54aba7fe7-le64.cache-3
7f7838005000-7f7838006000 r--s 00000000 08:71 269309                     /var/cache/fontconfig/4794a0821666d79190d59a36cb4f44b5-le64.cache-3
7f7838006000-7f7838009000 r--s 00000000 08:71 269307                     /var/cache/fontconfig/8801497958630a81b71ace7c5f9b32a8-le64.cache-3
7f7838009000-7f783800c000 ---p 00000000 00:00 0 
7f783800c000-7f783813b000 rw-p 00000000 00:00 0 
7f783813b000-7f78381e7000 r-xp 00000000 08:71 1444628                    /usr/lib/jvm/java-6-openjdk-amd64/jre/lib/amd64/libawt.so
7f78381e7000-7f78383e6000 ---p 000ac000 08:71 1444628                    /usr/lib/jvm/java-6-openjdk-amd64/jre/lib/amd64/libawt.so
7f78383e6000-7f78383e7000 r--p 000ab000 08:71 1444628                    /usr/lib/jvm/java-6-openjdk-amd64/jre/lib/amd64/libawt.so
7f78383e7000-7f78383f2000 rw-p 000ac000 08:71 1444628                    /usr/lib/jvm/java-6-openjdk-amd64/jre/lib/amd64/libawt.so
7f78383f2000-7f7838417000 rw-p 00000000 00:00 0 
7f7838417000-7f7838418000 ---p 00000000 00:00 0 
7f7838418000-7f7838518000 rw-p 00000000 00:00 0 
7f7838518000-7f783851b000 ---p 00000000 00:00 0 
7f783851b000-7f7838619000 rw-p 00000000 00:00 0 
7f7838619000-7f783861c000 ---p 00000000 00:00 0 
7f783861c000-7f783871a000 rw-p 00000000 00:00 0 
7f783871a000-7f783871d000 ---p 00000000 00:00 0 
7f783871d000-7f783881b000 rw-p 00000000 00:00 0 
7f783881b000-7f783881e000 ---p 00000000 00:00 0 
7f783881e000-7f783891c000 rw-p 00000000 00:00 0 
7f783891c000-7f7839000000 r--p 00000000 08:71 1443890                    /usr/lib/locale/locale-archive
7f7839000000-7f7839270000 rwxp 00000000 00:00 0 
7f7839270000-7f783c4bb000 rw-p 00000000 00:00 0 
7f783c4bb000-7f7840000000 ---p 00000000 00:00 0 
7f7840000000-7f7840005000 r--s 00000000 08:71 269305                     /var/cache/fontconfig/3047814df9a2f067bd2d96a2b9c36e5a-le64.cache-3
7f7840005000-7f7840006000 r--s 00000000 08:71 269303                     /var/cache/fontconfig/56cf4f4769d0f4abc89a4895d7bd3ae1-le64.cache-3
7f7840006000-7f7840007000 r--s 00000000 08:71 269301                     /var/cache/fontconfig/b9d506c9ac06c20b433354fa67a72993-le64.cache-3
7f7840007000-7f784000c000 r--s 00000000 08:71 269299                     /var/cache/fontconfig/b47c4e1ecd0709278f4910c18777a504-le64.cache-3
7f784000c000-7f7840014000 r--s 00000000 08:71 282626                     /var/cache/fontconfig/52f7bdb7ce746bfd7eaa1985bd9cfa93-le64.cache-3
7f7840014000-7f7840018000 r--s 0007d000 08:71 1567256                    /usr/lib/jvm/java-6-openjdk-common/jre/lib/jsse.jar
7f7840018000-7f784001f000 r--s 000fb000 08:71 1570124                    /usr/lib/jvm/java-6-openjdk-common/jre/lib/resources.jar
7f784001f000-7f7840020000 r--s 00000000 08:71 1374820                    /home/duffy/netbeans-7.2.1/java/modules/ext/AbsoluteLayout.jar
7f7840020000-7f7840032000 r--s 000bb000 08:71 1390454                    /home/duffy/movie-renamer/mr-ui/lib/glazedlists-1.8.0_java15.jar
7f7840032000-7f7840037000 r--s 00026000 08:71 1387621                    /home/duffy/movie-renamer/mr-core/lib/Mr-core.jar
7f7840037000-7f784006a000 r--s 00240000 08:71 1382780                    /home/duffy/movie-renamer/mr-ui/lib/WebLookAndFeel.jar
7f784006a000-7f784006e000 r--s 000a6000 08:71 1306195                    /home/duffy/movie-renamer/mr-ui/lib/jna.jar
7f784006e000-7f7840070000 r--s 0000a000 08:71 1306033                    /home/duffy/movie-renamer/mr-core/lib/xmlrpc.jar
7f7840070000-7f7840088000 r--s 00115000 08:71 1306032                    /home/duffy/movie-renamer/mr-core/lib/xercesImpl.jar
7f7840088000-7f784008a000 r--s 00005000 08:71 1383309                    /home/duffy/movie-renamer/mr-core/lib/slf4j.jar
7f784008a000-7f784008d000 ---p 00000000 00:00 0 
7f784008d000-7f784018b000 rw-p 00000000 00:00 0 
7f784018b000-7f784018e000 ---p 00000000 00:00 0 
7f784018e000-7f784028c000 rw-p 00000000 00:00 0 
7f784028c000-7f784028d000 ---p 00000000 00:00 0 
7f784028d000-7f7840cc9000 rw-p 00000000 00:00 0 
7f7840cc9000-7f7840e5b000 r--s 037c2000 08:71 1444633                    /usr/lib/jvm/java-6-openjdk-amd64/jre/lib/rt.jar
7f7840e5b000-7f7840e83000 rw-p 00000000 00:00 0 
7f7840e83000-7f7840e84000 ---p 00000000 00:00 0 
7f7840e84000-7f7840f84000 rw-p 00000000 00:00 0 
7f7840f84000-7f7840f85000 ---p 00000000 00:00 0 
7f7840f85000-7f7841085000 rw-p 00000000 00:00 0 
7f7841085000-7f7841086000 ---p 00000000 00:00 0 
7f7841086000-7f7841186000 rw-p 00000000 00:00 0 
7f7841186000-7f7841187000 ---p 00000000 00:00 0 
7f7841187000-7f7841287000 rw-p 00000000 00:00 0 
7f7841287000-7f7841288000 ---p 00000000 00:00 0 
7f7841288000-7f7841388000 rw-p 00000000 00:00 0 
7f7841388000-7f7841389000 ---p 00000000 00:00 0 
7f7841389000-7f7841489000 rw-p 00000000 00:00 0 
7f7841489000-7f784148a000 ---p 00000000 00:00 0 
7f784148a000-7f784158a000 rw-p 00000000 00:00 0 
7f784158a000-7f784158b000 ---p 00000000 00:00 0 
7f784158b000-7f784169c000 rw-p 00000000 00:00 0 
7f784169c000-7f78416de000 rw-p 00000000 00:00 0 
7f78416de000-7f78416fd000 rw-p 00000000 00:00 0 
7f78416fd000-7f78418ce000 rw-p 00000000 00:00 0 
7f78418ce000-7f78418df000 rw-p 00000000 00:00 0 
7f78418df000-7f7841921000 rw-p 00000000 00:00 0 
7f7841921000-7f7841940000 rw-p 00000000 00:00 0 
7f7841940000-7f7841b11000 rw-p 00000000 00:00 0 
7f7841b11000-7f7841b28000 rw-p 00000000 00:00 0 
7f7841b28000-7f7841b29000 ---p 00000000 00:00 0 
7f7841b29000-7f7841c09000 rw-p 00000000 00:00 0 
7f7841c09000-7f7841c0a000 rw-p 00000000 00:00 0 
7f7841c0a000-7f7841c11000 r-xp 00000000 08:71 1444622                    /usr/lib/jvm/java-6-openjdk-amd64/jre/lib/amd64/libzip.so
7f7841c11000-7f7841e10000 ---p 00007000 08:71 1444622                    /usr/lib/jvm/java-6-openjdk-amd64/jre/lib/amd64/libzip.so
7f7841e10000-7f7841e11000 r--p 00006000 08:71 1444622                    /usr/lib/jvm/java-6-openjdk-amd64/jre/lib/amd64/libzip.so
7f7841e11000-7f7841e12000 rw-p 00007000 08:71 1444622                    /usr/lib/jvm/java-6-openjdk-amd64/jre/lib/amd64/libzip.so
7f7841e12000-7f7841e1e000 r-xp 00000000 08:71 545308                     /lib/x86_64-linux-gnu/libnss_files-2.15.so
7f7841e1e000-7f784201d000 ---p 0000c000 08:71 545308                     /lib/x86_64-linux-gnu/libnss_files-2.15.so
7f784201d000-7f784201e000 r--p 0000b000 08:71 545308                     /lib/x86_64-linux-gnu/libnss_files-2.15.so
7f784201e000-7f784201f000 rw-p 0000c000 08:71 545308                     /lib/x86_64-linux-gnu/libnss_files-2.15.so
7f784201f000-7f7842029000 r-xp 00000000 08:71 545304                     /lib/x86_64-linux-gnu/libnss_nis-2.15.so
7f7842029000-7f7842229000 ---p 0000a000 08:71 545304                     /lib/x86_64-linux-gnu/libnss_nis-2.15.so
7f7842229000-7f784222a000 r--p 0000a000 08:71 545304                     /lib/x86_64-linux-gnu/libnss_nis-2.15.so
7f784222a000-7f784222b000 rw-p 0000b000 08:71 545304                     /lib/x86_64-linux-gnu/libnss_nis-2.15.so
7f784222b000-7f7842242000 r-xp 00000000 08:71 545320                     /lib/x86_64-linux-gnu/libnsl-2.15.so
7f7842242000-7f7842441000 ---p 00017000 08:71 545320                     /lib/x86_64-linux-gnu/libnsl-2.15.so
7f7842441000-7f7842442000 r--p 00016000 08:71 545320                     /lib/x86_64-linux-gnu/libnsl-2.15.so
7f7842442000-7f7842443000 rw-p 00017000 08:71 545320                     /lib/x86_64-linux-gnu/libnsl-2.15.so
7f7842443000-7f7842445000 rw-p 00000000 00:00 0 
7f7842445000-7f784244d000 r-xp 00000000 08:71 545309                     /lib/x86_64-linux-gnu/libnss_compat-2.15.so
7f784244d000-7f784264c000 ---p 00008000 08:71 545309                     /lib/x86_64-linux-gnu/libnss_compat-2.15.so
7f784264c000-7f784264d000 r--p 00007000 08:71 545309                     /lib/x86_64-linux-gnu/libnss_compat-2.15.so
7f784264d000-7f784264e000 rw-p 00008000 08:71 545309                     /lib/x86_64-linux-gnu/libnss_compat-2.15.so
7f784264e000-7f784267a000 r-xp 00000000 08:71 1443714                    /usr/lib/jvm/java-6-openjdk-amd64/jre/lib/amd64/libjava.so
7f784267a000-7f7842879000 ---p 0002c000 08:71 1443714                    /usr/lib/jvm/java-6-openjdk-amd64/jre/lib/amd64/libjava.so
7f7842879000-7f784287a000 r--p 0002b000 08:71 1443714                    /usr/lib/jvm/java-6-openjdk-amd64/jre/lib/amd64/libjava.so
7f784287a000-7f784287d000 rw-p 0002c000 08:71 1443714                    /usr/lib/jvm/java-6-openjdk-amd64/jre/lib/amd64/libjava.so
7f784287d000-7f784288b000 r-xp 00000000 08:71 1444615                    /usr/lib/jvm/java-6-openjdk-amd64/jre/lib/amd64/libverify.so
7f784288b000-7f7842a8a000 ---p 0000e000 08:71 1444615                    /usr/lib/jvm/java-6-openjdk-amd64/jre/lib/amd64/libverify.so
7f7842a8a000-7f7842a8c000 r--p 0000d000 08:71 1444615                    /usr/lib/jvm/java-6-openjdk-amd64/jre/lib/amd64/libverify.so
7f7842a8c000-7f7842a8d000 rw-p 0000f000 08:71 1444615                    /usr/lib/jvm/java-6-openjdk-amd64/jre/lib/amd64/libverify.so
7f7842a8d000-7f7842a94000 r-xp 00000000 08:71 545301                     /lib/x86_64-linux-gnu/librt-2.15.so
7f7842a94000-7f7842c93000 ---p 00007000 08:71 545301                     /lib/x86_64-linux-gnu/librt-2.15.so
7f7842c93000-7f7842c94000 r--p 00006000 08:71 545301                     /lib/x86_64-linux-gnu/librt-2.15.so
7f7842c94000-7f7842c95000 rw-p 00007000 08:71 545301                     /lib/x86_64-linux-gnu/librt-2.15.so
7f7842c95000-7f7842caa000 r-xp 00000000 08:71 526320                     /lib/x86_64-linux-gnu/libgcc_s.so.1
7f7842caa000-7f7842ea9000 ---p 00015000 08:71 526320                     /lib/x86_64-linux-gnu/libgcc_s.so.1
7f7842ea9000-7f7842eaa000 r--p 00014000 08:71 526320                     /lib/x86_64-linux-gnu/libgcc_s.so.1
7f7842eaa000-7f7842eab000 rw-p 00015000 08:71 526320                     /lib/x86_64-linux-gnu/libgcc_s.so.1
7f7842eab000-7f7842fa6000 r-xp 00000000 08:71 545306                     /lib/x86_64-linux-gnu/libm-2.15.so
7f7842fa6000-7f78431a5000 ---p 000fb000 08:71 545306                     /lib/x86_64-linux-gnu/libm-2.15.so
7f78431a5000-7f78431a6000 r--p 000fa000 08:71 545306                     /lib/x86_64-linux-gnu/libm-2.15.so
7f78431a6000-7f78431a7000 rw-p 000fb000 08:71 545306                     /lib/x86_64-linux-gnu/libm-2.15.so
7f78431a7000-7f7843289000 r-xp 00000000 08:71 1445619                    /usr/lib/x86_64-linux-gnu/libstdc++.so.6.0.16
7f7843289000-7f7843488000 ---p 000e2000 08:71 1445619                    /usr/lib/x86_64-linux-gnu/libstdc++.so.6.0.16
7f7843488000-7f7843490000 r--p 000e1000 08:71 1445619                    /usr/lib/x86_64-linux-gnu/libstdc++.so.6.0.16
7f7843490000-7f7843492000 rw-p 000e9000 08:71 1445619                    /usr/lib/x86_64-linux-gnu/libstdc++.so.6.0.16
7f7843492000-7f78434a7000 rw-p 00000000 00:00 0 
7f78434a7000-7f7843dac000 r-xp 00000000 08:71 1566993                    /usr/lib/jvm/java-6-openjdk-amd64/jre/lib/amd64/server/libjvm.so
7f7843dac000-7f7843fac000 ---p 00905000 08:71 1566993                    /usr/lib/jvm/java-6-openjdk-amd64/jre/lib/amd64/server/libjvm.so
7f7843fac000-7f784402c000 r--p 00905000 08:71 1566993                    /usr/lib/jvm/java-6-openjdk-amd64/jre/lib/amd64/server/libjvm.so
7f784402c000-7f7844047000 rw-p 00985000 08:71 1566993                    /usr/lib/jvm/java-6-openjdk-amd64/jre/lib/amd64/server/libjvm.so
7f7844047000-7f7844070000 rw-p 00000000 00:00 0 
7f7844070000-7f7844086000 r-xp 00000000 08:71 526410                     /lib/x86_64-linux-gnu/libz.so.1.2.3.4
7f7844086000-7f7844285000 ---p 00016000 08:71 526410                     /lib/x86_64-linux-gnu/libz.so.1.2.3.4
7f7844285000-7f7844286000 r--p 00015000 08:71 526410                     /lib/x86_64-linux-gnu/libz.so.1.2.3.4
7f7844286000-7f7844287000 rw-p 00016000 08:71 526410                     /lib/x86_64-linux-gnu/libz.so.1.2.3.4
7f7844287000-7f784443c000 r-xp 00000000 08:71 545297                     /lib/x86_64-linux-gnu/libc-2.15.so
7f784443c000-7f784463b000 ---p 001b5000 08:71 545297                     /lib/x86_64-linux-gnu/libc-2.15.so
7f784463b000-7f784463f000 r--p 001b4000 08:71 545297                     /lib/x86_64-linux-gnu/libc-2.15.so
7f784463f000-7f7844641000 rw-p 001b8000 08:71 545297                     /lib/x86_64-linux-gnu/libc-2.15.so
7f7844641000-7f7844646000 rw-p 00000000 00:00 0 
7f7844646000-7f7844648000 r-xp 00000000 08:71 523146                     /lib/x86_64-linux-gnu/libdl-2.15.so
7f7844648000-7f7844848000 ---p 00002000 08:71 523146                     /lib/x86_64-linux-gnu/libdl-2.15.so
7f7844848000-7f7844849000 r--p 00002000 08:71 523146                     /lib/x86_64-linux-gnu/libdl-2.15.so
7f7844849000-7f784484a000 rw-p 00003000 08:71 523146                     /lib/x86_64-linux-gnu/libdl-2.15.so
7f784484a000-7f784484e000 r-xp 00000000 08:71 1566995                    /usr/lib/jvm/java-6-openjdk-amd64/jre/lib/amd64/jli/libjli.so
7f784484e000-7f7844a4d000 ---p 00004000 08:71 1566995                    /usr/lib/jvm/java-6-openjdk-amd64/jre/lib/amd64/jli/libjli.so
7f7844a4d000-7f7844a4e000 r--p 00003000 08:71 1566995                    /usr/lib/jvm/java-6-openjdk-amd64/jre/lib/amd64/jli/libjli.so
7f7844a4e000-7f7844a4f000 rw-p 00004000 08:71 1566995                    /usr/lib/jvm/java-6-openjdk-amd64/jre/lib/amd64/jli/libjli.so
7f7844a4f000-7f7844a67000 r-xp 00000000 08:71 545299                     /lib/x86_64-linux-gnu/libpthread-2.15.so
7f7844a67000-7f7844c66000 ---p 00018000 08:71 545299                     /lib/x86_64-linux-gnu/libpthread-2.15.so
7f7844c66000-7f7844c67000 r--p 00017000 08:71 545299                     /lib/x86_64-linux-gnu/libpthread-2.15.so
7f7844c67000-7f7844c68000 rw-p 00018000 08:71 545299                     /lib/x86_64-linux-gnu/libpthread-2.15.so
7f7844c68000-7f7844c6c000 rw-p 00000000 00:00 0 
7f7844c6c000-7f7844c8e000 r-xp 00000000 08:71 545314                     /lib/x86_64-linux-gnu/ld-2.15.so
7f7844c8e000-7f7844c91000 r--s 00022000 08:71 1306028                    /home/duffy/movie-renamer/mr-core/lib/nekohtml.jar
7f7844c91000-7f7844ca7000 r--s 000e1000 08:71 1306024                    /home/duffy/movie-renamer/mr-core/lib/ehcache.jar
7f7844ca7000-7f7844cb1000 rw-p 00000000 00:00 0 
7f7844cb1000-7f7844d67000 rw-p 00000000 00:00 0 
7f7844d67000-7f7844d6a000 ---p 00000000 00:00 0 
7f7844d6a000-7f7844e6d000 rw-p 00000000 00:00 0 
7f7844e6d000-7f7844e6e000 r--s 00005000 08:71 1306027                    /home/duffy/movie-renamer/mr-core/lib/json-simple-1.1.1.jar
7f7844e6e000-7f7844e73000 r--s 00044000 08:71 1306025                    /home/duffy/movie-renamer/mr-core/lib/jdom-2.0.3.jar
7f7844e73000-7f7844e76000 r--s 00077000 08:71 1570123                    /usr/lib/jvm/java-6-openjdk-common/jre/lib/ext/localedata.jar
7f7844e76000-7f7844e77000 r--s 00007000 08:71 1706997                    /usr/share/java/java-atk-wrapper.jar
7f7844e77000-7f7844e7a000 r--s 00031000 08:71 1570119                    /usr/lib/jvm/java-6-openjdk-common/jre/lib/ext/sunjce_provider.jar
7f7844e7a000-7f7844e7c000 r--s 0000f000 08:71 1570120                    /usr/lib/jvm/java-6-openjdk-common/jre/lib/ext/pulse-java.jar
7f7844e7c000-7f7844e80000 r--s 00038000 08:71 1570121                    /usr/lib/jvm/java-6-openjdk-common/jre/lib/ext/sunpkcs11.jar
7f7844e80000-7f7844e82000 r--s 00001000 08:71 1570122                    /usr/lib/jvm/java-6-openjdk-common/jre/lib/ext/dnsns.jar
7f7844e82000-7f7844e8a000 rw-s 00000000 08:71 793280                     /tmp/hsperfdata_duffy/6298
7f7844e8a000-7f7844e8b000 rw-p 00000000 00:00 0 
7f7844e8b000-7f7844e8c000 r--p 00000000 00:00 0 
7f7844e8c000-7f7844e8e000 rw-p 00000000 00:00 0 
7f7844e8e000-7f7844e8f000 r--p 00022000 08:71 545314                     /lib/x86_64-linux-gnu/ld-2.15.so
7f7844e8f000-7f7844e91000 rw-p 00023000 08:71 545314                     /lib/x86_64-linux-gnu/ld-2.15.so
7fffc3007000-7fffc3028000 rw-p 00000000 00:00 0                          [stack]
7fffc31e0000-7fffc31e1000 r-xp 00000000 00:00 0                          [vdso]
ffffffffff600000-ffffffffff601000 r-xp 00000000 00:00 0                  [vsyscall]

VM Arguments:
jvm_args: -Dfile.encoding=UTF-8 
java_command: fr.free.movierenamer.ui.Main
Launcher Type: SUN_STANDARD

Environment Variables:
PATH=/usr/local/sbin:/usr/local/bin:/usr/sbin:/usr/bin:/sbin:/bin:/usr/games
USERNAME=duffy
LD_LIBRARY_PATH=/usr/lib/jvm/java-6-openjdk-amd64/jre/lib/amd64/server:/usr/lib/jvm/java-6-openjdk-amd64/jre/lib/amd64:/usr/lib/jvm/java-6-openjdk-amd64/jre/../lib/amd64:/usr/lib/jvm/default-java/jre/lib/amd64:/usr/lib/jvm/default-java/jre/lib/i386:
SHELL=/bin/bash
DISPLAY=:0.0

Signal Handlers:
SIGSEGV: [libjvm.so+0x7852e0], sa_mask[0]=0x7ffbfeff, sa_flags=0x10000004
SIGBUS: [libjvm.so+0x7852e0], sa_mask[0]=0x7ffbfeff, sa_flags=0x10000004
SIGFPE: [libjvm.so+0x648d40], sa_mask[0]=0x7ffbfeff, sa_flags=0x10000004
SIGPIPE: [libjvm.so+0x648d40], sa_mask[0]=0x7ffbfeff, sa_flags=0x10000004
SIGXFSZ: [libjvm.so+0x648d40], sa_mask[0]=0x7ffbfeff, sa_flags=0x10000004
SIGILL: [libjvm.so+0x648d40], sa_mask[0]=0x7ffbfeff, sa_flags=0x10000004
SIGUSR1: SIG_DFL, sa_mask[0]=0x00000000, sa_flags=0x00000000
SIGUSR2: [libjvm.so+0x648ef0], sa_mask[0]=0x00000004, sa_flags=0x10000004
SIGHUP: [libjvm.so+0x64ba10], sa_mask[0]=0x7ffbfeff, sa_flags=0x10000004
SIGINT: SIG_IGN, sa_mask[0]=0x00000000, sa_flags=0x00000000
SIGTERM: [libjvm.so+0x64ba10], sa_mask[0]=0x7ffbfeff, sa_flags=0x10000004
SIGQUIT: [libjvm.so+0x64ba10], sa_mask[0]=0x7ffbfeff, sa_flags=0x10000004


---------------  S Y S T E M  ---------------

OS:LinuxMint 13 (maya)
uname:Linux 3.2.0-23-generic #36-Ubuntu SMP Tue Apr 10 20:39:51 UTC 2012 x86_64
libc:glibc 2.15 NPTL 2.15 
rlimit: STACK 8192k, CORE 0k, NPROC 47469, NOFILE 4096, AS infinity
load average:1,01 0,92 0,82

/proc/meminfo:
MemTotal:        6093688 kB
MemFree:          702712 kB
Buffers:          105868 kB
Cached:          1691792 kB
SwapCached:        35148 kB
Active:          3306316 kB
Inactive:        1717628 kB
Active(anon):    2476276 kB
Inactive(anon):   767492 kB
Active(file):     830040 kB
Inactive(file):   950136 kB
Unevictable:           0 kB
Mlocked:               0 kB
SwapTotal:       1894396 kB
SwapFree:        1651816 kB
Dirty:              1392 kB
Writeback:             0 kB
AnonPages:       3195008 kB
Mapped:           114160 kB
Shmem:             17128 kB
Slab:             190964 kB
SReclaimable:     137000 kB
SUnreclaim:        53964 kB
KernelStack:        3920 kB
PageTables:        32780 kB
NFS_Unstable:          0 kB
Bounce:                0 kB
WritebackTmp:          0 kB
CommitLimit:     4941240 kB
Committed_AS:    5316144 kB
VmallocTotal:   34359738367 kB
VmallocUsed:      166976 kB
VmallocChunk:   34359556604 kB
HardwareCorrupted:     0 kB
AnonHugePages:         0 kB
HugePages_Total:       0
HugePages_Free:        0
HugePages_Rsvd:        0
HugePages_Surp:        0
Hugepagesize:       2048 kB
DirectMap4k:     3067904 kB
DirectMap2M:     3207168 kB


CPU:total 8 (4 cores per cpu, 2 threads per core) family 6 model 42 stepping 7, cmov, cx8, fxsr, mmx, sse, sse2, sse3, ssse3, sse4.1, sse4.2, popcnt, ht

Memory: 4k page, physical 6093688k(702712k free), swap 1894396k(1651816k free)

vm_info: OpenJDK 64-Bit Server VM (20.0-b12) for linux-amd64 JRE (1.6.0_24-b24), built on Oct 24 2012 16:17:28 by "buildd" with gcc 4.6.3

time: Fri Jan 18 13:03:48 2013
elapsed time: 31 seconds

