#
# A fatal error has been detected by the Java Runtime Environment:
#
#  SIGSEGV (0xb) at pc=0x00007ff866cab9ea, pid=20020, tid=140704835110656
#
# JRE version: 6.0_24-b24
# Java VM: OpenJDK 64-Bit Server VM (20.0-b12 mixed mode linux-amd64 compressed oops)
# Derivative: IcedTea6 1.11.5
# Distribution: Ubuntu 12.04 LTS, package 6b24-1.11.5-0ubuntu1~12.04.1
# Problematic frame:
# C  [libdbus-1.so.3+0x279ea]  dbus_watch_handle+0x2bea
#
# If you would like to submit a bug report, please include
# instructions how to reproduce the bug and visit:
#   https://bugs.launchpad.net/ubuntu/+source/openjdk-6/
# The crash happened outside the Java Virtual Machine in native code.
# See problematic frame for where to report the bug.
#

---------------  T H R E A D  ---------------

Current thread (0x00007ff81c5a1800):  JavaThread "SwingWorker-pool-1-thread-5" [_thread_in_native, id=20129, stack(0x00007ff865a70000,0x00007ff865b71000)]

siginfo:si_signo=SIGSEGV: si_errno=0, si_code=1 (SEGV_MAPERR), si_addr=0x00007ff8aaa427b0

Registers:
RAX=0x000000002e6772b1, RBX=0x00007ff865b6cc4f, RCX=0x00007ff865b6cc4f, RDX=0x000000002e6772b0
RSP=0x00007ff865b6cb20, RBP=0x0000000000000079, RSI=0x000000002e6772b0, RDI=0x00007ff87c3c8328
R8 =0x000000000000006c, R9 =0x0000000000000000, R10=0x00007ff87c3c8328, R11=0x0000000000000000
R12=0x00007ff87c3cb500, R13=0x00007ff865b6cf18, R14=0x00007ff865b6d01c, R15=0x00007ff865b6d018
RIP=0x00007ff866cab9ea, EFLAGS=0x0000000000010206, CSGSFS=0x0000000000000033, ERR=0x0000000000000004
  TRAPNO=0x000000000000000e

Top of Stack: (sp=0x00007ff865b6cb20)
0x00007ff865b6cb20:   00007ff865b6cbd0 2e6772b066c98449
0x00007ff865b6cb30:   00007ff87c3c8328 0000000000000006
0x00007ff865b6cb40:   000000000000000c 00007ff866c96909
0x00007ff865b6cb50:   00007ff87c3c806c 00007ff866ec6590
0x00007ff865b6cb60:   0000000000000007 00007ff87c3c8328
0x00007ff865b6cb70:   000000002e6772b0 00007ff866ec67c0
0x00007ff865b6cb80:   0000000000000010 00007ff87c3c8328
0x00007ff865b6cb90:   00007ff865b6ca6c 00007ff866ec6590
0x00007ff865b6cba0:   0000000000000006 00007ff87c3c8328
0x00007ff865b6cbb0:   000000000000000c 00007ff866ec6600
0x00007ff865b6cbc0:   0000000000000000 0000007c00000080
0x00007ff865b6cbd0:   000000000000006c 00007ff866ec6590
0x00007ff865b6cbe0:   0000000000000008 00007ff87c3c8328
0x00007ff865b6cbf0:   000000002e6772b0 00007ff866ec66c0
0x00007ff865b6cc00:   0000000000000000 0000000000000040
0x00007ff865b6cc10:   000000000000006c 00007ff87c3c8328
0x00007ff865b6cc20:   0000006e0000003a 00007ff87c3c8328
0x00007ff865b6cc30:   000000000000003c 00007ff866ec6800
0x00007ff865b6cc40:   0000000000000018 0600000000000000
0x00007ff865b6cc50:   00007ff865b6cf18 00007ff87c3c8328
0x00007ff865b6cc60:   0000000000000008 00007ff866c9734e
0x00007ff865b6cc70:   00007ff865b6ccac 00007ff865b6cca0
0x00007ff865b6cc80:   00007ff814026410 00007ff865b6cd20
0x00007ff865b6cc90:   0000000000000000 00007ff866c9b34e
0x00007ff865b6cca0:   0000000000000073 00007ff866c9ac94
0x00007ff865b6ccb0:   00007ff8748cde32 00007ff865b6cd20
0x00007ff865b6ccc0:   0000000000000073 0000000000000000
0x00007ff865b6ccd0:   00007ff865b6cf18 00007ff866c9d060
0x00007ff865b6cce0:   00007ff865b6cd20 0000000000000000
0x00007ff865b6ccf0:   00007ff865b6ce08 0000000000000073
0x00007ff865b6cd00:   0000000000000000 00007ff865b6d010
0x00007ff865b6cd10:   00007ff865b6d01c 00007ff866c9d6b7 

Instructions: (pc=0x00007ff866cab9ea)
0x00007ff866cab9ca:   20 48 83 c4 28 c3 48 8d 15 01 df 00 00 48 63 04
0x00007ff866cab9da:   82 48 01 c2 ff e2 8b 44 24 0c 48 63 d0 83 c0 01
0x00007ff866cab9ea:   41 0f b6 14 14 89 44 24 0c 88 11 eb b9 66 0f 1f
0x00007ff866cab9fa:   84 00 00 00 00 00 8b 44 24 0c 83 c0 03 83 e0 fc 

Register to memory mapping:

RAX=0x000000002e6772b1 is an unknown value
RBX=0x00007ff865b6cc4f is pointing into the stack for thread: 0x00007ff81c5a1800
RCX=0x00007ff865b6cc4f is pointing into the stack for thread: 0x00007ff81c5a1800
RDX=0x000000002e6772b0 is an unknown value
RSP=0x00007ff865b6cb20 is pointing into the stack for thread: 0x00007ff81c5a1800
RBP=0x0000000000000079 is an unknown value
RSI=0x000000002e6772b0 is an unknown value
RDI=0x00007ff87c3c8328 is an unknown value
R8 =0x000000000000006c is an unknown value
R9 =0x0000000000000000 is an unknown value
R10=0x00007ff87c3c8328 is an unknown value
R11=0x0000000000000000 is an unknown value
R12=0x00007ff87c3cb500 is an unknown value
R13=0x00007ff865b6cf18 is pointing into the stack for thread: 0x00007ff81c5a1800
R14=0x00007ff865b6d01c is pointing into the stack for thread: 0x00007ff81c5a1800
R15=0x00007ff865b6d018 is pointing into the stack for thread: 0x00007ff81c5a1800


Stack: [0x00007ff865a70000,0x00007ff865b71000],  sp=0x00007ff865b6cb20,  free space=1010k
Native frames: (J=compiled Java code, j=interpreted, Vv=VM code, C=native code)
C  [libdbus-1.so.3+0x279ea]  dbus_watch_handle+0x2bea

Java frames: (J=compiled Java code, j=interpreted, Vv=VM code)
j  sun.net.spi.DefaultProxySelector.getSystemProxy(Ljava/lang/String;Ljava/lang/String;)Ljava/net/Proxy;+0
j  sun.net.spi.DefaultProxySelector.access$100(Lsun/net/spi/DefaultProxySelector;Ljava/lang/String;Ljava/lang/String;)Ljava/net/Proxy;+3
j  sun.net.spi.DefaultProxySelector$2.run()Ljava/lang/Object;+151
v  ~StubRoutines::call_stub
j  java.security.AccessController.doPrivileged(Ljava/security/PrivilegedAction;)Ljava/lang/Object;+0
j  sun.net.spi.DefaultProxySelector.select(Ljava/net/URI;)Ljava/util/List;+273
j  java.net.SocksSocketImpl.connect(Ljava/net/SocketAddress;I)V+260
j  java.net.Socket.connect(Ljava/net/SocketAddress;I)V+179
j  java.net.Socket.connect(Ljava/net/SocketAddress;)V+3
j  sun.net.NetworkClient.doConnect(Ljava/lang/String;I)Ljava/net/Socket;+140
j  sun.net.www.http.HttpClient.openServer(Ljava/lang/String;I)V+4
j  sun.net.www.http.HttpClient.openServer()V+157
j  sun.net.www.http.HttpClient.<init>(Ljava/net/URL;Ljava/net/Proxy;I)V+125
j  sun.net.www.http.HttpClient.New(Ljava/net/URL;Ljava/net/Proxy;IZ)Lsun/net/www/http/HttpClient;+148
j  sun.net.www.http.HttpClient.New(Ljava/net/URL;Ljava/net/Proxy;I)Lsun/net/www/http/HttpClient;+4
j  sun.net.www.protocol.http.HttpURLConnection.getNewHttpClient(Ljava/net/URL;Ljava/net/Proxy;I)Lsun/net/www/http/HttpClient;+3
j  sun.net.www.protocol.http.HttpURLConnection.plainConnect()V+236
j  sun.net.www.protocol.http.HttpURLConnection.connect()V+1
j  sun.net.www.protocol.http.HttpURLConnection.getInputStream()Ljava/io/InputStream;+187
j  sun.net.www.protocol.http.HttpURLConnection.getHeaderField(Ljava/lang/String;)Ljava/lang/String;+1
j  java.net.URLConnection.getContentType()Ljava/lang/String;+3
j  fr.free.movierenamer.utils.URIRequest.getReader(Ljava/net/URLConnection;)Ljava/io/Reader;+1
j  fr.free.movierenamer.utils.URIRequest.getDocumentContent(Ljava/net/URLConnection;)Ljava/lang/String;+1
j  fr.free.movierenamer.utils.URIRequest.getDocumentContent(Ljava/net/URI;[Lfr/free/movierenamer/utils/URIRequest$RequestProperty;)Ljava/lang/String;+5
j  fr.free.movierenamer.scrapper.impl.IMDbScrapper.fetchImagesInfo(Lfr/free/movierenamer/searchinfo/Movie;Ljava/util/Locale;)Ljava/util/List;+42
j  fr.free.movierenamer.scrapper.impl.IMDbScrapper.fetchImagesInfo(Lfr/free/movierenamer/searchinfo/Media;Ljava/util/Locale;)Ljava/util/List;+6
j  fr.free.movierenamer.scrapper.MediaScrapper.getImages(Lfr/free/movierenamer/searchinfo/Media;Ljava/util/Locale;)Ljava/util/List;+80
j  fr.free.movierenamer.scrapper.MediaScrapper.getImages(Lfr/free/movierenamer/searchinfo/Media;)Ljava/util/List;+6
j  fr.free.movierenamer.ui.worker.SearchMediaImagesWorker.executeInBackground()Ljava/util/List;+39
j  fr.free.movierenamer.ui.worker.SearchMediaImagesWorker.executeInBackground()Ljava/lang/Object;+1
j  fr.free.movierenamer.ui.worker.AbstractWorker.doInBackground()Ljava/lang/Object;+3
j  javax.swing.SwingWorker$1.call()Ljava/lang/Object;+14
j  java.util.concurrent.FutureTask$Sync.innerRun()V+29
j  java.util.concurrent.FutureTask.run()V+4
j  javax.swing.SwingWorker.run()V+4
j  java.util.concurrent.ThreadPoolExecutor.runWorker(Ljava/util/concurrent/ThreadPoolExecutor$Worker;)V+46
j  java.util.concurrent.ThreadPoolExecutor$Worker.run()V+5
j  java.lang.Thread.run()V+11
v  ~StubRoutines::call_stub

---------------  P R O C E S S  ---------------

Java Threads: ( => current thread )
=>0x00007ff81c5a1800 JavaThread "SwingWorker-pool-1-thread-5" [_thread_in_native, id=20129, stack(0x00007ff865a70000,0x00007ff865b71000)]
  0x00007ff81c51f800 JavaThread "SwingWorker-pool-1-thread-4" [_thread_in_native, id=20128, stack(0x00007ff865465000,0x00007ff865566000)]
  0x00007ff81c7f4800 JavaThread "Image Fetcher 0" daemon [_thread_blocked, id=20083, stack(0x00007ff85fdfe000,0x00007ff85feff000)]
  0x00007ff80c02d800 JavaThread "medium.data" [_thread_blocked, id=20081, stack(0x00007ff8640b3000,0x00007ff8641b4000)]
  0x00007ff80c027800 JavaThread "short.data" [_thread_blocked, id=20080, stack(0x00007ff8641b4000,0x00007ff8642b5000)]
  0x00007ff80c01d800 JavaThread "long.data" [_thread_blocked, id=20079, stack(0x00007ff8642b5000,0x00007ff8643b6000)]
  0x00007ff80c03c000 JavaThread "net.sf.ehcache.CacheManager@7d557ee8" daemon [_thread_blocked, id=20078, stack(0x00007ff8643b6000,0x00007ff8644b7000)]
  0x00007ff81c50a800 JavaThread "Image Animator 0" daemon [_thread_blocked, id=20076, stack(0x00007ff865566000,0x00007ff865667000)]
  0x00007ff81c33c000 JavaThread "TimerQueue" daemon [_thread_blocked, id=20047, stack(0x00007ff865768000,0x00007ff865869000)]
  0x00007ff87c008000 JavaThread "DestroyJavaVM" [_thread_blocked, id=20024, stack(0x00007ff882b14000,0x00007ff882c15000)]
  0x00007ff87c2db800 JavaThread "Image Animator 3" daemon [_thread_blocked, id=20045, stack(0x00007ff867756000,0x00007ff867857000)]
  0x00007ff87c2cc000 JavaThread "AWT-EventQueue-0" [_thread_blocked, id=20044, stack(0x00007ff867857000,0x00007ff867958000)]
  0x00007ff87c2cb000 JavaThread "AWT-Shutdown" [_thread_blocked, id=20043, stack(0x00007ff867958000,0x00007ff867a59000)]
  0x00007ff87c2ca000 JavaThread "AWT-XAWT" daemon [_thread_in_native, id=20042, stack(0x00007ff867a59000,0x00007ff867b5a000)]
  0x00007ff87c1ee000 JavaThread "Java2D Disposer" daemon [_thread_blocked, id=20041, stack(0x00007ff8740a9000,0x00007ff8741aa000)]
  0x00007ff87c0a6000 JavaThread "Low Memory Detector" daemon [_thread_blocked, id=20039, stack(0x00007ff87634d000,0x00007ff87644e000)]
  0x00007ff87c0a3800 JavaThread "C2 CompilerThread1" daemon [_thread_blocked, id=20038, stack(0x00007ff87644e000,0x00007ff87654f000)]
  0x00007ff87c0a0800 JavaThread "C2 CompilerThread0" daemon [_thread_blocked, id=20037, stack(0x00007ff87654f000,0x00007ff876650000)]
  0x00007ff87c09f800 JavaThread "Signal Dispatcher" daemon [_thread_blocked, id=20036, stack(0x00007ff876650000,0x00007ff876751000)]
  0x00007ff87c080000 JavaThread "Finalizer" daemon [_thread_blocked, id=20035, stack(0x00007ff876e35000,0x00007ff876f36000)]
  0x00007ff87c07e800 JavaThread "Reference Handler" daemon [_thread_blocked, id=20034, stack(0x00007ff876f36000,0x00007ff877037000)]

Other Threads:
  0x00007ff87c077800 VMThread [stack: 0x00007ff877037000,0x00007ff877138000] [id=20033]
  0x00007ff87c0b0800 WatcherThread [stack: 0x00007ff87624c000,0x00007ff87634d000] [id=20040]

VM state:not at safepoint (normal execution)

VM Mutex/Monitor currently owned by a thread: None

Heap
 PSYoungGen      total 32640K, used 9060K [0x00000000e1000000, 0x00000000e47b0000, 0x0000000100000000)
  eden space 21376K, 41% used [0x00000000e1000000,0x00000000e1891278,0x00000000e24e0000)
  from space 11264K, 2% used [0x00000000e24e0000,0x00000000e2528040,0x00000000e2fe0000)
  to   space 11392K, 0% used [0x00000000e3c90000,0x00000000e3c90000,0x00000000e47b0000)
 PSOldGen        total 63488K, used 22971K [0x00000000a3000000, 0x00000000a6e00000, 0x00000000e1000000)
  object space 63488K, 36% used [0x00000000a3000000,0x00000000a466eda0,0x00000000a6e00000)
 PSPermGen       total 33536K, used 33384K [0x0000000098a00000, 0x000000009aac0000, 0x00000000a3000000)
  object space 33536K, 99% used [0x0000000098a00000,0x000000009aa9a350,0x000000009aac0000)

Code Cache  [0x00007ff8787c5000, 0x00007ff878a35000, 0x00007ff87b7c5000)
 total_blobs=1150 nmethods=559 adapters=544 free_code_cache=48292608 largest_free_block=17856

Dynamic libraries:
00400000-00409000 r-xp 00000000 08:71 1444639                            /usr/lib/jvm/java-6-openjdk-amd64/jre/bin/java
00608000-00609000 r--p 00008000 08:71 1444639                            /usr/lib/jvm/java-6-openjdk-amd64/jre/bin/java
00609000-0060a000 rw-p 00009000 08:71 1444639                            /usr/lib/jvm/java-6-openjdk-amd64/jre/bin/java
01899000-018ba000 rw-p 00000000 00:00 0                                  [heap]
98a00000-9aac0000 rw-p 00000000 00:00 0 
9aac0000-a3000000 rw-p 00000000 00:00 0 
a3000000-a6e00000 rw-p 00000000 00:00 0 
a6e00000-e1000000 rw-p 00000000 00:00 0 
e1000000-e47b0000 rw-p 00000000 00:00 0 
e47b0000-100000000 rw-p 00000000 00:00 0 
7ff7d0000000-7ff7d0021000 rw-p 00000000 00:00 0 
7ff7d0021000-7ff7d4000000 ---p 00000000 00:00 0 
7ff7d8000000-7ff7d8021000 rw-p 00000000 00:00 0 
7ff7d8021000-7ff7dc000000 ---p 00000000 00:00 0 
7ff7dfeff000-7ff7dff02000 ---p 00000000 00:00 0 
7ff7dff02000-7ff7e0000000 rw-p 00000000 00:00 0 
7ff7e0000000-7ff7e0021000 rw-p 00000000 00:00 0 
7ff7e0021000-7ff7e4000000 ---p 00000000 00:00 0 
7ff7e4000000-7ff7e4021000 rw-p 00000000 00:00 0 
7ff7e4021000-7ff7e8000000 ---p 00000000 00:00 0 
7ff7e8000000-7ff7e818b000 rw-p 00000000 00:00 0 
7ff7e818b000-7ff7ec000000 ---p 00000000 00:00 0 
7ff7ec000000-7ff7ec021000 rw-p 00000000 00:00 0 
7ff7ec021000-7ff7f0000000 ---p 00000000 00:00 0 
7ff7f0000000-7ff7f0021000 rw-p 00000000 00:00 0 
7ff7f0021000-7ff7f4000000 ---p 00000000 00:00 0 
7ff7f4000000-7ff7f4021000 rw-p 00000000 00:00 0 
7ff7f4021000-7ff7f8000000 ---p 00000000 00:00 0 
7ff7f8000000-7ff7f8021000 rw-p 00000000 00:00 0 
7ff7f8021000-7ff7fc000000 ---p 00000000 00:00 0 
7ff7fc000000-7ff7fc021000 rw-p 00000000 00:00 0 
7ff7fc021000-7ff800000000 ---p 00000000 00:00 0 
7ff800000000-7ff800021000 rw-p 00000000 00:00 0 
7ff800021000-7ff804000000 ---p 00000000 00:00 0 
7ff804000000-7ff804021000 rw-p 00000000 00:00 0 
7ff804021000-7ff808000000 ---p 00000000 00:00 0 
7ff808000000-7ff808021000 rw-p 00000000 00:00 0 
7ff808021000-7ff80c000000 ---p 00000000 00:00 0 
7ff80c000000-7ff80c08e000 rw-p 00000000 00:00 0 
7ff80c08e000-7ff810000000 ---p 00000000 00:00 0 
7ff810000000-7ff810235000 rw-p 00000000 00:00 0 
7ff810235000-7ff814000000 ---p 00000000 00:00 0 
7ff814000000-7ff814089000 rw-p 00000000 00:00 0 
7ff814089000-7ff818000000 ---p 00000000 00:00 0 
7ff818000000-7ff818021000 rw-p 00000000 00:00 0 
7ff818021000-7ff81c000000 ---p 00000000 00:00 0 
7ff81c000000-7ff81c8cc000 rw-p 00000000 00:00 0 
7ff81c8cc000-7ff820000000 ---p 00000000 00:00 0 
7ff820000000-7ff820021000 rw-p 00000000 00:00 0 
7ff820021000-7ff824000000 ---p 00000000 00:00 0 
7ff824000000-7ff824021000 rw-p 00000000 00:00 0 
7ff824021000-7ff828000000 ---p 00000000 00:00 0 
7ff828000000-7ff828021000 rw-p 00000000 00:00 0 
7ff828021000-7ff82c000000 ---p 00000000 00:00 0 
7ff82c000000-7ff82c021000 rw-p 00000000 00:00 0 
7ff82c021000-7ff830000000 ---p 00000000 00:00 0 
7ff830000000-7ff831e64000 rw-p 00000000 00:00 0 
7ff831e64000-7ff834000000 ---p 00000000 00:00 0 
7ff834000000-7ff836acc000 rw-p 00000000 00:00 0 
7ff836acc000-7ff838000000 ---p 00000000 00:00 0 
7ff838000000-7ff838021000 rw-p 00000000 00:00 0 
7ff838021000-7ff83c000000 ---p 00000000 00:00 0 
7ff83c000000-7ff83c021000 rw-p 00000000 00:00 0 
7ff83c021000-7ff840000000 ---p 00000000 00:00 0 
7ff840000000-7ff840021000 rw-p 00000000 00:00 0 
7ff840021000-7ff844000000 ---p 00000000 00:00 0 
7ff844000000-7ff844021000 rw-p 00000000 00:00 0 
7ff844021000-7ff848000000 ---p 00000000 00:00 0 
7ff848000000-7ff848021000 rw-p 00000000 00:00 0 
7ff848021000-7ff84c000000 ---p 00000000 00:00 0 
7ff84c000000-7ff84c021000 rw-p 00000000 00:00 0 
7ff84c021000-7ff850000000 ---p 00000000 00:00 0 
7ff850000000-7ff850021000 rw-p 00000000 00:00 0 
7ff850021000-7ff854000000 ---p 00000000 00:00 0 
7ff854000000-7ff854021000 rw-p 00000000 00:00 0 
7ff854021000-7ff858000000 ---p 00000000 00:00 0 
7ff858000000-7ff858021000 rw-p 00000000 00:00 0 
7ff858021000-7ff85c000000 ---p 00000000 00:00 0 
7ff85f6f0000-7ff85f6f7000 r-xp 00000000 08:71 545317                     /lib/x86_64-linux-gnu/libnss_dns-2.15.so
7ff85f6f7000-7ff85f8f6000 ---p 00007000 08:71 545317                     /lib/x86_64-linux-gnu/libnss_dns-2.15.so
7ff85f8f6000-7ff85f8f7000 r--p 00006000 08:71 545317                     /lib/x86_64-linux-gnu/libnss_dns-2.15.so
7ff85f8f7000-7ff85f8f8000 rw-p 00007000 08:71 545317                     /lib/x86_64-linux-gnu/libnss_dns-2.15.so
7ff85f8f8000-7ff85f8fa000 r-xp 00000000 08:71 522293                     /lib/libnss_mdns4_minimal.so.2
7ff85f8fa000-7ff85faf9000 ---p 00002000 08:71 522293                     /lib/libnss_mdns4_minimal.so.2
7ff85faf9000-7ff85fafa000 r--p 00001000 08:71 522293                     /lib/libnss_mdns4_minimal.so.2
7ff85fafa000-7ff85fafb000 rw-p 00002000 08:71 522293                     /lib/libnss_mdns4_minimal.so.2
7ff85fafb000-7ff85fafe000 ---p 00000000 00:00 0 
7ff85fafe000-7ff85fbfc000 rw-p 00000000 00:00 0 
7ff85fbfc000-7ff85fbff000 ---p 00000000 00:00 0 
7ff85fbff000-7ff85fcfd000 rw-p 00000000 00:00 0 
7ff85fcfd000-7ff85fd00000 ---p 00000000 00:00 0 
7ff85fd00000-7ff85fdfe000 rw-p 00000000 00:00 0 
7ff85fdfe000-7ff85fe01000 ---p 00000000 00:00 0 
7ff85fe01000-7ff85feff000 rw-p 00000000 00:00 0 
7ff85feff000-7ff85ff02000 ---p 00000000 00:00 0 
7ff85ff02000-7ff860000000 rw-p 00000000 00:00 0 
7ff860000000-7ff860021000 rw-p 00000000 00:00 0 
7ff860021000-7ff864000000 ---p 00000000 00:00 0 
7ff8640b3000-7ff8640b6000 ---p 00000000 00:00 0 
7ff8640b6000-7ff8641b4000 rw-p 00000000 00:00 0 
7ff8641b4000-7ff8641b7000 ---p 00000000 00:00 0 
7ff8641b7000-7ff8642b5000 rw-p 00000000 00:00 0 
7ff8642b5000-7ff8642b8000 ---p 00000000 00:00 0 
7ff8642b8000-7ff8643b6000 rw-p 00000000 00:00 0 
7ff8643b6000-7ff8643b9000 ---p 00000000 00:00 0 
7ff8643b9000-7ff8644b7000 rw-p 00000000 00:00 0 
7ff8644b7000-7ff8644cb000 r-xp 00000000 08:71 1479049                    /usr/lib/libtinyxml.so.2.6.2
7ff8644cb000-7ff8646ca000 ---p 00014000 08:71 1479049                    /usr/lib/libtinyxml.so.2.6.2
7ff8646ca000-7ff8646cb000 r--p 00013000 08:71 1479049                    /usr/lib/libtinyxml.so.2.6.2
7ff8646cb000-7ff8646cc000 rw-p 00014000 08:71 1479049                    /usr/lib/libtinyxml.so.2.6.2
7ff8646cc000-7ff864b00000 r-xp 00000000 08:71 1479052                    /usr/lib/x86_64-linux-gnu/libmediainfo.so.0.0.0
7ff864b00000-7ff864d00000 ---p 00434000 08:71 1479052                    /usr/lib/x86_64-linux-gnu/libmediainfo.so.0.0.0
7ff864d00000-7ff864d0a000 r--p 00434000 08:71 1479052                    /usr/lib/x86_64-linux-gnu/libmediainfo.so.0.0.0
7ff864d0a000-7ff864d11000 rw-p 0043e000 08:71 1479052                    /usr/lib/x86_64-linux-gnu/libmediainfo.so.0.0.0
7ff864d11000-7ff864d12000 rw-p 00000000 00:00 0 
7ff864d12000-7ff864d54000 r-xp 00000000 08:71 1479050                    /usr/lib/x86_64-linux-gnu/libzen.so.0.0.0
7ff864d54000-7ff864f54000 ---p 00042000 08:71 1479050                    /usr/lib/x86_64-linux-gnu/libzen.so.0.0.0
7ff864f54000-7ff864f55000 r--p 00042000 08:71 1479050                    /usr/lib/x86_64-linux-gnu/libzen.so.0.0.0
7ff864f55000-7ff864f56000 rw-p 00043000 08:71 1479050                    /usr/lib/x86_64-linux-gnu/libzen.so.0.0.0
7ff864f56000-7ff864f6d000 r-xp 00000000 08:71 793300                     /tmp/jna-duffy/jna7605622271228910176.tmp (deleted)
7ff864f6d000-7ff86516d000 ---p 00017000 08:71 793300                     /tmp/jna-duffy/jna7605622271228910176.tmp (deleted)
7ff86516d000-7ff86516e000 r--p 00017000 08:71 793300                     /tmp/jna-duffy/jna7605622271228910176.tmp (deleted)
7ff86516e000-7ff86516f000 rw-p 00018000 08:71 793300                     /tmp/jna-duffy/jna7605622271228910176.tmp (deleted)
7ff8652e5000-7ff865328000 rw-s 00000000 00:04 88997902                   /SYSV00000000 (deleted)
7ff865364000-7ff865367000 ---p 00000000 00:00 0 
7ff865367000-7ff865465000 rw-p 00000000 00:00 0 
7ff865465000-7ff865468000 ---p 00000000 00:00 0 
7ff865468000-7ff865566000 rw-p 00000000 00:00 0 
7ff865566000-7ff865569000 ---p 00000000 00:00 0 
7ff865569000-7ff865667000 rw-p 00000000 00:00 0 
7ff865667000-7ff86566a000 ---p 00000000 00:00 0 
7ff86566a000-7ff865768000 rw-p 00000000 00:00 0 
7ff865768000-7ff86576b000 ---p 00000000 00:00 0 
7ff86576b000-7ff865869000 rw-p 00000000 00:00 0 
7ff865869000-7ff86586f000 r-xp 00000000 08:71 1444625                    /usr/lib/jvm/java-6-openjdk-amd64/jre/lib/amd64/libmanagement.so
7ff86586f000-7ff865a6e000 ---p 00006000 08:71 1444625                    /usr/lib/jvm/java-6-openjdk-amd64/jre/lib/amd64/libmanagement.so
7ff865a6e000-7ff865a6f000 r--p 00005000 08:71 1444625                    /usr/lib/jvm/java-6-openjdk-amd64/jre/lib/amd64/libmanagement.so
7ff865a6f000-7ff865a70000 rw-p 00006000 08:71 1444625                    /usr/lib/jvm/java-6-openjdk-amd64/jre/lib/amd64/libmanagement.so
7ff865a70000-7ff865a73000 ---p 00000000 00:00 0 
7ff865a73000-7ff865b71000 rw-p 00000000 00:00 0 
7ff865b71000-7ff865b89000 r-xp 00000000 08:71 545303                     /lib/x86_64-linux-gnu/libresolv-2.15.so
7ff865b89000-7ff865d89000 ---p 00018000 08:71 545303                     /lib/x86_64-linux-gnu/libresolv-2.15.so
7ff865d89000-7ff865d8a000 r--p 00018000 08:71 545303                     /lib/x86_64-linux-gnu/libresolv-2.15.so
7ff865d8a000-7ff865d8b000 rw-p 00019000 08:71 545303                     /lib/x86_64-linux-gnu/libresolv-2.15.so
7ff865d8b000-7ff865d8d000 rw-p 00000000 00:00 0 
7ff865d8d000-7ff865daa000 r-xp 00000000 08:71 526387                     /lib/x86_64-linux-gnu/libselinux.so.1
7ff865daa000-7ff865fa9000 ---p 0001d000 08:71 526387                     /lib/x86_64-linux-gnu/libselinux.so.1
7ff865fa9000-7ff865faa000 r--p 0001c000 08:71 526387                     /lib/x86_64-linux-gnu/libselinux.so.1
7ff865faa000-7ff865fab000 rw-p 0001d000 08:71 526387                     /lib/x86_64-linux-gnu/libselinux.so.1
7ff865fab000-7ff865fac000 rw-p 00000000 00:00 0 
7ff865fac000-7ff865fe8000 r-xp 00000000 08:71 526372                     /lib/x86_64-linux-gnu/libpcre.so.3.12.1
7ff865fe8000-7ff8661e7000 ---p 0003c000 08:71 526372                     /lib/x86_64-linux-gnu/libpcre.so.3.12.1
7ff8661e7000-7ff8661e8000 r--p 0003b000 08:71 526372                     /lib/x86_64-linux-gnu/libpcre.so.3.12.1
7ff8661e8000-7ff8661e9000 rw-p 0003c000 08:71 526372                     /lib/x86_64-linux-gnu/libpcre.so.3.12.1
7ff8661e9000-7ff8661f0000 r-xp 00000000 08:71 1445254                    /usr/lib/x86_64-linux-gnu/libffi.so.6.0.0
7ff8661f0000-7ff8663ef000 ---p 00007000 08:71 1445254                    /usr/lib/x86_64-linux-gnu/libffi.so.6.0.0
7ff8663ef000-7ff8663f0000 r--p 00006000 08:71 1445254                    /usr/lib/x86_64-linux-gnu/libffi.so.6.0.0
7ff8663f0000-7ff8663f1000 rw-p 00007000 08:71 1445254                    /usr/lib/x86_64-linux-gnu/libffi.so.6.0.0
7ff8663f1000-7ff866539000 r-xp 00000000 08:71 1438792                    /usr/lib/x86_64-linux-gnu/libgio-2.0.so.0.3200.3
7ff866539000-7ff866738000 ---p 00148000 08:71 1438792                    /usr/lib/x86_64-linux-gnu/libgio-2.0.so.0.3200.3
7ff866738000-7ff86673c000 r--p 00147000 08:71 1438792                    /usr/lib/x86_64-linux-gnu/libgio-2.0.so.0.3200.3
7ff86673c000-7ff86673e000 rw-p 0014b000 08:71 1438792                    /usr/lib/x86_64-linux-gnu/libgio-2.0.so.0.3200.3
7ff86673e000-7ff866740000 rw-p 00000000 00:00 0 
7ff866740000-7ff866832000 r-xp 00000000 08:71 526197                     /lib/x86_64-linux-gnu/libglib-2.0.so.0.3200.3
7ff866832000-7ff866a32000 ---p 000f2000 08:71 526197                     /lib/x86_64-linux-gnu/libglib-2.0.so.0.3200.3
7ff866a32000-7ff866a33000 r--p 000f2000 08:71 526197                     /lib/x86_64-linux-gnu/libglib-2.0.so.0.3200.3
7ff866a33000-7ff866a34000 rw-p 000f3000 08:71 526197                     /lib/x86_64-linux-gnu/libglib-2.0.so.0.3200.3
7ff866a34000-7ff866a35000 rw-p 00000000 00:00 0 
7ff866a35000-7ff866a82000 r-xp 00000000 08:71 1438793                    /usr/lib/x86_64-linux-gnu/libgobject-2.0.so.0.3200.3
7ff866a82000-7ff866c82000 ---p 0004d000 08:71 1438793                    /usr/lib/x86_64-linux-gnu/libgobject-2.0.so.0.3200.3
7ff866c82000-7ff866c83000 r--p 0004d000 08:71 1438793                    /usr/lib/x86_64-linux-gnu/libgobject-2.0.so.0.3200.3
7ff866c83000-7ff866c84000 rw-p 0004e000 08:71 1438793                    /usr/lib/x86_64-linux-gnu/libgobject-2.0.so.0.3200.3
7ff866c84000-7ff866cc6000 r-xp 00000000 08:71 532013                     /lib/x86_64-linux-gnu/libdbus-1.so.3.5.8
7ff866cc6000-7ff866ec6000 ---p 00042000 08:71 532013                     /lib/x86_64-linux-gnu/libdbus-1.so.3.5.8
7ff866ec6000-7ff866ec7000 r--p 00042000 08:71 532013                     /lib/x86_64-linux-gnu/libdbus-1.so.3.5.8
7ff866ec7000-7ff866ec8000 rw-p 00043000 08:71 532013                     /lib/x86_64-linux-gnu/libdbus-1.so.3.5.8
7ff866ec8000-7ff866eed000 r-xp 00000000 08:71 1445205                    /usr/lib/x86_64-linux-gnu/libdbus-glib-1.so.2.2.2
7ff866eed000-7ff8670ed000 ---p 00025000 08:71 1445205                    /usr/lib/x86_64-linux-gnu/libdbus-glib-1.so.2.2.2
7ff8670ed000-7ff8670ee000 r--p 00025000 08:71 1445205                    /usr/lib/x86_64-linux-gnu/libdbus-glib-1.so.2.2.2
7ff8670ee000-7ff8670ef000 rw-p 00026000 08:71 1445205                    /usr/lib/x86_64-linux-gnu/libdbus-glib-1.so.2.2.2
7ff8670ef000-7ff8670f2000 r-xp 00000000 08:71 1438791                    /usr/lib/x86_64-linux-gnu/libgmodule-2.0.so.0.3200.3
7ff8670f2000-7ff8672f1000 ---p 00003000 08:71 1438791                    /usr/lib/x86_64-linux-gnu/libgmodule-2.0.so.0.3200.3
7ff8672f1000-7ff8672f2000 r--p 00002000 08:71 1438791                    /usr/lib/x86_64-linux-gnu/libgmodule-2.0.so.0.3200.3
7ff8672f2000-7ff8672f3000 rw-p 00003000 08:71 1438791                    /usr/lib/x86_64-linux-gnu/libgmodule-2.0.so.0.3200.3
7ff8672f3000-7ff867320000 r-xp 00000000 08:71 1445269                    /usr/lib/x86_64-linux-gnu/libgconf-2.so.4.1.5
7ff867320000-7ff86751f000 ---p 0002d000 08:71 1445269                    /usr/lib/x86_64-linux-gnu/libgconf-2.so.4.1.5
7ff86751f000-7ff867520000 r--p 0002c000 08:71 1445269                    /usr/lib/x86_64-linux-gnu/libgconf-2.so.4.1.5
7ff867520000-7ff867521000 rw-p 0002d000 08:71 1445269                    /usr/lib/x86_64-linux-gnu/libgconf-2.so.4.1.5
7ff867521000-7ff867553000 r-xp 00000000 08:71 1443621                    /usr/lib/jvm/java-6-openjdk-amd64/jre/lib/amd64/liblcms.so
7ff867553000-7ff867752000 ---p 00032000 08:71 1443621                    /usr/lib/jvm/java-6-openjdk-amd64/jre/lib/amd64/liblcms.so
7ff867752000-7ff867753000 r--p 00031000 08:71 1443621                    /usr/lib/jvm/java-6-openjdk-amd64/jre/lib/amd64/liblcms.so
7ff867753000-7ff867754000 rw-p 00032000 08:71 1443621                    /usr/lib/jvm/java-6-openjdk-amd64/jre/lib/amd64/liblcms.so
7ff867754000-7ff867756000 rw-p 00000000 00:00 0 
7ff867756000-7ff867759000 ---p 00000000 00:00 0 
7ff867759000-7ff867857000 rw-p 00000000 00:00 0 
7ff867857000-7ff86785a000 ---p 00000000 00:00 0 
7ff86785a000-7ff867958000 rw-p 00000000 00:00 0 
7ff867958000-7ff86795b000 ---p 00000000 00:00 0 
7ff86795b000-7ff867a59000 rw-p 00000000 00:00 0 
7ff867a59000-7ff867a5c000 ---p 00000000 00:00 0 
7ff867a5c000-7ff867b5a000 rw-p 00000000 00:00 0 
7ff867b5a000-7ff867b5b000 r--s 00000000 08:71 269331                     /var/cache/fontconfig/c05880de57d1f5e948fdfacc138775d9-le64.cache-3
7ff867b5b000-7ff867b64000 r--s 00000000 08:71 269329                     /var/cache/fontconfig/945677eb7aeaf62f1d50efc3fb3ec7d8-le64.cache-3
7ff867b64000-7ff867b66000 r--s 00000000 08:71 269325                     /var/cache/fontconfig/99e8ed0e538f840c565b6ed5dad60d56-le64.cache-3
7ff867b66000-7ff867b6e000 r--s 00000000 08:71 282627                     /var/cache/fontconfig/a6d8cf8e4ec09cdbc8633c31745a07dd-le64.cache-3
7ff867b6e000-7ff867b72000 r--s 00000000 08:71 269323                     /var/cache/fontconfig/2cd17615ca594fa2959ae173292e504c-le64.cache-3
7ff867b72000-7ff867ba0000 r--s 00000000 08:71 284736                     /var/cache/fontconfig/365b55f210c0a22e9a19e35191240f32-le64.cache-3
7ff867bd1000-7ff867bd6000 r-xp 00000000 08:71 1445054                    /usr/lib/x86_64-linux-gnu/libXfixes.so.3.1.0
7ff867bd6000-7ff867dd5000 ---p 00005000 08:71 1445054                    /usr/lib/x86_64-linux-gnu/libXfixes.so.3.1.0
7ff867dd5000-7ff867dd6000 r--p 00004000 08:71 1445054                    /usr/lib/x86_64-linux-gnu/libXfixes.so.3.1.0
7ff867dd6000-7ff867dd7000 rw-p 00005000 08:71 1445054                    /usr/lib/x86_64-linux-gnu/libXfixes.so.3.1.0
7ff867dd7000-7ff867de0000 r-xp 00000000 08:71 1445044                    /usr/lib/x86_64-linux-gnu/libXcursor.so.1.0.2
7ff867de0000-7ff867fdf000 ---p 00009000 08:71 1445044                    /usr/lib/x86_64-linux-gnu/libXcursor.so.1.0.2
7ff867fdf000-7ff867fe0000 r--p 00008000 08:71 1445044                    /usr/lib/x86_64-linux-gnu/libXcursor.so.1.0.2
7ff867fe0000-7ff867fe1000 rw-p 00009000 08:71 1445044                    /usr/lib/x86_64-linux-gnu/libXcursor.so.1.0.2
7ff867fe9000-7ff867ff0000 r--s 00000000 08:71 1700453                    /usr/lib/x86_64-linux-gnu/gconv/gconv-modules.cache
7ff868000000-7ff868021000 rw-p 00000000 00:00 0 
7ff868021000-7ff86c000000 ---p 00000000 00:00 0 
7ff86c000000-7ff86c021000 rw-p 00000000 00:00 0 
7ff86c021000-7ff870000000 ---p 00000000 00:00 0 
7ff870000000-7ff870021000 rw-p 00000000 00:00 0 
7ff870021000-7ff874000000 ---p 00000000 00:00 0 
7ff874000000-7ff874001000 r--s 00000000 08:71 269321                     /var/cache/fontconfig/e7071f4a29fa870f4323321c154eba04-le64.cache-3
7ff874001000-7ff874002000 r--s 00000000 08:71 269319                     /var/cache/fontconfig/0d8c3b2ac0904cb8a57a757ad11a4a08-le64.cache-3
7ff874002000-7ff874008000 r--s 00000000 08:71 269317                     /var/cache/fontconfig/a755afe4a08bf5b97852ceb7400b47bc-le64.cache-3
7ff874008000-7ff874011000 r--s 00000000 08:71 269315                     /var/cache/fontconfig/6d41288fd70b0be22e8c3a91e032eec0-le64.cache-3
7ff874011000-7ff874021000 r--s 00000000 08:71 269313                     /var/cache/fontconfig/04aabc0a78ac019cf9454389977116d2-le64.cache-3
7ff874021000-7ff874024000 r--s 00000000 08:71 269311                     /var/cache/fontconfig/385c0604a188198f04d133e54aba7fe7-le64.cache-3
7ff874024000-7ff874025000 r--s 00000000 08:71 269309                     /var/cache/fontconfig/4794a0821666d79190d59a36cb4f44b5-le64.cache-3
7ff874025000-7ff874028000 r--s 00000000 08:71 269307                     /var/cache/fontconfig/8801497958630a81b71ace7c5f9b32a8-le64.cache-3
7ff874028000-7ff87402d000 r--s 00000000 08:71 269305                     /var/cache/fontconfig/3047814df9a2f067bd2d96a2b9c36e5a-le64.cache-3
7ff87402d000-7ff87402e000 r--s 00000000 08:71 269303                     /var/cache/fontconfig/56cf4f4769d0f4abc89a4895d7bd3ae1-le64.cache-3
7ff87402e000-7ff87402f000 r--s 00000000 08:71 269301                     /var/cache/fontconfig/b9d506c9ac06c20b433354fa67a72993-le64.cache-3
7ff87402f000-7ff874034000 r--s 00000000 08:71 269299                     /var/cache/fontconfig/b47c4e1ecd0709278f4910c18777a504-le64.cache-3
7ff874034000-7ff87403c000 r--s 00000000 08:71 282626                     /var/cache/fontconfig/52f7bdb7ce746bfd7eaa1985bd9cfa93-le64.cache-3
7ff87403c000-7ff87404c000 r--s 00000000 08:71 269297                     /var/cache/fontconfig/d52a8644073d54c13679302ca1180695-le64.cache-3
7ff87404c000-7ff874052000 r--s 00000000 08:71 269295                     /var/cache/fontconfig/3f7329c5293ffd510edef78f73874cfd-le64.cache-3
7ff874052000-7ff874055000 r--s 00000000 08:71 269274                     /var/cache/fontconfig/e13b20fdb08344e0e664864cc2ede53d-le64.cache-3
7ff874055000-7ff874059000 r--s 00000000 08:71 284737                     /var/cache/fontconfig/7ef2298fde41cc6eeb7af42e48b7d293-le64.cache-3
7ff874059000-7ff874062000 r--s 00000000 08:71 269329                     /var/cache/fontconfig/945677eb7aeaf62f1d50efc3fb3ec7d8-le64.cache-3
7ff874062000-7ff874064000 r--s 00000000 08:71 269325                     /var/cache/fontconfig/99e8ed0e538f840c565b6ed5dad60d56-le64.cache-3
7ff874064000-7ff87406c000 r--s 00000000 08:71 282627                     /var/cache/fontconfig/a6d8cf8e4ec09cdbc8633c31745a07dd-le64.cache-3
7ff87406c000-7ff874072000 r--s 00000000 08:71 269317                     /var/cache/fontconfig/a755afe4a08bf5b97852ceb7400b47bc-le64.cache-3
7ff874072000-7ff87407b000 r--s 00000000 08:71 269315                     /var/cache/fontconfig/6d41288fd70b0be22e8c3a91e032eec0-le64.cache-3
7ff87407b000-7ff8740a9000 r--s 00000000 08:71 284736                     /var/cache/fontconfig/365b55f210c0a22e9a19e35191240f32-le64.cache-3
7ff8740a9000-7ff8740ac000 ---p 00000000 00:00 0 
7ff8740ac000-7ff8741aa000 rw-p 00000000 00:00 0 
7ff8741aa000-7ff874240000 r-xp 00000000 08:71 1445262                    /usr/lib/x86_64-linux-gnu/libfreetype.so.6.8.0
7ff874240000-7ff87443f000 ---p 00096000 08:71 1445262                    /usr/lib/x86_64-linux-gnu/libfreetype.so.6.8.0
7ff87443f000-7ff874445000 r--p 00095000 08:71 1445262                    /usr/lib/x86_64-linux-gnu/libfreetype.so.6.8.0
7ff874445000-7ff874446000 rw-p 0009b000 08:71 1445262                    /usr/lib/x86_64-linux-gnu/libfreetype.so.6.8.0
7ff874446000-7ff874480000 r-xp 00000000 08:71 1444238                    /usr/lib/jvm/java-6-openjdk-amd64/jre/lib/amd64/libfontmanager.so
7ff874480000-7ff87467f000 ---p 0003a000 08:71 1444238                    /usr/lib/jvm/java-6-openjdk-amd64/jre/lib/amd64/libfontmanager.so
7ff87467f000-7ff874681000 r--p 00039000 08:71 1444238                    /usr/lib/jvm/java-6-openjdk-amd64/jre/lib/amd64/libfontmanager.so
7ff874681000-7ff874682000 rw-p 0003b000 08:71 1444238                    /usr/lib/jvm/java-6-openjdk-amd64/jre/lib/amd64/libfontmanager.so
7ff874682000-7ff87468a000 r-xp 00000000 08:71 1444612                    /usr/lib/jvm/java-6-openjdk-amd64/jre/lib/amd64/libnio.so
7ff87468a000-7ff874889000 ---p 00008000 08:71 1444612                    /usr/lib/jvm/java-6-openjdk-amd64/jre/lib/amd64/libnio.so
7ff874889000-7ff87488a000 r--p 00007000 08:71 1444612                    /usr/lib/jvm/java-6-openjdk-amd64/jre/lib/amd64/libnio.so
7ff87488a000-7ff87488b000 rw-p 00008000 08:71 1444612                    /usr/lib/jvm/java-6-openjdk-amd64/jre/lib/amd64/libnio.so
7ff87488b000-7ff8748bc000 rw-p 00000000 00:00 0 
7ff8748bc000-7ff8748d1000 r-xp 00000000 08:71 1444613                    /usr/lib/jvm/java-6-openjdk-amd64/jre/lib/amd64/libnet.so
7ff8748d1000-7ff874ad0000 ---p 00015000 08:71 1444613                    /usr/lib/jvm/java-6-openjdk-amd64/jre/lib/amd64/libnet.so
7ff874ad0000-7ff874ad1000 r--p 00014000 08:71 1444613                    /usr/lib/jvm/java-6-openjdk-amd64/jre/lib/amd64/libnet.so
7ff874ad1000-7ff874ad2000 rw-p 00015000 08:71 1444613                    /usr/lib/jvm/java-6-openjdk-amd64/jre/lib/amd64/libnet.so
7ff874ad2000-7ff874ad7000 r-xp 00000000 08:71 1445050                    /usr/lib/x86_64-linux-gnu/libXdmcp.so.6.0.0
7ff874ad7000-7ff874cd6000 ---p 00005000 08:71 1445050                    /usr/lib/x86_64-linux-gnu/libXdmcp.so.6.0.0
7ff874cd6000-7ff874cd7000 r--p 00004000 08:71 1445050                    /usr/lib/x86_64-linux-gnu/libXdmcp.so.6.0.0
7ff874cd7000-7ff874cd8000 rw-p 00005000 08:71 1445050                    /usr/lib/x86_64-linux-gnu/libXdmcp.so.6.0.0
7ff874cd8000-7ff874cda000 r-xp 00000000 08:71 1445037                    /usr/lib/x86_64-linux-gnu/libXau.so.6.0.0
7ff874cda000-7ff874ed9000 ---p 00002000 08:71 1445037                    /usr/lib/x86_64-linux-gnu/libXau.so.6.0.0
7ff874ed9000-7ff874eda000 r--p 00001000 08:71 1445037                    /usr/lib/x86_64-linux-gnu/libXau.so.6.0.0
7ff874eda000-7ff874edb000 rw-p 00002000 08:71 1445037                    /usr/lib/x86_64-linux-gnu/libXau.so.6.0.0
7ff874edb000-7ff874ef8000 r-xp 00000000 08:71 1438817                    /usr/lib/x86_64-linux-gnu/libxcb.so.1.1.0
7ff874ef8000-7ff8750f7000 ---p 0001d000 08:71 1438817                    /usr/lib/x86_64-linux-gnu/libxcb.so.1.1.0
7ff8750f7000-7ff8750f8000 r--p 0001c000 08:71 1438817                    /usr/lib/x86_64-linux-gnu/libxcb.so.1.1.0
7ff8750f8000-7ff8750f9000 rw-p 0001d000 08:71 1438817                    /usr/lib/x86_64-linux-gnu/libxcb.so.1.1.0
7ff8750f9000-7ff875107000 r-xp 00000000 08:71 1445058                    /usr/lib/x86_64-linux-gnu/libXi.so.6.1.0
7ff875107000-7ff875306000 ---p 0000e000 08:71 1445058                    /usr/lib/x86_64-linux-gnu/libXi.so.6.1.0
7ff875306000-7ff875307000 r--p 0000d000 08:71 1445058                    /usr/lib/x86_64-linux-gnu/libXi.so.6.1.0
7ff875307000-7ff875308000 rw-p 0000e000 08:71 1445058                    /usr/lib/x86_64-linux-gnu/libXi.so.6.1.0
7ff875308000-7ff87530d000 r-xp 00000000 08:71 1445078                    /usr/lib/x86_64-linux-gnu/libXtst.so.6.1.0
7ff87530d000-7ff87550c000 ---p 00005000 08:71 1445078                    /usr/lib/x86_64-linux-gnu/libXtst.so.6.1.0
7ff87550c000-7ff87550d000 r--p 00004000 08:71 1445078                    /usr/lib/x86_64-linux-gnu/libXtst.so.6.1.0
7ff87550d000-7ff87550e000 rw-p 00005000 08:71 1445078                    /usr/lib/x86_64-linux-gnu/libXtst.so.6.1.0
7ff87550e000-7ff875517000 r-xp 00000000 08:71 1445072                    /usr/lib/x86_64-linux-gnu/libXrender.so.1.3.0
7ff875517000-7ff875716000 ---p 00009000 08:71 1445072                    /usr/lib/x86_64-linux-gnu/libXrender.so.1.3.0
7ff875716000-7ff875717000 r--p 00008000 08:71 1445072                    /usr/lib/x86_64-linux-gnu/libXrender.so.1.3.0
7ff875717000-7ff875718000 rw-p 00009000 08:71 1445072                    /usr/lib/x86_64-linux-gnu/libXrender.so.1.3.0
7ff875718000-7ff875847000 r-xp 00000000 08:71 1445033                    /usr/lib/x86_64-linux-gnu/libX11.so.6.3.0
7ff875847000-7ff875a47000 ---p 0012f000 08:71 1445033                    /usr/lib/x86_64-linux-gnu/libX11.so.6.3.0
7ff875a47000-7ff875a48000 r--p 0012f000 08:71 1445033                    /usr/lib/x86_64-linux-gnu/libX11.so.6.3.0
7ff875a48000-7ff875a4c000 rw-p 00130000 08:71 1445033                    /usr/lib/x86_64-linux-gnu/libX11.so.6.3.0
7ff875a4c000-7ff875a5c000 r-xp 00000000 08:71 1445052                    /usr/lib/x86_64-linux-gnu/libXext.so.6.4.0
7ff875a5c000-7ff875c5b000 ---p 00010000 08:71 1445052                    /usr/lib/x86_64-linux-gnu/libXext.so.6.4.0
7ff875c5b000-7ff875c5c000 r--p 0000f000 08:71 1445052                    /usr/lib/x86_64-linux-gnu/libXext.so.6.4.0
7ff875c5c000-7ff875c5d000 rw-p 00010000 08:71 1445052                    /usr/lib/x86_64-linux-gnu/libXext.so.6.4.0
7ff875c5d000-7ff875c61000 r--s 00000000 08:71 269323                     /var/cache/fontconfig/2cd17615ca594fa2959ae173292e504c-le64.cache-3
7ff875c61000-7ff875c71000 r--s 00000000 08:71 269313                     /var/cache/fontconfig/04aabc0a78ac019cf9454389977116d2-le64.cache-3
7ff875c71000-7ff875c74000 r--s 00000000 08:71 269311                     /var/cache/fontconfig/385c0604a188198f04d133e54aba7fe7-le64.cache-3
7ff875c74000-7ff875c77000 r--s 00000000 08:71 269307                     /var/cache/fontconfig/8801497958630a81b71ace7c5f9b32a8-le64.cache-3
7ff875c77000-7ff875c7c000 r--s 00000000 08:71 269305                     /var/cache/fontconfig/3047814df9a2f067bd2d96a2b9c36e5a-le64.cache-3
7ff875c7c000-7ff875cc7000 r-xp 00000000 08:71 1566906                    /usr/lib/jvm/java-6-openjdk-amd64/jre/lib/amd64/xawt/libmawt.so
7ff875cc7000-7ff875ec7000 ---p 0004b000 08:71 1566906                    /usr/lib/jvm/java-6-openjdk-amd64/jre/lib/amd64/xawt/libmawt.so
7ff875ec7000-7ff875ec8000 r--p 0004b000 08:71 1566906                    /usr/lib/jvm/java-6-openjdk-amd64/jre/lib/amd64/xawt/libmawt.so
7ff875ec8000-7ff875ecb000 rw-p 0004c000 08:71 1566906                    /usr/lib/jvm/java-6-openjdk-amd64/jre/lib/amd64/xawt/libmawt.so
7ff875ecb000-7ff875ecc000 rw-p 00000000 00:00 0 
7ff875ecc000-7ff875f78000 r-xp 00000000 08:71 1444628                    /usr/lib/jvm/java-6-openjdk-amd64/jre/lib/amd64/libawt.so
7ff875f78000-7ff876177000 ---p 000ac000 08:71 1444628                    /usr/lib/jvm/java-6-openjdk-amd64/jre/lib/amd64/libawt.so
7ff876177000-7ff876178000 r--p 000ab000 08:71 1444628                    /usr/lib/jvm/java-6-openjdk-amd64/jre/lib/amd64/libawt.so
7ff876178000-7ff876183000 rw-p 000ac000 08:71 1444628                    /usr/lib/jvm/java-6-openjdk-amd64/jre/lib/amd64/libawt.so
7ff876183000-7ff8761a8000 rw-p 00000000 00:00 0 
7ff8761a8000-7ff8761ac000 r--s 0007d000 08:71 1567256                    /usr/lib/jvm/java-6-openjdk-common/jre/lib/jsse.jar
7ff8761ac000-7ff8761b3000 r--s 000fb000 08:71 1570124                    /usr/lib/jvm/java-6-openjdk-common/jre/lib/resources.jar
7ff8761b3000-7ff8761b4000 r--s 00000000 08:71 1374820                    /home/duffy/netbeans-7.2.1/java/modules/ext/AbsoluteLayout.jar
7ff8761b4000-7ff8761c6000 r--s 000bb000 08:71 1390454                    /home/duffy/movie-renamer/mr-ui/lib/glazedlists-1.8.0_java15.jar
7ff8761c6000-7ff8761cb000 r--s 00026000 08:71 1387621                    /home/duffy/movie-renamer/mr-core/lib/Mr-core.jar
7ff8761cb000-7ff8761fe000 r--s 00240000 08:71 1382780                    /home/duffy/movie-renamer/mr-ui/lib/WebLookAndFeel.jar
7ff8761fe000-7ff876202000 r--s 000a6000 08:71 1306195                    /home/duffy/movie-renamer/mr-ui/lib/jna.jar
7ff876202000-7ff876204000 r--s 0000a000 08:71 1306033                    /home/duffy/movie-renamer/mr-core/lib/xmlrpc.jar
7ff876204000-7ff87621c000 r--s 00115000 08:71 1306032                    /home/duffy/movie-renamer/mr-core/lib/xercesImpl.jar
7ff87621c000-7ff87621e000 r--s 00005000 08:71 1383309                    /home/duffy/movie-renamer/mr-core/lib/slf4j.jar
7ff87621e000-7ff876221000 r--s 00022000 08:71 1306028                    /home/duffy/movie-renamer/mr-core/lib/nekohtml.jar
7ff876221000-7ff876222000 r--s 00005000 08:71 1306027                    /home/duffy/movie-renamer/mr-core/lib/json-simple-1.1.1.jar
7ff876222000-7ff876227000 r--s 00044000 08:71 1306025                    /home/duffy/movie-renamer/mr-core/lib/jdom-2.0.3.jar
7ff876227000-7ff87623d000 r--s 000e1000 08:71 1306024                    /home/duffy/movie-renamer/mr-core/lib/ehcache.jar
7ff87623d000-7ff876240000 r--s 00077000 08:71 1570123                    /usr/lib/jvm/java-6-openjdk-common/jre/lib/ext/localedata.jar
7ff876240000-7ff876241000 r--s 00007000 08:71 1706997                    /usr/share/java/java-atk-wrapper.jar
7ff876241000-7ff876244000 r--s 00031000 08:71 1570119                    /usr/lib/jvm/java-6-openjdk-common/jre/lib/ext/sunjce_provider.jar
7ff876244000-7ff876246000 r--s 0000f000 08:71 1570120                    /usr/lib/jvm/java-6-openjdk-common/jre/lib/ext/pulse-java.jar
7ff876246000-7ff87624a000 r--s 00038000 08:71 1570121                    /usr/lib/jvm/java-6-openjdk-common/jre/lib/ext/sunpkcs11.jar
7ff87624a000-7ff87624c000 r--s 00001000 08:71 1570122                    /usr/lib/jvm/java-6-openjdk-common/jre/lib/ext/dnsns.jar
7ff87624c000-7ff87624d000 ---p 00000000 00:00 0 
7ff87624d000-7ff87634d000 rw-p 00000000 00:00 0 
7ff87634d000-7ff876350000 ---p 00000000 00:00 0 
7ff876350000-7ff87644e000 rw-p 00000000 00:00 0 
7ff87644e000-7ff876451000 ---p 00000000 00:00 0 
7ff876451000-7ff87654f000 rw-p 00000000 00:00 0 
7ff87654f000-7ff876552000 ---p 00000000 00:00 0 
7ff876552000-7ff876650000 rw-p 00000000 00:00 0 
7ff876650000-7ff876653000 ---p 00000000 00:00 0 
7ff876653000-7ff876751000 rw-p 00000000 00:00 0 
7ff876751000-7ff876e35000 r--p 00000000 08:71 1443890                    /usr/lib/locale/locale-archive
7ff876e35000-7ff876e38000 ---p 00000000 00:00 0 
7ff876e38000-7ff876f36000 rw-p 00000000 00:00 0 
7ff876f36000-7ff876f39000 ---p 00000000 00:00 0 
7ff876f39000-7ff877037000 rw-p 00000000 00:00 0 
7ff877037000-7ff877038000 ---p 00000000 00:00 0 
7ff877038000-7ff877a74000 rw-p 00000000 00:00 0 
7ff877a74000-7ff877c06000 r--s 037c2000 08:71 1444633                    /usr/lib/jvm/java-6-openjdk-amd64/jre/lib/rt.jar
7ff877c06000-7ff877c2e000 rw-p 00000000 00:00 0 
7ff877c2e000-7ff877c2f000 ---p 00000000 00:00 0 
7ff877c2f000-7ff877d2f000 rw-p 00000000 00:00 0 
7ff877d2f000-7ff877d30000 ---p 00000000 00:00 0 
7ff877d30000-7ff877e30000 rw-p 00000000 00:00 0 
7ff877e30000-7ff877e31000 ---p 00000000 00:00 0 
7ff877e31000-7ff877f31000 rw-p 00000000 00:00 0 
7ff877f31000-7ff877f32000 ---p 00000000 00:00 0 
7ff877f32000-7ff878032000 rw-p 00000000 00:00 0 
7ff878032000-7ff878033000 ---p 00000000 00:00 0 
7ff878033000-7ff878133000 rw-p 00000000 00:00 0 
7ff878133000-7ff878134000 ---p 00000000 00:00 0 
7ff878134000-7ff878234000 rw-p 00000000 00:00 0 
7ff878234000-7ff878235000 ---p 00000000 00:00 0 
7ff878235000-7ff878335000 rw-p 00000000 00:00 0 
7ff878335000-7ff878336000 ---p 00000000 00:00 0 
7ff878336000-7ff878447000 rw-p 00000000 00:00 0 
7ff878447000-7ff878489000 rw-p 00000000 00:00 0 
7ff878489000-7ff87849a000 rw-p 00000000 00:00 0 
7ff87849a000-7ff8784dc000 rw-p 00000000 00:00 0 
7ff8784dc000-7ff8784fb000 rw-p 00000000 00:00 0 
7ff8784fb000-7ff8786cc000 rw-p 00000000 00:00 0 
7ff8786cc000-7ff8786e8000 rw-p 00000000 00:00 0 
7ff8786e8000-7ff8787c4000 rw-p 00000000 00:00 0 
7ff8787c4000-7ff8787c5000 rw-p 00000000 00:00 0 
7ff8787c5000-7ff878a35000 rwxp 00000000 00:00 0 
7ff878a35000-7ff87b7c5000 rw-p 00000000 00:00 0 
7ff87b7c5000-7ff87b7cc000 r-xp 00000000 08:71 1444622                    /usr/lib/jvm/java-6-openjdk-amd64/jre/lib/amd64/libzip.so
7ff87b7cc000-7ff87b9cb000 ---p 00007000 08:71 1444622                    /usr/lib/jvm/java-6-openjdk-amd64/jre/lib/amd64/libzip.so
7ff87b9cb000-7ff87b9cc000 r--p 00006000 08:71 1444622                    /usr/lib/jvm/java-6-openjdk-amd64/jre/lib/amd64/libzip.so
7ff87b9cc000-7ff87b9cd000 rw-p 00007000 08:71 1444622                    /usr/lib/jvm/java-6-openjdk-amd64/jre/lib/amd64/libzip.so
7ff87b9cd000-7ff87b9d9000 r-xp 00000000 08:71 545308                     /lib/x86_64-linux-gnu/libnss_files-2.15.so
7ff87b9d9000-7ff87bbd8000 ---p 0000c000 08:71 545308                     /lib/x86_64-linux-gnu/libnss_files-2.15.so
7ff87bbd8000-7ff87bbd9000 r--p 0000b000 08:71 545308                     /lib/x86_64-linux-gnu/libnss_files-2.15.so
7ff87bbd9000-7ff87bbda000 rw-p 0000c000 08:71 545308                     /lib/x86_64-linux-gnu/libnss_files-2.15.so
7ff87bbda000-7ff87bbe4000 r-xp 00000000 08:71 545304                     /lib/x86_64-linux-gnu/libnss_nis-2.15.so
7ff87bbe4000-7ff87bde4000 ---p 0000a000 08:71 545304                     /lib/x86_64-linux-gnu/libnss_nis-2.15.so
7ff87bde4000-7ff87bde5000 r--p 0000a000 08:71 545304                     /lib/x86_64-linux-gnu/libnss_nis-2.15.so
7ff87bde5000-7ff87bde6000 rw-p 0000b000 08:71 545304                     /lib/x86_64-linux-gnu/libnss_nis-2.15.so
7ff87bde6000-7ff87bdfd000 r-xp 00000000 08:71 545320                     /lib/x86_64-linux-gnu/libnsl-2.15.so
7ff87bdfd000-7ff87bffc000 ---p 00017000 08:71 545320                     /lib/x86_64-linux-gnu/libnsl-2.15.so
7ff87bffc000-7ff87bffd000 r--p 00016000 08:71 545320                     /lib/x86_64-linux-gnu/libnsl-2.15.so
7ff87bffd000-7ff87bffe000 rw-p 00017000 08:71 545320                     /lib/x86_64-linux-gnu/libnsl-2.15.so
7ff87bffe000-7ff87c000000 rw-p 00000000 00:00 0 
7ff87c000000-7ff87c471000 rw-p 00000000 00:00 0 
7ff87c471000-7ff880000000 ---p 00000000 00:00 0 
7ff880000000-7ff880001000 r--s 00000000 08:71 269331                     /var/cache/fontconfig/c05880de57d1f5e948fdfacc138775d9-le64.cache-3
7ff880001000-7ff880002000 r--s 00000000 08:71 269321                     /var/cache/fontconfig/e7071f4a29fa870f4323321c154eba04-le64.cache-3
7ff880002000-7ff880021000 rw-p 00000000 00:00 0 
7ff880021000-7ff8801f2000 rw-p 00000000 00:00 0 
7ff8801f2000-7ff8801fa000 r-xp 00000000 08:71 545309                     /lib/x86_64-linux-gnu/libnss_compat-2.15.so
7ff8801fa000-7ff8803f9000 ---p 00008000 08:71 545309                     /lib/x86_64-linux-gnu/libnss_compat-2.15.so
7ff8803f9000-7ff8803fa000 r--p 00007000 08:71 545309                     /lib/x86_64-linux-gnu/libnss_compat-2.15.so
7ff8803fa000-7ff8803fb000 rw-p 00008000 08:71 545309                     /lib/x86_64-linux-gnu/libnss_compat-2.15.so
7ff8803fb000-7ff880427000 r-xp 00000000 08:71 1443714                    /usr/lib/jvm/java-6-openjdk-amd64/jre/lib/amd64/libjava.so
7ff880427000-7ff880626000 ---p 0002c000 08:71 1443714                    /usr/lib/jvm/java-6-openjdk-amd64/jre/lib/amd64/libjava.so
7ff880626000-7ff880627000 r--p 0002b000 08:71 1443714                    /usr/lib/jvm/java-6-openjdk-amd64/jre/lib/amd64/libjava.so
7ff880627000-7ff88062a000 rw-p 0002c000 08:71 1443714                    /usr/lib/jvm/java-6-openjdk-amd64/jre/lib/amd64/libjava.so
7ff88062a000-7ff880638000 r-xp 00000000 08:71 1444615                    /usr/lib/jvm/java-6-openjdk-amd64/jre/lib/amd64/libverify.so
7ff880638000-7ff880837000 ---p 0000e000 08:71 1444615                    /usr/lib/jvm/java-6-openjdk-amd64/jre/lib/amd64/libverify.so
7ff880837000-7ff880839000 r--p 0000d000 08:71 1444615                    /usr/lib/jvm/java-6-openjdk-amd64/jre/lib/amd64/libverify.so
7ff880839000-7ff88083a000 rw-p 0000f000 08:71 1444615                    /usr/lib/jvm/java-6-openjdk-amd64/jre/lib/amd64/libverify.so
7ff88083a000-7ff880841000 r-xp 00000000 08:71 545301                     /lib/x86_64-linux-gnu/librt-2.15.so
7ff880841000-7ff880a40000 ---p 00007000 08:71 545301                     /lib/x86_64-linux-gnu/librt-2.15.so
7ff880a40000-7ff880a41000 r--p 00006000 08:71 545301                     /lib/x86_64-linux-gnu/librt-2.15.so
7ff880a41000-7ff880a42000 rw-p 00007000 08:71 545301                     /lib/x86_64-linux-gnu/librt-2.15.so
7ff880a42000-7ff880a57000 r-xp 00000000 08:71 526320                     /lib/x86_64-linux-gnu/libgcc_s.so.1
7ff880a57000-7ff880c56000 ---p 00015000 08:71 526320                     /lib/x86_64-linux-gnu/libgcc_s.so.1
7ff880c56000-7ff880c57000 r--p 00014000 08:71 526320                     /lib/x86_64-linux-gnu/libgcc_s.so.1
7ff880c57000-7ff880c58000 rw-p 00015000 08:71 526320                     /lib/x86_64-linux-gnu/libgcc_s.so.1
7ff880c58000-7ff880d53000 r-xp 00000000 08:71 545306                     /lib/x86_64-linux-gnu/libm-2.15.so
7ff880d53000-7ff880f52000 ---p 000fb000 08:71 545306                     /lib/x86_64-linux-gnu/libm-2.15.so
7ff880f52000-7ff880f53000 r--p 000fa000 08:71 545306                     /lib/x86_64-linux-gnu/libm-2.15.so
7ff880f53000-7ff880f54000 rw-p 000fb000 08:71 545306                     /lib/x86_64-linux-gnu/libm-2.15.so
7ff880f54000-7ff881036000 r-xp 00000000 08:71 1445619                    /usr/lib/x86_64-linux-gnu/libstdc++.so.6.0.16
7ff881036000-7ff881235000 ---p 000e2000 08:71 1445619                    /usr/lib/x86_64-linux-gnu/libstdc++.so.6.0.16
7ff881235000-7ff88123d000 r--p 000e1000 08:71 1445619                    /usr/lib/x86_64-linux-gnu/libstdc++.so.6.0.16
7ff88123d000-7ff88123f000 rw-p 000e9000 08:71 1445619                    /usr/lib/x86_64-linux-gnu/libstdc++.so.6.0.16
7ff88123f000-7ff881254000 rw-p 00000000 00:00 0 
7ff881254000-7ff881b59000 r-xp 00000000 08:71 1566993                    /usr/lib/jvm/java-6-openjdk-amd64/jre/lib/amd64/server/libjvm.so
7ff881b59000-7ff881d59000 ---p 00905000 08:71 1566993                    /usr/lib/jvm/java-6-openjdk-amd64/jre/lib/amd64/server/libjvm.so
7ff881d59000-7ff881dd9000 r--p 00905000 08:71 1566993                    /usr/lib/jvm/java-6-openjdk-amd64/jre/lib/amd64/server/libjvm.so
7ff881dd9000-7ff881df4000 rw-p 00985000 08:71 1566993                    /usr/lib/jvm/java-6-openjdk-amd64/jre/lib/amd64/server/libjvm.so
7ff881df4000-7ff881e1d000 rw-p 00000000 00:00 0 
7ff881e1d000-7ff881e33000 r-xp 00000000 08:71 526410                     /lib/x86_64-linux-gnu/libz.so.1.2.3.4
7ff881e33000-7ff882032000 ---p 00016000 08:71 526410                     /lib/x86_64-linux-gnu/libz.so.1.2.3.4
7ff882032000-7ff882033000 r--p 00015000 08:71 526410                     /lib/x86_64-linux-gnu/libz.so.1.2.3.4
7ff882033000-7ff882034000 rw-p 00016000 08:71 526410                     /lib/x86_64-linux-gnu/libz.so.1.2.3.4
7ff882034000-7ff8821e9000 r-xp 00000000 08:71 545297                     /lib/x86_64-linux-gnu/libc-2.15.so
7ff8821e9000-7ff8823e8000 ---p 001b5000 08:71 545297                     /lib/x86_64-linux-gnu/libc-2.15.so
7ff8823e8000-7ff8823ec000 r--p 001b4000 08:71 545297                     /lib/x86_64-linux-gnu/libc-2.15.so
7ff8823ec000-7ff8823ee000 rw-p 001b8000 08:71 545297                     /lib/x86_64-linux-gnu/libc-2.15.so
7ff8823ee000-7ff8823f3000 rw-p 00000000 00:00 0 
7ff8823f3000-7ff8823f5000 r-xp 00000000 08:71 523146                     /lib/x86_64-linux-gnu/libdl-2.15.so
7ff8823f5000-7ff8825f5000 ---p 00002000 08:71 523146                     /lib/x86_64-linux-gnu/libdl-2.15.so
7ff8825f5000-7ff8825f6000 r--p 00002000 08:71 523146                     /lib/x86_64-linux-gnu/libdl-2.15.so
7ff8825f6000-7ff8825f7000 rw-p 00003000 08:71 523146                     /lib/x86_64-linux-gnu/libdl-2.15.so
7ff8825f7000-7ff8825fb000 r-xp 00000000 08:71 1566995                    /usr/lib/jvm/java-6-openjdk-amd64/jre/lib/amd64/jli/libjli.so
7ff8825fb000-7ff8827fa000 ---p 00004000 08:71 1566995                    /usr/lib/jvm/java-6-openjdk-amd64/jre/lib/amd64/jli/libjli.so
7ff8827fa000-7ff8827fb000 r--p 00003000 08:71 1566995                    /usr/lib/jvm/java-6-openjdk-amd64/jre/lib/amd64/jli/libjli.so
7ff8827fb000-7ff8827fc000 rw-p 00004000 08:71 1566995                    /usr/lib/jvm/java-6-openjdk-amd64/jre/lib/amd64/jli/libjli.so
7ff8827fc000-7ff882814000 r-xp 00000000 08:71 545299                     /lib/x86_64-linux-gnu/libpthread-2.15.so
7ff882814000-7ff882a13000 ---p 00018000 08:71 545299                     /lib/x86_64-linux-gnu/libpthread-2.15.so
7ff882a13000-7ff882a14000 r--p 00017000 08:71 545299                     /lib/x86_64-linux-gnu/libpthread-2.15.so
7ff882a14000-7ff882a15000 rw-p 00018000 08:71 545299                     /lib/x86_64-linux-gnu/libpthread-2.15.so
7ff882a15000-7ff882a19000 rw-p 00000000 00:00 0 
7ff882a19000-7ff882a3b000 r-xp 00000000 08:71 545314                     /lib/x86_64-linux-gnu/ld-2.15.so
7ff882a3b000-7ff882a3c000 r--s 00000000 08:71 269319                     /var/cache/fontconfig/0d8c3b2ac0904cb8a57a757ad11a4a08-le64.cache-3
7ff882a3c000-7ff882a44000 r--s 00000000 08:71 282626                     /var/cache/fontconfig/52f7bdb7ce746bfd7eaa1985bd9cfa93-le64.cache-3
7ff882a44000-7ff882a54000 r--s 00000000 08:71 269297                     /var/cache/fontconfig/d52a8644073d54c13679302ca1180695-le64.cache-3
7ff882a54000-7ff882a5e000 rw-p 00000000 00:00 0 
7ff882a5e000-7ff882b14000 rw-p 00000000 00:00 0 
7ff882b14000-7ff882b17000 ---p 00000000 00:00 0 
7ff882b17000-7ff882c1a000 rw-p 00000000 00:00 0 
7ff882c1a000-7ff882c1b000 r--s 00000000 08:71 269309                     /var/cache/fontconfig/4794a0821666d79190d59a36cb4f44b5-le64.cache-3
7ff882c1b000-7ff882c1c000 r--s 00000000 08:71 269303                     /var/cache/fontconfig/56cf4f4769d0f4abc89a4895d7bd3ae1-le64.cache-3
7ff882c1c000-7ff882c1d000 r--s 00000000 08:71 269301                     /var/cache/fontconfig/b9d506c9ac06c20b433354fa67a72993-le64.cache-3
7ff882c1d000-7ff882c22000 r--s 00000000 08:71 269299                     /var/cache/fontconfig/b47c4e1ecd0709278f4910c18777a504-le64.cache-3
7ff882c22000-7ff882c28000 r--s 00000000 08:71 269295                     /var/cache/fontconfig/3f7329c5293ffd510edef78f73874cfd-le64.cache-3
7ff882c28000-7ff882c2b000 r--s 00000000 08:71 269274                     /var/cache/fontconfig/e13b20fdb08344e0e664864cc2ede53d-le64.cache-3
7ff882c2b000-7ff882c2f000 r--s 00000000 08:71 284737                     /var/cache/fontconfig/7ef2298fde41cc6eeb7af42e48b7d293-le64.cache-3
7ff882c2f000-7ff882c37000 rw-s 00000000 08:71 792952                     /tmp/hsperfdata_duffy/20020
7ff882c37000-7ff882c38000 rw-p 00000000 00:00 0 
7ff882c38000-7ff882c39000 r--p 00000000 00:00 0 
7ff882c39000-7ff882c3b000 rw-p 00000000 00:00 0 
7ff882c3b000-7ff882c3c000 r--p 00022000 08:71 545314                     /lib/x86_64-linux-gnu/ld-2.15.so
7ff882c3c000-7ff882c3e000 rw-p 00023000 08:71 545314                     /lib/x86_64-linux-gnu/ld-2.15.so
7fffa4e68000-7fffa4e89000 rw-p 00000000 00:00 0                          [stack]
7fffa4fff000-7fffa5000000 r-xp 00000000 00:00 0                          [vdso]
ffffffffff600000-ffffffffff601000 r-xp 00000000 00:00 0                  [vsyscall]

VM Arguments:
jvm_args: -Dfile.encoding=UTF-8 
java_command: fr.free.movierenamer.ui.Main
Launcher Type: SUN_STANDARD

Environment Variables:
PATH=/usr/local/sbin:/usr/local/bin:/usr/sbin:/usr/bin:/sbin:/bin:/usr/games
USERNAME=duffy
LD_LIBRARY_PATH=/usr/lib/jvm/java-6-openjdk-amd64/jre/lib/amd64/server:/usr/lib/jvm/java-6-openjdk-amd64/jre/lib/amd64:/usr/lib/jvm/java-6-openjdk-amd64/jre/../lib/amd64:/usr/lib/jvm/default-java/jre/lib/amd64:/usr/lib/jvm/default-java/jre/lib/i386:
SHELL=/bin/bash
DISPLAY=:0.0

Signal Handlers:
SIGSEGV: [libjvm.so+0x7852e0], sa_mask[0]=0x7ffbfeff, sa_flags=0x10000004
SIGBUS: [libjvm.so+0x7852e0], sa_mask[0]=0x7ffbfeff, sa_flags=0x10000004
SIGFPE: [libjvm.so+0x648d40], sa_mask[0]=0x7ffbfeff, sa_flags=0x10000004
SIGPIPE: [libjvm.so+0x648d40], sa_mask[0]=0x7ffbfeff, sa_flags=0x10000004
SIGXFSZ: [libjvm.so+0x648d40], sa_mask[0]=0x7ffbfeff, sa_flags=0x10000004
SIGILL: [libjvm.so+0x648d40], sa_mask[0]=0x7ffbfeff, sa_flags=0x10000004
SIGUSR1: SIG_DFL, sa_mask[0]=0x00000000, sa_flags=0x00000000
SIGUSR2: [libjvm.so+0x648ef0], sa_mask[0]=0x00000004, sa_flags=0x10000004
SIGHUP: [libjvm.so+0x64ba10], sa_mask[0]=0x7ffbfeff, sa_flags=0x10000004
SIGINT: SIG_IGN, sa_mask[0]=0x00000000, sa_flags=0x00000000
SIGTERM: [libjvm.so+0x64ba10], sa_mask[0]=0x7ffbfeff, sa_flags=0x10000004
SIGQUIT: [libjvm.so+0x64ba10], sa_mask[0]=0x7ffbfeff, sa_flags=0x10000004


---------------  S Y S T E M  ---------------

OS:LinuxMint 13 (maya)
uname:Linux 3.2.0-23-generic #36-Ubuntu SMP Tue Apr 10 20:39:51 UTC 2012 x86_64
libc:glibc 2.15 NPTL 2.15 
rlimit: STACK 8192k, CORE 0k, NPROC 47469, NOFILE 4096, AS infinity
load average:0,99 0,99 0,98

/proc/meminfo:
MemTotal:        6093688 kB
MemFree:         1358916 kB
Buffers:           25692 kB
Cached:          1299132 kB
SwapCached:        43252 kB
Active:          3024516 kB
Inactive:        1379208 kB
Active(anon):    2248500 kB
Inactive(anon):   848508 kB
Active(file):     776016 kB
Inactive(file):   530700 kB
Unevictable:           0 kB
Mlocked:               0 kB
SwapTotal:       1894396 kB
SwapFree:        1617888 kB
Dirty:               424 kB
Writeback:             0 kB
AnonPages:       3039960 kB
Mapped:           107452 kB
Shmem:             18108 kB
Slab:             152672 kB
SReclaimable:      98632 kB
SUnreclaim:        54040 kB
KernelStack:        3960 kB
PageTables:        33668 kB
NFS_Unstable:          0 kB
Bounce:                0 kB
WritebackTmp:          0 kB
CommitLimit:     4941240 kB
Committed_AS:    5223276 kB
VmallocTotal:   34359738367 kB
VmallocUsed:      166976 kB
VmallocChunk:   34359556604 kB
HardwareCorrupted:     0 kB
AnonHugePages:         0 kB
HugePages_Total:       0
HugePages_Free:        0
HugePages_Rsvd:        0
HugePages_Surp:        0
Hugepagesize:       2048 kB
DirectMap4k:     3067904 kB
DirectMap2M:     3207168 kB


CPU:total 8 (4 cores per cpu, 2 threads per core) family 6 model 42 stepping 7, cmov, cx8, fxsr, mmx, sse, sse2, sse3, ssse3, sse4.1, sse4.2, popcnt, ht

Memory: 4k page, physical 6093688k(1358916k free), swap 1894396k(1617888k free)

vm_info: OpenJDK 64-Bit Server VM (20.0-b12) for linux-amd64 JRE (1.6.0_24-b24), built on Oct 24 2012 16:17:28 by "buildd" with gcc 4.6.3

time: Fri Jan 18 21:58:11 2013
elapsed time: 14 seconds

