#
# A fatal error has been detected by the Java Runtime Environment:
#
#  SIGSEGV (0xb) at pc=0x00007f98de0d2920, pid=12243, tid=140294406424320
#
# JRE version: 6.0_24-b24
# Java VM: OpenJDK 64-Bit Server VM (20.0-b12 mixed mode linux-amd64 compressed oops)
# Derivative: IcedTea6 1.11.5
# Distribution: Ubuntu 12.04 LTS, package 6b24-1.11.5-0ubuntu1~12.04.1
# Problematic frame:
# C  [libdbus-1.so.3+0x26920]  dbus_watch_handle+0x1b20
#
# If you would like to submit a bug report, please include
# instructions how to reproduce the bug and visit:
#   https://bugs.launchpad.net/ubuntu/+source/openjdk-6/
# The crash happened outside the Java Virtual Machine in native code.
# See problematic frame for where to report the bug.
#

---------------  T H R E A D  ---------------

Current thread (0x00007f987c38f800):  JavaThread "SwingWorker-pool-1-thread-12" [_thread_in_native, id=12311, stack(0x00007f98d6324000,0x00007f98d6425000)]

siginfo:si_signo=SIGSEGV: si_errno=0, si_code=1 (SEGV_MAPERR), si_addr=0x0000000000000008

Registers:
RAX=0x0000000000000000, RBX=0x00007f98e8428240, RCX=0x00007f98f1c3233d, RDX=0x0000000000000001
RSP=0x00007f98d6420ed8, RBP=0x00007f98e8427d20, RSI=0x0000000000000000, RDI=0x00007f98e8427d50
R8 =0x00007f98e8428290, R9 =0x00007f98e84283b0, R10=0x00007f9828001970, R11=0x0000000000000000
R12=0x00007f98e8427e00, R13=0x00000000000000cc, R14=0x00007f98e8427838, R15=0x00000000000000a0
RIP=0x00007f98de0d2920, EFLAGS=0x0000000000010246, CSGSFS=0x0000000000000033, ERR=0x0000000000000004
  TRAPNO=0x000000000000000e

Top of Stack: (sp=0x00007f98d6420ed8)
0x00007f98d6420ed8:   00007f98de0b73fc 00007f98e8428240
0x00007f98d6420ee8:   0000000000000000 00007f98e8427780
0x00007f98d6420ef8:   00000000000000cc 00007f98e8428240
0x00007f98d6420f08:   00007f98de0cfdac 000000000000002c
0x00007f98d6420f18:   0000000000000000 0000000000000000
0x00007f98d6420f28:   0000003200000008 00007f98e8428248
0x00007f98d6420f38:   00007f98e8428290 0000000000000000
0x00007f98d6420f48:   00000000f1c2e104 00007f9828000020
0x00007f98d6420f58:   00007f98e8427780 0000000000000001
0x00007f98d6420f68:   0000000000000000 00000000ffffffff
0x00007f98d6420f78:   00000000ffffffff 000000000000001d
0x00007f98d6420f88:   00007f98de0d0056 0000000000000022
0x00007f98d6420f98:   00007f98de0d3e45 00007f98e8427780
0x00007f98d6420fa8:   0000000000000001 0000000000000000
0x00007f98d6420fb8:   00000000ffffffff 00007f9828000e40
0x00007f98d6420fc8:   00007f98de0cee0d 00000000ffffffff
0x00007f98d6420fd8:   00007f9800000001 00007f98e8427d20
0x00007f98d6420fe8:   00007f98de0b9d25 00007f98e8427d20
0x00007f98d6420ff8:   00007f98e8428090 00007f9828001970
0x00007f98d6421008:   0000000000000000 00007f9828000e40
0x00007f98d6421018:   00007f98de0b9e42 00007f98e8427d20
0x00007f98d6421028:   00007f98e8427d20 00007f98e8428090
0x00007f98d6421038:   00007f98d64210b8 00007f9828000df0
0x00007f98d6421048:   00007f98de0ba250 00007f98e8428090
0x00007f98d6421058:   00007f98e8427d20 00007f98e8428090
0x00007f98d6421068:   00007f98de0ba402 000000100000008f
0x00007f98d6421078:   00007f98e8427d20 00007f98d6421180
0x00007f98d6421088:   00007f98e8428090 00000000ffffffff
0x00007f98d6421098:   00007f98d642122c 00007f98d6421228
0x00007f98d64210a8:   00007f98de0ba629 0000000000000000
0x00007f98d64210b8:   0000000000000000 00007f98e83eeaf0
0x00007f98d64210c8:   00007f98e8428090 00007f98d6421218 

Instructions: (pc=0x00007f98de0d2920)
0x00007f98de0d2900:   10 c3 66 0f 1f 44 00 00 48 89 12 48 89 52 08 48
0x00007f98de0d2910:   89 17 c3 0f 1f 44 00 00 48 89 d6 e9 80 fe ff ff
0x00007f98de0d2920:   48 8b 46 08 48 39 f0 74 47 48 8b 16 48 89 42 08
0x00007f98de0d2930:   48 8b 46 08 48 8b 16 48 89 10 48 39 37 74 11 48 

Register to memory mapping:

RAX=0x0000000000000000 is an unknown value
RBX=0x00007f98e8428240 is an unknown value
RCX=0x00007f98f1c3233d: sendmsg+0x2d in /lib/x86_64-linux-gnu/libpthread.so.0 at 0x00007f98f1c23000
RDX=0x0000000000000001 is an unknown value
RSP=0x00007f98d6420ed8 is pointing into the stack for thread: 0x00007f987c38f800
RBP=0x00007f98e8427d20 is an unknown value
RSI=0x0000000000000000 is an unknown value
RDI=0x00007f98e8427d50 is an unknown value
R8 =0x00007f98e8428290 is an unknown value
R9 =0x00007f98e84283b0 is an unknown value
R10=0x00007f9828001970 is an unknown value
R11=0x0000000000000000 is an unknown value
R12=0x00007f98e8427e00 is an unknown value
R13=0x00000000000000cc is an unknown value
R14=0x00007f98e8427838 is an unknown value
R15=0x00000000000000a0 is an unknown value


Stack: [0x00007f98d6324000,0x00007f98d6425000],  sp=0x00007f98d6420ed8,  free space=1011k
Native frames: (J=compiled Java code, j=interpreted, Vv=VM code, C=native code)
C  [libdbus-1.so.3+0x26920]  dbus_watch_handle+0x1b20

Java frames: (J=compiled Java code, j=interpreted, Vv=VM code)
j  sun.net.spi.DefaultProxySelector.getSystemProxy(Ljava/lang/String;Ljava/lang/String;)Ljava/net/Proxy;+0
j  sun.net.spi.DefaultProxySelector.access$100(Lsun/net/spi/DefaultProxySelector;Ljava/lang/String;Ljava/lang/String;)Ljava/net/Proxy;+3
j  sun.net.spi.DefaultProxySelector$2.run()Ljava/lang/Object;+151
v  ~StubRoutines::call_stub
j  java.security.AccessController.doPrivileged(Ljava/security/PrivilegedAction;)Ljava/lang/Object;+0
j  sun.net.spi.DefaultProxySelector.select(Ljava/net/URI;)Ljava/util/List;+273
j  java.net.SocksSocketImpl.connect(Ljava/net/SocketAddress;I)V+260
j  java.net.Socket.connect(Ljava/net/SocketAddress;I)V+179
j  java.net.Socket.connect(Ljava/net/SocketAddress;)V+3
j  sun.net.NetworkClient.doConnect(Ljava/lang/String;I)Ljava/net/Socket;+140
j  sun.net.www.http.HttpClient.openServer(Ljava/lang/String;I)V+4
j  sun.net.www.http.HttpClient.openServer()V+157
j  sun.net.www.http.HttpClient.<init>(Ljava/net/URL;Ljava/net/Proxy;I)V+125
j  sun.net.www.http.HttpClient.New(Ljava/net/URL;Ljava/net/Proxy;IZ)Lsun/net/www/http/HttpClient;+148
j  sun.net.www.http.HttpClient.New(Ljava/net/URL;Ljava/net/Proxy;I)Lsun/net/www/http/HttpClient;+4
j  sun.net.www.protocol.http.HttpURLConnection.getNewHttpClient(Ljava/net/URL;Ljava/net/Proxy;I)Lsun/net/www/http/HttpClient;+3
j  sun.net.www.protocol.http.HttpURLConnection.plainConnect()V+236
j  sun.net.www.protocol.http.HttpURLConnection.connect()V+1
j  sun.net.www.protocol.http.HttpURLConnection.getInputStream()Ljava/io/InputStream;+187
j  sun.net.www.protocol.http.HttpURLConnection.getHeaderField(Ljava/lang/String;)Ljava/lang/String;+1
j  java.net.URLConnection.getContentEncoding()Ljava/lang/String;+3
j  fr.free.movierenamer.utils.URIRequest.getInputStream(Ljava/net/URLConnection;)Ljava/io/InputStream;+1
j  fr.free.movierenamer.utils.URIRequest.getInputStream(Ljava/net/URI;[Lfr/free/movierenamer/utils/URIRequest$RequestProperty;)Ljava/io/InputStream;+5
j  fr.free.movierenamer.ui.utils.ImageUtils.getIcon(Ljava/net/URI;Ljava/awt/Dimension;Ljava/lang/String;)Ljavax/swing/Icon;+47
j  fr.free.movierenamer.ui.worker.ImageWorker.doInBackground()Ljavax/swing/Icon;+118
j  fr.free.movierenamer.ui.worker.ImageWorker.doInBackground()Ljava/lang/Object;+1
j  javax.swing.SwingWorker$1.call()Ljava/lang/Object;+14
j  java.util.concurrent.FutureTask$Sync.innerRun()V+29
j  java.util.concurrent.FutureTask.run()V+4
j  javax.swing.SwingWorker.run()V+4
j  java.util.concurrent.ThreadPoolExecutor.runWorker(Ljava/util/concurrent/ThreadPoolExecutor$Worker;)V+46
j  java.util.concurrent.ThreadPoolExecutor$Worker.run()V+5
j  java.lang.Thread.run()V+11
v  ~StubRoutines::call_stub

---------------  P R O C E S S  ---------------

Java Threads: ( => current thread )
=>0x00007f987c38f800 JavaThread "SwingWorker-pool-1-thread-12" [_thread_in_native, id=12311, stack(0x00007f98d6324000,0x00007f98d6425000)]
  0x00007f987c38e000 JavaThread "SwingWorker-pool-1-thread-11" [_thread_in_native, id=12310, stack(0x00007f98d6425000,0x00007f98d6526000)]
  0x00007f987c38c800 JavaThread "SwingWorker-pool-1-thread-10" [_thread_in_native, id=12309, stack(0x00007f98d6526000,0x00007f98d6627000)]
  0x00007f987c515000 JavaThread "SwingWorker-pool-1-thread-9" [_thread_in_native, id=12308, stack(0x00007f98d6627000,0x00007f98d6728000)]
  0x00007f987c513800 JavaThread "SwingWorker-pool-1-thread-8" [_thread_in_Java, id=12307, stack(0x00007f98d6728000,0x00007f98d6829000)]
  0x00007f987c512800 JavaThread "SwingWorker-pool-1-thread-7" [_thread_blocked, id=12306, stack(0x00007f98d6829000,0x00007f98d692a000)]
  0x00007f987c2f0800 JavaThread "SwingWorker-pool-1-thread-6" [_thread_blocked, id=12305, stack(0x00007f98d6d85000,0x00007f98d6e86000)]
  0x00007f987c4e8800 JavaThread "SwingWorker-pool-1-thread-5" [_thread_blocked, id=12304, stack(0x00007f98d6e86000,0x00007f98d6f87000)]
  0x00007f987c4d3800 JavaThread "SwingWorker-pool-1-thread-4" [_thread_blocked, id=12303, stack(0x00007f98d6f87000,0x00007f98d7088000)]
  0x00007f987c50e000 JavaThread "SwingWorker-pool-1-thread-3" [_thread_blocked, id=12302, stack(0x00007f98dc784000,0x00007f98dc885000)]
  0x00007f987c507800 JavaThread "Image Fetcher 0" daemon [_thread_blocked, id=12301, stack(0x00007f98d7088000,0x00007f98d7189000)]
  0x00007f986c0d7000 JavaThread "Keep-Alive-Timer" daemon [_thread_blocked, id=12300, stack(0x00007f98d7189000,0x00007f98d728a000)]
  0x00007f986c0af800 JavaThread "short.data" [_thread_blocked, id=12299, stack(0x00007f98d76b7000,0x00007f98d77b8000)]
  0x00007f986c0a5000 JavaThread "long.data" [_thread_blocked, id=12298, stack(0x00007f98d77b8000,0x00007f98d78b9000)]
  0x00007f986c082000 JavaThread "medium.data" [_thread_blocked, id=12297, stack(0x00007f98d78b9000,0x00007f98d79ba000)]
  0x00007f986c075000 JavaThread "net.sf.ehcache.CacheManager@14681070" daemon [_thread_blocked, id=12296, stack(0x00007f98dc683000,0x00007f98dc784000)]
  0x00007f987c2b2800 JavaThread "Image Animator 0" daemon [_thread_blocked, id=12294, stack(0x00007f98dce98000,0x00007f98dcf99000)]
  0x00007f987c0b6800 JavaThread "TimerQueue" daemon [_thread_blocked, id=12270, stack(0x00007f98dcb90000,0x00007f98dcc91000)]
  0x00007f98e8008000 JavaThread "DestroyJavaVM" [_thread_blocked, id=12247, stack(0x00007f98f1f38000,0x00007f98f2039000)]
  0x00007f98e82f1000 JavaThread "Image Fetcher 3" daemon [_thread_blocked, id=12268, stack(0x00007f98deb7e000,0x00007f98dec7f000)]
  0x00007f98e82e1800 JavaThread "AWT-EventQueue-0" [_thread_blocked, id=12267, stack(0x00007f98dec7f000,0x00007f98ded80000)]
  0x00007f98e82e0800 JavaThread "AWT-Shutdown" [_thread_blocked, id=12266, stack(0x00007f98ded80000,0x00007f98dee81000)]
  0x00007f98e82e0000 JavaThread "AWT-XAWT" daemon [_thread_in_native, id=12265, stack(0x00007f98dee81000,0x00007f98def82000)]
  0x00007f98e822b000 JavaThread "Java2D Disposer" daemon [_thread_blocked, id=12264, stack(0x00007f98df402000,0x00007f98df503000)]
  0x00007f98e80a6000 JavaThread "Low Memory Detector" daemon [_thread_blocked, id=12262, stack(0x00007f98ec776000,0x00007f98ec877000)]
  0x00007f98e80a3800 JavaThread "C2 CompilerThread1" daemon [_thread_blocked, id=12261, stack(0x00007f98ec877000,0x00007f98ec978000)]
  0x00007f98e80a0800 JavaThread "C2 CompilerThread0" daemon [_thread_in_native, id=12260, stack(0x00007f98ec978000,0x00007f98eca79000)]
  0x00007f98e809f800 JavaThread "Signal Dispatcher" daemon [_thread_blocked, id=12259, stack(0x00007f98eca79000,0x00007f98ecb7a000)]
  0x00007f98e8080000 JavaThread "Finalizer" daemon [_thread_blocked, id=12258, stack(0x00007f98ed25e000,0x00007f98ed35f000)]
  0x00007f98e807e000 JavaThread "Reference Handler" daemon [_thread_blocked, id=12257, stack(0x00007f98ed35f000,0x00007f98ed460000)]

Other Threads:
  0x00007f98e8077800 VMThread [stack: 0x00007f98ed460000,0x00007f98ed561000] [id=12256]
  0x00007f98e80b0800 WatcherThread [stack: 0x00007f98ec675000,0x00007f98ec776000] [id=12263]

VM state:not at safepoint (normal execution)

VM Mutex/Monitor currently owned by a thread: None

Heap
 PSYoungGen      total 33408K, used 12067K [0x00000000e1000000, 0x00000000e49e0000, 0x0000000100000000)
  eden space 20224K, 55% used [0x00000000e1000000,0x00000000e1ae7728,0x00000000e23c0000)
  from space 13184K, 6% used [0x00000000e23c0000,0x00000000e24a1578,0x00000000e30a0000)
  to   space 13440K, 0% used [0x00000000e3cc0000,0x00000000e3cc0000,0x00000000e49e0000)
 PSOldGen        total 63488K, used 22179K [0x00000000a3000000, 0x00000000a6e00000, 0x00000000e1000000)
  object space 63488K, 34% used [0x00000000a3000000,0x00000000a45a8dc0,0x00000000a6e00000)
 PSPermGen       total 34304K, used 34189K [0x0000000098a00000, 0x000000009ab80000, 0x00000000a3000000)
  object space 34304K, 99% used [0x0000000098a00000,0x000000009ab635a8,0x000000009ab80000)

Code Cache  [0x00007f98e5000000, 0x00007f98e5270000, 0x00007f98e8000000)
 total_blobs=1084 nmethods=499 adapters=538 free_code_cache=48506624 largest_free_block=13184

Dynamic libraries:
00400000-00409000 r-xp 00000000 08:71 1444639                            /usr/lib/jvm/java-6-openjdk-amd64/jre/bin/java
00608000-00609000 r--p 00008000 08:71 1444639                            /usr/lib/jvm/java-6-openjdk-amd64/jre/bin/java
00609000-0060a000 rw-p 00009000 08:71 1444639                            /usr/lib/jvm/java-6-openjdk-amd64/jre/bin/java
016fd000-0171e000 rw-p 00000000 00:00 0                                  [heap]
98a00000-9ab80000 rw-p 00000000 00:00 0 
9ab80000-a3000000 rw-p 00000000 00:00 0 
a3000000-a6e00000 rw-p 00000000 00:00 0 
a6e00000-e1000000 rw-p 00000000 00:00 0 
e1000000-e49e0000 rw-p 00000000 00:00 0 
e49e0000-e51e0000 ---p 00000000 00:00 0 
e51e0000-100000000 rw-p 00000000 00:00 0 
7f9828000000-7f9828021000 rw-p 00000000 00:00 0 
7f9828021000-7f982c000000 ---p 00000000 00:00 0 
7f9830000000-7f983004a000 rw-p 00000000 00:00 0 
7f983004a000-7f9834000000 ---p 00000000 00:00 0 
7f9834000000-7f9834021000 rw-p 00000000 00:00 0 
7f9834021000-7f9838000000 ---p 00000000 00:00 0 
7f9838000000-7f9838049000 rw-p 00000000 00:00 0 
7f9838049000-7f983c000000 ---p 00000000 00:00 0 
7f983c000000-7f983c021000 rw-p 00000000 00:00 0 
7f983c021000-7f9840000000 ---p 00000000 00:00 0 
7f9840000000-7f98400b8000 rw-p 00000000 00:00 0 
7f98400b8000-7f9844000000 ---p 00000000 00:00 0 
7f9844000000-7f9844021000 rw-p 00000000 00:00 0 
7f9844021000-7f9848000000 ---p 00000000 00:00 0 
7f9848000000-7f9848021000 rw-p 00000000 00:00 0 
7f9848021000-7f984c000000 ---p 00000000 00:00 0 
7f984c000000-7f984c021000 rw-p 00000000 00:00 0 
7f984c021000-7f9850000000 ---p 00000000 00:00 0 
7f9850000000-7f9850021000 rw-p 00000000 00:00 0 
7f9850021000-7f9854000000 ---p 00000000 00:00 0 
7f9854000000-7f985404f000 rw-p 00000000 00:00 0 
7f985404f000-7f9858000000 ---p 00000000 00:00 0 
7f9858000000-7f9858038000 rw-p 00000000 00:00 0 
7f9858038000-7f985c000000 ---p 00000000 00:00 0 
7f985c000000-7f985c021000 rw-p 00000000 00:00 0 
7f985c021000-7f9860000000 ---p 00000000 00:00 0 
7f9860000000-7f9860021000 rw-p 00000000 00:00 0 
7f9860021000-7f9864000000 ---p 00000000 00:00 0 
7f9864000000-7f9864021000 rw-p 00000000 00:00 0 
7f9864021000-7f9868000000 ---p 00000000 00:00 0 
7f9868000000-7f9868021000 rw-p 00000000 00:00 0 
7f9868021000-7f986c000000 ---p 00000000 00:00 0 
7f986c000000-7f986c114000 rw-p 00000000 00:00 0 
7f986c114000-7f9870000000 ---p 00000000 00:00 0 
7f9870000000-7f9870231000 rw-p 00000000 00:00 0 
7f9870231000-7f9874000000 ---p 00000000 00:00 0 
7f9874000000-7f9874021000 rw-p 00000000 00:00 0 
7f9874021000-7f9878000000 ---p 00000000 00:00 0 
7f9878000000-7f9878021000 rw-p 00000000 00:00 0 
7f9878021000-7f987c000000 ---p 00000000 00:00 0 
7f987c000000-7f987c5c3000 rw-p 00000000 00:00 0 
7f987c5c3000-7f9880000000 ---p 00000000 00:00 0 
7f9880000000-7f9880021000 rw-p 00000000 00:00 0 
7f9880021000-7f9884000000 ---p 00000000 00:00 0 
7f9884000000-7f9884021000 rw-p 00000000 00:00 0 
7f9884021000-7f9888000000 ---p 00000000 00:00 0 
7f9888000000-7f9888021000 rw-p 00000000 00:00 0 
7f9888021000-7f988c000000 ---p 00000000 00:00 0 
7f988c000000-7f988c021000 rw-p 00000000 00:00 0 
7f988c021000-7f9890000000 ---p 00000000 00:00 0 
7f9890000000-7f9890a9a000 rw-p 00000000 00:00 0 
7f9890a9a000-7f9894000000 ---p 00000000 00:00 0 
7f9894000000-7f9895edf000 rw-p 00000000 00:00 0 
7f9895edf000-7f9898000000 ---p 00000000 00:00 0 
7f9898000000-7f9898021000 rw-p 00000000 00:00 0 
7f9898021000-7f989c000000 ---p 00000000 00:00 0 
7f989c000000-7f989c021000 rw-p 00000000 00:00 0 
7f989c021000-7f98a0000000 ---p 00000000 00:00 0 
7f98a0000000-7f98a0021000 rw-p 00000000 00:00 0 
7f98a0021000-7f98a4000000 ---p 00000000 00:00 0 
7f98a4000000-7f98a4021000 rw-p 00000000 00:00 0 
7f98a4021000-7f98a8000000 ---p 00000000 00:00 0 
7f98a8000000-7f98a8021000 rw-p 00000000 00:00 0 
7f98a8021000-7f98ac000000 ---p 00000000 00:00 0 
7f98b0000000-7f98b0021000 rw-p 00000000 00:00 0 
7f98b0021000-7f98b4000000 ---p 00000000 00:00 0 
7f98b8000000-7f98b8021000 rw-p 00000000 00:00 0 
7f98b8021000-7f98bc000000 ---p 00000000 00:00 0 
7f98c0000000-7f98c0021000 rw-p 00000000 00:00 0 
7f98c0021000-7f98c4000000 ---p 00000000 00:00 0 
7f98c8000000-7f98c8021000 rw-p 00000000 00:00 0 
7f98c8021000-7f98cc000000 ---p 00000000 00:00 0 
7f98d0000000-7f98d0021000 rw-p 00000000 00:00 0 
7f98d0021000-7f98d4000000 ---p 00000000 00:00 0 
7f98d6324000-7f98d6327000 ---p 00000000 00:00 0 
7f98d6327000-7f98d6425000 rw-p 00000000 00:00 0 
7f98d6425000-7f98d6428000 ---p 00000000 00:00 0 
7f98d6428000-7f98d6526000 rw-p 00000000 00:00 0 
7f98d6526000-7f98d6529000 ---p 00000000 00:00 0 
7f98d6529000-7f98d6627000 rw-p 00000000 00:00 0 
7f98d6627000-7f98d662a000 ---p 00000000 00:00 0 
7f98d662a000-7f98d6728000 rw-p 00000000 00:00 0 
7f98d6728000-7f98d672b000 ---p 00000000 00:00 0 
7f98d672b000-7f98d6829000 rw-p 00000000 00:00 0 
7f98d6829000-7f98d682c000 ---p 00000000 00:00 0 
7f98d682c000-7f98d692a000 rw-p 00000000 00:00 0 
7f98d692a000-7f98d6968000 r-xp 00000000 08:71 1440657                    /usr/lib/x86_64-linux-gnu/libjpeg.so.8.0.2
7f98d6968000-7f98d6b68000 ---p 0003e000 08:71 1440657                    /usr/lib/x86_64-linux-gnu/libjpeg.so.8.0.2
7f98d6b68000-7f98d6b69000 r--p 0003e000 08:71 1440657                    /usr/lib/x86_64-linux-gnu/libjpeg.so.8.0.2
7f98d6b69000-7f98d6b6a000 rw-p 0003f000 08:71 1440657                    /usr/lib/x86_64-linux-gnu/libjpeg.so.8.0.2
7f98d6b6a000-7f98d6b7a000 rw-p 00000000 00:00 0 
7f98d6b7a000-7f98d6b84000 r-xp 00000000 08:71 1444630                    /usr/lib/jvm/java-6-openjdk-amd64/jre/lib/amd64/libjpeg.so
7f98d6b84000-7f98d6d83000 ---p 0000a000 08:71 1444630                    /usr/lib/jvm/java-6-openjdk-amd64/jre/lib/amd64/libjpeg.so
7f98d6d83000-7f98d6d84000 r--p 00009000 08:71 1444630                    /usr/lib/jvm/java-6-openjdk-amd64/jre/lib/amd64/libjpeg.so
7f98d6d84000-7f98d6d85000 rw-p 0000a000 08:71 1444630                    /usr/lib/jvm/java-6-openjdk-amd64/jre/lib/amd64/libjpeg.so
7f98d6d85000-7f98d6d88000 ---p 00000000 00:00 0 
7f98d6d88000-7f98d6e86000 rw-p 00000000 00:00 0 
7f98d6e86000-7f98d6e89000 ---p 00000000 00:00 0 
7f98d6e89000-7f98d6f87000 rw-p 00000000 00:00 0 
7f98d6f87000-7f98d6f8a000 ---p 00000000 00:00 0 
7f98d6f8a000-7f98d7088000 rw-p 00000000 00:00 0 
7f98d7088000-7f98d708b000 ---p 00000000 00:00 0 
7f98d708b000-7f98d7189000 rw-p 00000000 00:00 0 
7f98d7189000-7f98d718c000 ---p 00000000 00:00 0 
7f98d718c000-7f98d728a000 rw-p 00000000 00:00 0 
7f98d728a000-7f98d7291000 r-xp 00000000 08:71 545317                     /lib/x86_64-linux-gnu/libnss_dns-2.15.so
7f98d7291000-7f98d7490000 ---p 00007000 08:71 545317                     /lib/x86_64-linux-gnu/libnss_dns-2.15.so
7f98d7490000-7f98d7491000 r--p 00006000 08:71 545317                     /lib/x86_64-linux-gnu/libnss_dns-2.15.so
7f98d7491000-7f98d7492000 rw-p 00007000 08:71 545317                     /lib/x86_64-linux-gnu/libnss_dns-2.15.so
7f98d7492000-7f98d7494000 r-xp 00000000 08:71 522293                     /lib/libnss_mdns4_minimal.so.2
7f98d7494000-7f98d7693000 ---p 00002000 08:71 522293                     /lib/libnss_mdns4_minimal.so.2
7f98d7693000-7f98d7694000 r--p 00001000 08:71 522293                     /lib/libnss_mdns4_minimal.so.2
7f98d7694000-7f98d7695000 rw-p 00002000 08:71 522293                     /lib/libnss_mdns4_minimal.so.2
7f98d76b7000-7f98d76ba000 ---p 00000000 00:00 0 
7f98d76ba000-7f98d77b8000 rw-p 00000000 00:00 0 
7f98d77b8000-7f98d77bb000 ---p 00000000 00:00 0 
7f98d77bb000-7f98d78b9000 rw-p 00000000 00:00 0 
7f98d78b9000-7f98d78bc000 ---p 00000000 00:00 0 
7f98d78bc000-7f98d79ba000 rw-p 00000000 00:00 0 
7f98d79ba000-7f98d7dee000 r-xp 00000000 08:71 1479052                    /usr/lib/x86_64-linux-gnu/libmediainfo.so.0.0.0
7f98d7dee000-7f98d7fee000 ---p 00434000 08:71 1479052                    /usr/lib/x86_64-linux-gnu/libmediainfo.so.0.0.0
7f98d7fee000-7f98d7ff8000 r--p 00434000 08:71 1479052                    /usr/lib/x86_64-linux-gnu/libmediainfo.so.0.0.0
7f98d7ff8000-7f98d7fff000 rw-p 0043e000 08:71 1479052                    /usr/lib/x86_64-linux-gnu/libmediainfo.so.0.0.0
7f98d7fff000-7f98d8000000 rw-p 00000000 00:00 0 
7f98d8000000-7f98d8021000 rw-p 00000000 00:00 0 
7f98d8021000-7f98dc000000 ---p 00000000 00:00 0 
7f98dc011000-7f98dc025000 r-xp 00000000 08:71 1479049                    /usr/lib/libtinyxml.so.2.6.2
7f98dc025000-7f98dc224000 ---p 00014000 08:71 1479049                    /usr/lib/libtinyxml.so.2.6.2
7f98dc224000-7f98dc225000 r--p 00013000 08:71 1479049                    /usr/lib/libtinyxml.so.2.6.2
7f98dc225000-7f98dc226000 rw-p 00014000 08:71 1479049                    /usr/lib/libtinyxml.so.2.6.2
7f98dc226000-7f98dc268000 r-xp 00000000 08:71 1479050                    /usr/lib/x86_64-linux-gnu/libzen.so.0.0.0
7f98dc268000-7f98dc468000 ---p 00042000 08:71 1479050                    /usr/lib/x86_64-linux-gnu/libzen.so.0.0.0
7f98dc468000-7f98dc469000 r--p 00042000 08:71 1479050                    /usr/lib/x86_64-linux-gnu/libzen.so.0.0.0
7f98dc469000-7f98dc46a000 rw-p 00043000 08:71 1479050                    /usr/lib/x86_64-linux-gnu/libzen.so.0.0.0
7f98dc46a000-7f98dc481000 r-xp 00000000 08:71 792756                     /tmp/jna-duffy/jna5275187550965893186.tmp (deleted)
7f98dc481000-7f98dc681000 ---p 00017000 08:71 792756                     /tmp/jna-duffy/jna5275187550965893186.tmp (deleted)
7f98dc681000-7f98dc682000 r--p 00017000 08:71 792756                     /tmp/jna-duffy/jna5275187550965893186.tmp (deleted)
7f98dc682000-7f98dc683000 rw-p 00018000 08:71 792756                     /tmp/jna-duffy/jna5275187550965893186.tmp (deleted)
7f98dc683000-7f98dc686000 ---p 00000000 00:00 0 
7f98dc686000-7f98dc784000 rw-p 00000000 00:00 0 
7f98dc784000-7f98dc787000 ---p 00000000 00:00 0 
7f98dc787000-7f98dc885000 rw-p 00000000 00:00 0 
7f98dc885000-7f98dcb90000 rw-s 00000000 00:04 4227086                    /SYSV00000000 (deleted)
7f98dcb90000-7f98dcb93000 ---p 00000000 00:00 0 
7f98dcb93000-7f98dcc91000 rw-p 00000000 00:00 0 
7f98dcc91000-7f98dcc97000 r-xp 00000000 08:71 1444625                    /usr/lib/jvm/java-6-openjdk-amd64/jre/lib/amd64/libmanagement.so
7f98dcc97000-7f98dce96000 ---p 00006000 08:71 1444625                    /usr/lib/jvm/java-6-openjdk-amd64/jre/lib/amd64/libmanagement.so
7f98dce96000-7f98dce97000 r--p 00005000 08:71 1444625                    /usr/lib/jvm/java-6-openjdk-amd64/jre/lib/amd64/libmanagement.so
7f98dce97000-7f98dce98000 rw-p 00006000 08:71 1444625                    /usr/lib/jvm/java-6-openjdk-amd64/jre/lib/amd64/libmanagement.so
7f98dce98000-7f98dce9b000 ---p 00000000 00:00 0 
7f98dce9b000-7f98dcf99000 rw-p 00000000 00:00 0 
7f98dcf99000-7f98dcfb1000 r-xp 00000000 08:71 545303                     /lib/x86_64-linux-gnu/libresolv-2.15.so
7f98dcfb1000-7f98dd1b1000 ---p 00018000 08:71 545303                     /lib/x86_64-linux-gnu/libresolv-2.15.so
7f98dd1b1000-7f98dd1b2000 r--p 00018000 08:71 545303                     /lib/x86_64-linux-gnu/libresolv-2.15.so
7f98dd1b2000-7f98dd1b3000 rw-p 00019000 08:71 545303                     /lib/x86_64-linux-gnu/libresolv-2.15.so
7f98dd1b3000-7f98dd1b5000 rw-p 00000000 00:00 0 
7f98dd1b5000-7f98dd1d2000 r-xp 00000000 08:71 526387                     /lib/x86_64-linux-gnu/libselinux.so.1
7f98dd1d2000-7f98dd3d1000 ---p 0001d000 08:71 526387                     /lib/x86_64-linux-gnu/libselinux.so.1
7f98dd3d1000-7f98dd3d2000 r--p 0001c000 08:71 526387                     /lib/x86_64-linux-gnu/libselinux.so.1
7f98dd3d2000-7f98dd3d3000 rw-p 0001d000 08:71 526387                     /lib/x86_64-linux-gnu/libselinux.so.1
7f98dd3d3000-7f98dd3d4000 rw-p 00000000 00:00 0 
7f98dd3d4000-7f98dd410000 r-xp 00000000 08:71 526372                     /lib/x86_64-linux-gnu/libpcre.so.3.12.1
7f98dd410000-7f98dd60f000 ---p 0003c000 08:71 526372                     /lib/x86_64-linux-gnu/libpcre.so.3.12.1
7f98dd60f000-7f98dd610000 r--p 0003b000 08:71 526372                     /lib/x86_64-linux-gnu/libpcre.so.3.12.1
7f98dd610000-7f98dd611000 rw-p 0003c000 08:71 526372                     /lib/x86_64-linux-gnu/libpcre.so.3.12.1
7f98dd611000-7f98dd618000 r-xp 00000000 08:71 1445254                    /usr/lib/x86_64-linux-gnu/libffi.so.6.0.0
7f98dd618000-7f98dd817000 ---p 00007000 08:71 1445254                    /usr/lib/x86_64-linux-gnu/libffi.so.6.0.0
7f98dd817000-7f98dd818000 r--p 00006000 08:71 1445254                    /usr/lib/x86_64-linux-gnu/libffi.so.6.0.0
7f98dd818000-7f98dd819000 rw-p 00007000 08:71 1445254                    /usr/lib/x86_64-linux-gnu/libffi.so.6.0.0
7f98dd819000-7f98dd961000 r-xp 00000000 08:71 1438792                    /usr/lib/x86_64-linux-gnu/libgio-2.0.so.0.3200.3
7f98dd961000-7f98ddb60000 ---p 00148000 08:71 1438792                    /usr/lib/x86_64-linux-gnu/libgio-2.0.so.0.3200.3
7f98ddb60000-7f98ddb64000 r--p 00147000 08:71 1438792                    /usr/lib/x86_64-linux-gnu/libgio-2.0.so.0.3200.3
7f98ddb64000-7f98ddb66000 rw-p 0014b000 08:71 1438792                    /usr/lib/x86_64-linux-gnu/libgio-2.0.so.0.3200.3
7f98ddb66000-7f98ddb68000 rw-p 00000000 00:00 0 
7f98ddb68000-7f98ddc5a000 r-xp 00000000 08:71 526197                     /lib/x86_64-linux-gnu/libglib-2.0.so.0.3200.3
7f98ddc5a000-7f98dde5a000 ---p 000f2000 08:71 526197                     /lib/x86_64-linux-gnu/libglib-2.0.so.0.3200.3
7f98dde5a000-7f98dde5b000 r--p 000f2000 08:71 526197                     /lib/x86_64-linux-gnu/libglib-2.0.so.0.3200.3
7f98dde5b000-7f98dde5c000 rw-p 000f3000 08:71 526197                     /lib/x86_64-linux-gnu/libglib-2.0.so.0.3200.3
7f98dde5c000-7f98dde5d000 rw-p 00000000 00:00 0 
7f98dde5d000-7f98ddeaa000 r-xp 00000000 08:71 1438793                    /usr/lib/x86_64-linux-gnu/libgobject-2.0.so.0.3200.3
7f98ddeaa000-7f98de0aa000 ---p 0004d000 08:71 1438793                    /usr/lib/x86_64-linux-gnu/libgobject-2.0.so.0.3200.3
7f98de0aa000-7f98de0ab000 r--p 0004d000 08:71 1438793                    /usr/lib/x86_64-linux-gnu/libgobject-2.0.so.0.3200.3
7f98de0ab000-7f98de0ac000 rw-p 0004e000 08:71 1438793                    /usr/lib/x86_64-linux-gnu/libgobject-2.0.so.0.3200.3
7f98de0ac000-7f98de0ee000 r-xp 00000000 08:71 532013                     /lib/x86_64-linux-gnu/libdbus-1.so.3.5.8
7f98de0ee000-7f98de2ee000 ---p 00042000 08:71 532013                     /lib/x86_64-linux-gnu/libdbus-1.so.3.5.8
7f98de2ee000-7f98de2ef000 r--p 00042000 08:71 532013                     /lib/x86_64-linux-gnu/libdbus-1.so.3.5.8
7f98de2ef000-7f98de2f0000 rw-p 00043000 08:71 532013                     /lib/x86_64-linux-gnu/libdbus-1.so.3.5.8
7f98de2f0000-7f98de315000 r-xp 00000000 08:71 1445205                    /usr/lib/x86_64-linux-gnu/libdbus-glib-1.so.2.2.2
7f98de315000-7f98de515000 ---p 00025000 08:71 1445205                    /usr/lib/x86_64-linux-gnu/libdbus-glib-1.so.2.2.2
7f98de515000-7f98de516000 r--p 00025000 08:71 1445205                    /usr/lib/x86_64-linux-gnu/libdbus-glib-1.so.2.2.2
7f98de516000-7f98de517000 rw-p 00026000 08:71 1445205                    /usr/lib/x86_64-linux-gnu/libdbus-glib-1.so.2.2.2
7f98de517000-7f98de51a000 r-xp 00000000 08:71 1438791                    /usr/lib/x86_64-linux-gnu/libgmodule-2.0.so.0.3200.3
7f98de51a000-7f98de719000 ---p 00003000 08:71 1438791                    /usr/lib/x86_64-linux-gnu/libgmodule-2.0.so.0.3200.3
7f98de719000-7f98de71a000 r--p 00002000 08:71 1438791                    /usr/lib/x86_64-linux-gnu/libgmodule-2.0.so.0.3200.3
7f98de71a000-7f98de71b000 rw-p 00003000 08:71 1438791                    /usr/lib/x86_64-linux-gnu/libgmodule-2.0.so.0.3200.3
7f98de71b000-7f98de748000 r-xp 00000000 08:71 1445269                    /usr/lib/x86_64-linux-gnu/libgconf-2.so.4.1.5
7f98de748000-7f98de947000 ---p 0002d000 08:71 1445269                    /usr/lib/x86_64-linux-gnu/libgconf-2.so.4.1.5
7f98de947000-7f98de948000 r--p 0002c000 08:71 1445269                    /usr/lib/x86_64-linux-gnu/libgconf-2.so.4.1.5
7f98de948000-7f98de949000 rw-p 0002d000 08:71 1445269                    /usr/lib/x86_64-linux-gnu/libgconf-2.so.4.1.5
7f98de949000-7f98de97b000 r-xp 00000000 08:71 1443621                    /usr/lib/jvm/java-6-openjdk-amd64/jre/lib/amd64/liblcms.so
7f98de97b000-7f98deb7a000 ---p 00032000 08:71 1443621                    /usr/lib/jvm/java-6-openjdk-amd64/jre/lib/amd64/liblcms.so
7f98deb7a000-7f98deb7b000 r--p 00031000 08:71 1443621                    /usr/lib/jvm/java-6-openjdk-amd64/jre/lib/amd64/liblcms.so
7f98deb7b000-7f98deb7c000 rw-p 00032000 08:71 1443621                    /usr/lib/jvm/java-6-openjdk-amd64/jre/lib/amd64/liblcms.so
7f98deb7c000-7f98deb7e000 rw-p 00000000 00:00 0 
7f98deb7e000-7f98deb81000 ---p 00000000 00:00 0 
7f98deb81000-7f98dec7f000 rw-p 00000000 00:00 0 
7f98dec7f000-7f98dec82000 ---p 00000000 00:00 0 
7f98dec82000-7f98ded80000 rw-p 00000000 00:00 0 
7f98ded80000-7f98ded83000 ---p 00000000 00:00 0 
7f98ded83000-7f98dee81000 rw-p 00000000 00:00 0 
7f98dee81000-7f98dee84000 ---p 00000000 00:00 0 
7f98dee84000-7f98def82000 rw-p 00000000 00:00 0 
7f98def82000-7f98def83000 r--s 00000000 08:71 269331                     /var/cache/fontconfig/c05880de57d1f5e948fdfacc138775d9-le64.cache-3
7f98def83000-7f98def8c000 r--s 00000000 08:71 269329                     /var/cache/fontconfig/945677eb7aeaf62f1d50efc3fb3ec7d8-le64.cache-3
7f98def8c000-7f98def8e000 r--s 00000000 08:71 269325                     /var/cache/fontconfig/99e8ed0e538f840c565b6ed5dad60d56-le64.cache-3
7f98def8e000-7f98def96000 r--s 00000000 08:71 282627                     /var/cache/fontconfig/a6d8cf8e4ec09cdbc8633c31745a07dd-le64.cache-3
7f98def96000-7f98def9a000 r--s 00000000 08:71 269323                     /var/cache/fontconfig/2cd17615ca594fa2959ae173292e504c-le64.cache-3
7f98def9a000-7f98def9b000 r--s 00000000 08:71 269321                     /var/cache/fontconfig/e7071f4a29fa870f4323321c154eba04-le64.cache-3
7f98def9b000-7f98def9c000 r--s 00000000 08:71 269319                     /var/cache/fontconfig/0d8c3b2ac0904cb8a57a757ad11a4a08-le64.cache-3
7f98def9c000-7f98defa2000 r--s 00000000 08:71 269317                     /var/cache/fontconfig/a755afe4a08bf5b97852ceb7400b47bc-le64.cache-3
7f98defa8000-7f98defaf000 r--s 00000000 08:71 1700453                    /usr/lib/x86_64-linux-gnu/gconv/gconv-modules.cache
7f98defd0000-7f98defd5000 r-xp 00000000 08:71 1445054                    /usr/lib/x86_64-linux-gnu/libXfixes.so.3.1.0
7f98defd5000-7f98df1d4000 ---p 00005000 08:71 1445054                    /usr/lib/x86_64-linux-gnu/libXfixes.so.3.1.0
7f98df1d4000-7f98df1d5000 r--p 00004000 08:71 1445054                    /usr/lib/x86_64-linux-gnu/libXfixes.so.3.1.0
7f98df1d5000-7f98df1d6000 rw-p 00005000 08:71 1445054                    /usr/lib/x86_64-linux-gnu/libXfixes.so.3.1.0
7f98df1d6000-7f98df1df000 r-xp 00000000 08:71 1445044                    /usr/lib/x86_64-linux-gnu/libXcursor.so.1.0.2
7f98df1df000-7f98df3de000 ---p 00009000 08:71 1445044                    /usr/lib/x86_64-linux-gnu/libXcursor.so.1.0.2
7f98df3de000-7f98df3df000 r--p 00008000 08:71 1445044                    /usr/lib/x86_64-linux-gnu/libXcursor.so.1.0.2
7f98df3df000-7f98df3e0000 rw-p 00009000 08:71 1445044                    /usr/lib/x86_64-linux-gnu/libXcursor.so.1.0.2
7f98df402000-7f98df405000 ---p 00000000 00:00 0 
7f98df405000-7f98df503000 rw-p 00000000 00:00 0 
7f98df503000-7f98df599000 r-xp 00000000 08:71 1437977                    /usr/lib/x86_64-linux-gnu/libfreetype.so.6.8.0
7f98df599000-7f98df798000 ---p 00096000 08:71 1437977                    /usr/lib/x86_64-linux-gnu/libfreetype.so.6.8.0
7f98df798000-7f98df79e000 r--p 00095000 08:71 1437977                    /usr/lib/x86_64-linux-gnu/libfreetype.so.6.8.0
7f98df79e000-7f98df79f000 rw-p 0009b000 08:71 1437977                    /usr/lib/x86_64-linux-gnu/libfreetype.so.6.8.0
7f98df79f000-7f98df7d9000 r-xp 00000000 08:71 1444238                    /usr/lib/jvm/java-6-openjdk-amd64/jre/lib/amd64/libfontmanager.so
7f98df7d9000-7f98df9d8000 ---p 0003a000 08:71 1444238                    /usr/lib/jvm/java-6-openjdk-amd64/jre/lib/amd64/libfontmanager.so
7f98df9d8000-7f98df9da000 r--p 00039000 08:71 1444238                    /usr/lib/jvm/java-6-openjdk-amd64/jre/lib/amd64/libfontmanager.so
7f98df9da000-7f98df9db000 rw-p 0003b000 08:71 1444238                    /usr/lib/jvm/java-6-openjdk-amd64/jre/lib/amd64/libfontmanager.so
7f98df9db000-7f98df9e3000 r-xp 00000000 08:71 1444612                    /usr/lib/jvm/java-6-openjdk-amd64/jre/lib/amd64/libnio.so
7f98df9e3000-7f98dfbe2000 ---p 00008000 08:71 1444612                    /usr/lib/jvm/java-6-openjdk-amd64/jre/lib/amd64/libnio.so
7f98dfbe2000-7f98dfbe3000 r--p 00007000 08:71 1444612                    /usr/lib/jvm/java-6-openjdk-amd64/jre/lib/amd64/libnio.so
7f98dfbe3000-7f98dfbe4000 rw-p 00008000 08:71 1444612                    /usr/lib/jvm/java-6-openjdk-amd64/jre/lib/amd64/libnio.so
7f98dfbe4000-7f98dfbf9000 r-xp 00000000 08:71 1444613                    /usr/lib/jvm/java-6-openjdk-amd64/jre/lib/amd64/libnet.so
7f98dfbf9000-7f98dfdf8000 ---p 00015000 08:71 1444613                    /usr/lib/jvm/java-6-openjdk-amd64/jre/lib/amd64/libnet.so
7f98dfdf8000-7f98dfdf9000 r--p 00014000 08:71 1444613                    /usr/lib/jvm/java-6-openjdk-amd64/jre/lib/amd64/libnet.so
7f98dfdf9000-7f98dfdfa000 rw-p 00015000 08:71 1444613                    /usr/lib/jvm/java-6-openjdk-amd64/jre/lib/amd64/libnet.so
7f98dfdfa000-7f98dfdff000 r-xp 00000000 08:71 1445050                    /usr/lib/x86_64-linux-gnu/libXdmcp.so.6.0.0
7f98dfdff000-7f98dfffe000 ---p 00005000 08:71 1445050                    /usr/lib/x86_64-linux-gnu/libXdmcp.so.6.0.0
7f98dfffe000-7f98dffff000 r--p 00004000 08:71 1445050                    /usr/lib/x86_64-linux-gnu/libXdmcp.so.6.0.0
7f98dffff000-7f98e0000000 rw-p 00005000 08:71 1445050                    /usr/lib/x86_64-linux-gnu/libXdmcp.so.6.0.0
7f98e0000000-7f98e0021000 rw-p 00000000 00:00 0 
7f98e0021000-7f98e4000000 ---p 00000000 00:00 0 
7f98e4000000-7f98e4001000 rw-p 00000000 00:00 0 
7f98e4001000-7f98e400a000 r--s 00000000 08:71 269315                     /var/cache/fontconfig/6d41288fd70b0be22e8c3a91e032eec0-le64.cache-3
7f98e400a000-7f98e401a000 r--s 00000000 08:71 269313                     /var/cache/fontconfig/04aabc0a78ac019cf9454389977116d2-le64.cache-3
7f98e401a000-7f98e401d000 r--s 00000000 08:71 269311                     /var/cache/fontconfig/385c0604a188198f04d133e54aba7fe7-le64.cache-3
7f98e401d000-7f98e401e000 r--s 00000000 08:71 269309                     /var/cache/fontconfig/4794a0821666d79190d59a36cb4f44b5-le64.cache-3
7f98e401e000-7f98e4021000 r--s 00000000 08:71 269307                     /var/cache/fontconfig/8801497958630a81b71ace7c5f9b32a8-le64.cache-3
7f98e4021000-7f98e404f000 r--s 00000000 08:71 284736                     /var/cache/fontconfig/365b55f210c0a22e9a19e35191240f32-le64.cache-3
7f98e404f000-7f98e4054000 r--s 00000000 08:71 269305                     /var/cache/fontconfig/3047814df9a2f067bd2d96a2b9c36e5a-le64.cache-3
7f98e4054000-7f98e4059000 r--s 00000000 08:71 269299                     /var/cache/fontconfig/b47c4e1ecd0709278f4910c18777a504-le64.cache-3
7f98e4059000-7f98e4061000 r--s 00000000 08:71 282626                     /var/cache/fontconfig/52f7bdb7ce746bfd7eaa1985bd9cfa93-le64.cache-3
7f98e4061000-7f98e4071000 r--s 00000000 08:71 269297                     /var/cache/fontconfig/d52a8644073d54c13679302ca1180695-le64.cache-3
7f98e4071000-7f98e4077000 r--s 00000000 08:71 269295                     /var/cache/fontconfig/3f7329c5293ffd510edef78f73874cfd-le64.cache-3
7f98e4077000-7f98e407b000 r--s 00000000 08:71 284737                     /var/cache/fontconfig/7ef2298fde41cc6eeb7af42e48b7d293-le64.cache-3
7f98e407b000-7f98e407d000 r-xp 00000000 08:71 1445037                    /usr/lib/x86_64-linux-gnu/libXau.so.6.0.0
7f98e407d000-7f98e427c000 ---p 00002000 08:71 1445037                    /usr/lib/x86_64-linux-gnu/libXau.so.6.0.0
7f98e427c000-7f98e427d000 r--p 00001000 08:71 1445037                    /usr/lib/x86_64-linux-gnu/libXau.so.6.0.0
7f98e427d000-7f98e427e000 rw-p 00002000 08:71 1445037                    /usr/lib/x86_64-linux-gnu/libXau.so.6.0.0
7f98e427e000-7f98e429b000 r-xp 00000000 08:71 1438817                    /usr/lib/x86_64-linux-gnu/libxcb.so.1.1.0
7f98e429b000-7f98e449a000 ---p 0001d000 08:71 1438817                    /usr/lib/x86_64-linux-gnu/libxcb.so.1.1.0
7f98e449a000-7f98e449b000 r--p 0001c000 08:71 1438817                    /usr/lib/x86_64-linux-gnu/libxcb.so.1.1.0
7f98e449b000-7f98e449c000 rw-p 0001d000 08:71 1438817                    /usr/lib/x86_64-linux-gnu/libxcb.so.1.1.0
7f98e449c000-7f98e44aa000 r-xp 00000000 08:71 1445058                    /usr/lib/x86_64-linux-gnu/libXi.so.6.1.0
7f98e44aa000-7f98e46a9000 ---p 0000e000 08:71 1445058                    /usr/lib/x86_64-linux-gnu/libXi.so.6.1.0
7f98e46a9000-7f98e46aa000 r--p 0000d000 08:71 1445058                    /usr/lib/x86_64-linux-gnu/libXi.so.6.1.0
7f98e46aa000-7f98e46ab000 rw-p 0000e000 08:71 1445058                    /usr/lib/x86_64-linux-gnu/libXi.so.6.1.0
7f98e46ab000-7f98e46b0000 r-xp 00000000 08:71 1445078                    /usr/lib/x86_64-linux-gnu/libXtst.so.6.1.0
7f98e46b0000-7f98e48af000 ---p 00005000 08:71 1445078                    /usr/lib/x86_64-linux-gnu/libXtst.so.6.1.0
7f98e48af000-7f98e48b0000 r--p 00004000 08:71 1445078                    /usr/lib/x86_64-linux-gnu/libXtst.so.6.1.0
7f98e48b0000-7f98e48b1000 rw-p 00005000 08:71 1445078                    /usr/lib/x86_64-linux-gnu/libXtst.so.6.1.0
7f98e48b1000-7f98e48ba000 r-xp 00000000 08:71 1445072                    /usr/lib/x86_64-linux-gnu/libXrender.so.1.3.0
7f98e48ba000-7f98e4ab9000 ---p 00009000 08:71 1445072                    /usr/lib/x86_64-linux-gnu/libXrender.so.1.3.0
7f98e4ab9000-7f98e4aba000 r--p 00008000 08:71 1445072                    /usr/lib/x86_64-linux-gnu/libXrender.so.1.3.0
7f98e4aba000-7f98e4abb000 rw-p 00009000 08:71 1445072                    /usr/lib/x86_64-linux-gnu/libXrender.so.1.3.0
7f98e4abb000-7f98e4bea000 r-xp 00000000 08:71 1445033                    /usr/lib/x86_64-linux-gnu/libX11.so.6.3.0
7f98e4bea000-7f98e4dea000 ---p 0012f000 08:71 1445033                    /usr/lib/x86_64-linux-gnu/libX11.so.6.3.0
7f98e4dea000-7f98e4deb000 r--p 0012f000 08:71 1445033                    /usr/lib/x86_64-linux-gnu/libX11.so.6.3.0
7f98e4deb000-7f98e4def000 rw-p 00130000 08:71 1445033                    /usr/lib/x86_64-linux-gnu/libX11.so.6.3.0
7f98e4def000-7f98e4dff000 r-xp 00000000 08:71 1445052                    /usr/lib/x86_64-linux-gnu/libXext.so.6.4.0
7f98e4dff000-7f98e4ffe000 ---p 00010000 08:71 1445052                    /usr/lib/x86_64-linux-gnu/libXext.so.6.4.0
7f98e4ffe000-7f98e4fff000 r--p 0000f000 08:71 1445052                    /usr/lib/x86_64-linux-gnu/libXext.so.6.4.0
7f98e4fff000-7f98e5000000 rw-p 00010000 08:71 1445052                    /usr/lib/x86_64-linux-gnu/libXext.so.6.4.0
7f98e5000000-7f98e5270000 rwxp 00000000 00:00 0 
7f98e5270000-7f98e84d1000 rw-p 00000000 00:00 0 
7f98e84d1000-7f98ec000000 ---p 00000000 00:00 0 
7f98ec000000-7f98ec003000 r--s 00000000 08:71 269274                     /var/cache/fontconfig/e13b20fdb08344e0e664864cc2ede53d-le64.cache-3
7f98ec003000-7f98ec004000 r--s 00000000 08:71 269331                     /var/cache/fontconfig/c05880de57d1f5e948fdfacc138775d9-le64.cache-3
7f98ec004000-7f98ec00d000 r--s 00000000 08:71 269329                     /var/cache/fontconfig/945677eb7aeaf62f1d50efc3fb3ec7d8-le64.cache-3
7f98ec00d000-7f98ec00f000 r--s 00000000 08:71 269325                     /var/cache/fontconfig/99e8ed0e538f840c565b6ed5dad60d56-le64.cache-3
7f98ec00f000-7f98ec017000 r--s 00000000 08:71 282627                     /var/cache/fontconfig/a6d8cf8e4ec09cdbc8633c31745a07dd-le64.cache-3
7f98ec017000-7f98ec01b000 r--s 00000000 08:71 269323                     /var/cache/fontconfig/2cd17615ca594fa2959ae173292e504c-le64.cache-3
7f98ec01b000-7f98ec01c000 r--s 00000000 08:71 269321                     /var/cache/fontconfig/e7071f4a29fa870f4323321c154eba04-le64.cache-3
7f98ec01c000-7f98ec01d000 r--s 00000000 08:71 269319                     /var/cache/fontconfig/0d8c3b2ac0904cb8a57a757ad11a4a08-le64.cache-3
7f98ec01d000-7f98ec023000 r--s 00000000 08:71 269317                     /var/cache/fontconfig/a755afe4a08bf5b97852ceb7400b47bc-le64.cache-3
7f98ec023000-7f98ec02c000 r--s 00000000 08:71 269315                     /var/cache/fontconfig/6d41288fd70b0be22e8c3a91e032eec0-le64.cache-3
7f98ec02c000-7f98ec03c000 r--s 00000000 08:71 269313                     /var/cache/fontconfig/04aabc0a78ac019cf9454389977116d2-le64.cache-3
7f98ec03c000-7f98ec03f000 r--s 00000000 08:71 269311                     /var/cache/fontconfig/385c0604a188198f04d133e54aba7fe7-le64.cache-3
7f98ec03f000-7f98ec040000 r--s 00000000 08:71 269309                     /var/cache/fontconfig/4794a0821666d79190d59a36cb4f44b5-le64.cache-3
7f98ec040000-7f98ec043000 r--s 00000000 08:71 269307                     /var/cache/fontconfig/8801497958630a81b71ace7c5f9b32a8-le64.cache-3
7f98ec043000-7f98ec071000 r--s 00000000 08:71 284736                     /var/cache/fontconfig/365b55f210c0a22e9a19e35191240f32-le64.cache-3
7f98ec071000-7f98ec076000 r--s 00000000 08:71 269305                     /var/cache/fontconfig/3047814df9a2f067bd2d96a2b9c36e5a-le64.cache-3
7f98ec076000-7f98ec0a7000 rw-p 00000000 00:00 0 
7f98ec0a7000-7f98ec0f2000 r-xp 00000000 08:71 1566906                    /usr/lib/jvm/java-6-openjdk-amd64/jre/lib/amd64/xawt/libmawt.so
7f98ec0f2000-7f98ec2f2000 ---p 0004b000 08:71 1566906                    /usr/lib/jvm/java-6-openjdk-amd64/jre/lib/amd64/xawt/libmawt.so
7f98ec2f2000-7f98ec2f3000 r--p 0004b000 08:71 1566906                    /usr/lib/jvm/java-6-openjdk-amd64/jre/lib/amd64/xawt/libmawt.so
7f98ec2f3000-7f98ec2f6000 rw-p 0004c000 08:71 1566906                    /usr/lib/jvm/java-6-openjdk-amd64/jre/lib/amd64/xawt/libmawt.so
7f98ec2f6000-7f98ec2f7000 rw-p 00000000 00:00 0 
7f98ec2f7000-7f98ec3a3000 r-xp 00000000 08:71 1444628                    /usr/lib/jvm/java-6-openjdk-amd64/jre/lib/amd64/libawt.so
7f98ec3a3000-7f98ec5a2000 ---p 000ac000 08:71 1444628                    /usr/lib/jvm/java-6-openjdk-amd64/jre/lib/amd64/libawt.so
7f98ec5a2000-7f98ec5a3000 r--p 000ab000 08:71 1444628                    /usr/lib/jvm/java-6-openjdk-amd64/jre/lib/amd64/libawt.so
7f98ec5a3000-7f98ec5ae000 rw-p 000ac000 08:71 1444628                    /usr/lib/jvm/java-6-openjdk-amd64/jre/lib/amd64/libawt.so
7f98ec5ae000-7f98ec5d3000 rw-p 00000000 00:00 0 
7f98ec5d3000-7f98ec5d7000 r--s 0007d000 08:71 1567256                    /usr/lib/jvm/java-6-openjdk-common/jre/lib/jsse.jar
7f98ec5d7000-7f98ec5de000 r--s 000fb000 08:71 1570124                    /usr/lib/jvm/java-6-openjdk-common/jre/lib/resources.jar
7f98ec5de000-7f98ec5f0000 r--s 000bb000 08:71 1390454                    /home/duffy/movie-renamer/mr-ui/lib/glazedlists-1.8.0_java15.jar
7f98ec5f0000-7f98ec5f4000 r--s 00029000 08:71 1311033                    /home/duffy/movie-renamer/mr-core/lib/Mr-core.jar
7f98ec5f4000-7f98ec627000 r--s 00240000 08:71 1382780                    /home/duffy/movie-renamer/mr-ui/lib/WebLookAndFeel.jar
7f98ec627000-7f98ec62b000 r--s 000a6000 08:71 1306195                    /home/duffy/movie-renamer/mr-ui/lib/jna.jar
7f98ec62b000-7f98ec62d000 r--s 0000a000 08:71 1306033                    /home/duffy/movie-renamer/mr-core/lib/xmlrpc.jar
7f98ec62d000-7f98ec645000 r--s 00115000 08:71 1306032                    /home/duffy/movie-renamer/mr-core/lib/xercesImpl.jar
7f98ec645000-7f98ec647000 r--s 00005000 08:71 1383309                    /home/duffy/movie-renamer/mr-core/lib/slf4j.jar
7f98ec647000-7f98ec64a000 r--s 00022000 08:71 1306028                    /home/duffy/movie-renamer/mr-core/lib/nekohtml.jar
7f98ec64a000-7f98ec64b000 r--s 00005000 08:71 1306027                    /home/duffy/movie-renamer/mr-core/lib/json-simple-1.1.1.jar
7f98ec64b000-7f98ec650000 r--s 00044000 08:71 1306025                    /home/duffy/movie-renamer/mr-core/lib/jdom-2.0.3.jar
7f98ec650000-7f98ec666000 r--s 000e1000 08:71 1306024                    /home/duffy/movie-renamer/mr-core/lib/ehcache.jar
7f98ec666000-7f98ec669000 r--s 00077000 08:71 1570123                    /usr/lib/jvm/java-6-openjdk-common/jre/lib/ext/localedata.jar
7f98ec669000-7f98ec66a000 r--s 00007000 08:71 1706997                    /usr/share/java/java-atk-wrapper.jar
7f98ec66a000-7f98ec66d000 r--s 00031000 08:71 1570119                    /usr/lib/jvm/java-6-openjdk-common/jre/lib/ext/sunjce_provider.jar
7f98ec66d000-7f98ec66f000 r--s 0000f000 08:71 1570120                    /usr/lib/jvm/java-6-openjdk-common/jre/lib/ext/pulse-java.jar
7f98ec66f000-7f98ec673000 r--s 00038000 08:71 1570121                    /usr/lib/jvm/java-6-openjdk-common/jre/lib/ext/sunpkcs11.jar
7f98ec673000-7f98ec675000 r--s 00001000 08:71 1570122                    /usr/lib/jvm/java-6-openjdk-common/jre/lib/ext/dnsns.jar
7f98ec675000-7f98ec676000 ---p 00000000 00:00 0 
7f98ec676000-7f98ec776000 rw-p 00000000 00:00 0 
7f98ec776000-7f98ec779000 ---p 00000000 00:00 0 
7f98ec779000-7f98ec877000 rw-p 00000000 00:00 0 
7f98ec877000-7f98ec87a000 ---p 00000000 00:00 0 
7f98ec87a000-7f98ec978000 rw-p 00000000 00:00 0 
7f98ec978000-7f98ec97b000 ---p 00000000 00:00 0 
7f98ec97b000-7f98eca79000 rw-p 00000000 00:00 0 
7f98eca79000-7f98eca7c000 ---p 00000000 00:00 0 
7f98eca7c000-7f98ecb7a000 rw-p 00000000 00:00 0 
7f98ecb7a000-7f98ed25e000 r--p 00000000 08:71 1443890                    /usr/lib/locale/locale-archive
7f98ed25e000-7f98ed261000 ---p 00000000 00:00 0 
7f98ed261000-7f98ed35f000 rw-p 00000000 00:00 0 
7f98ed35f000-7f98ed362000 ---p 00000000 00:00 0 
7f98ed362000-7f98ed460000 rw-p 00000000 00:00 0 
7f98ed460000-7f98ed461000 ---p 00000000 00:00 0 
7f98ed461000-7f98ede9d000 rw-p 00000000 00:00 0 
7f98ede9d000-7f98ee02f000 r--s 037c2000 08:71 1444633                    /usr/lib/jvm/java-6-openjdk-amd64/jre/lib/rt.jar
7f98ee02f000-7f98ee057000 rw-p 00000000 00:00 0 
7f98ee057000-7f98ee058000 ---p 00000000 00:00 0 
7f98ee058000-7f98ee158000 rw-p 00000000 00:00 0 
7f98ee158000-7f98ee159000 ---p 00000000 00:00 0 
7f98ee159000-7f98ee259000 rw-p 00000000 00:00 0 
7f98ee259000-7f98ee25a000 ---p 00000000 00:00 0 
7f98ee25a000-7f98ee35a000 rw-p 00000000 00:00 0 
7f98ee35a000-7f98ee35b000 ---p 00000000 00:00 0 
7f98ee35b000-7f98ee45b000 rw-p 00000000 00:00 0 
7f98ee45b000-7f98ee45c000 ---p 00000000 00:00 0 
7f98ee45c000-7f98ee55c000 rw-p 00000000 00:00 0 
7f98ee55c000-7f98ee55d000 ---p 00000000 00:00 0 
7f98ee55d000-7f98ee65d000 rw-p 00000000 00:00 0 
7f98ee65d000-7f98ee65e000 ---p 00000000 00:00 0 
7f98ee65e000-7f98ee75e000 rw-p 00000000 00:00 0 
7f98ee75e000-7f98ee75f000 ---p 00000000 00:00 0 
7f98ee75f000-7f98ee870000 rw-p 00000000 00:00 0 
7f98ee870000-7f98ee8b2000 rw-p 00000000 00:00 0 
7f98ee8b2000-7f98ee8d1000 rw-p 00000000 00:00 0 
7f98ee8d1000-7f98eeaa2000 rw-p 00000000 00:00 0 
7f98eeaa2000-7f98eeab3000 rw-p 00000000 00:00 0 
7f98eeab3000-7f98eeaf5000 rw-p 00000000 00:00 0 
7f98eeaf5000-7f98eeb14000 rw-p 00000000 00:00 0 
7f98eeb14000-7f98eece5000 rw-p 00000000 00:00 0 
7f98eece5000-7f98eed02000 rw-p 00000000 00:00 0 
7f98eed02000-7f98eed06000 ---p 00000000 00:00 0 
7f98eed06000-7f98eeddd000 rw-p 00000000 00:00 0 
7f98eeddd000-7f98eedde000 rw-p 00000000 00:00 0 
7f98eedde000-7f98eede5000 r-xp 00000000 08:71 1444622                    /usr/lib/jvm/java-6-openjdk-amd64/jre/lib/amd64/libzip.so
7f98eede5000-7f98eefe4000 ---p 00007000 08:71 1444622                    /usr/lib/jvm/java-6-openjdk-amd64/jre/lib/amd64/libzip.so
7f98eefe4000-7f98eefe5000 r--p 00006000 08:71 1444622                    /usr/lib/jvm/java-6-openjdk-amd64/jre/lib/amd64/libzip.so
7f98eefe5000-7f98eefe6000 rw-p 00007000 08:71 1444622                    /usr/lib/jvm/java-6-openjdk-amd64/jre/lib/amd64/libzip.so
7f98eefe6000-7f98eeff2000 r-xp 00000000 08:71 545308                     /lib/x86_64-linux-gnu/libnss_files-2.15.so
7f98eeff2000-7f98ef1f1000 ---p 0000c000 08:71 545308                     /lib/x86_64-linux-gnu/libnss_files-2.15.so
7f98ef1f1000-7f98ef1f2000 r--p 0000b000 08:71 545308                     /lib/x86_64-linux-gnu/libnss_files-2.15.so
7f98ef1f2000-7f98ef1f3000 rw-p 0000c000 08:71 545308                     /lib/x86_64-linux-gnu/libnss_files-2.15.so
7f98ef1f3000-7f98ef1fd000 r-xp 00000000 08:71 545304                     /lib/x86_64-linux-gnu/libnss_nis-2.15.so
7f98ef1fd000-7f98ef3fd000 ---p 0000a000 08:71 545304                     /lib/x86_64-linux-gnu/libnss_nis-2.15.so
7f98ef3fd000-7f98ef3fe000 r--p 0000a000 08:71 545304                     /lib/x86_64-linux-gnu/libnss_nis-2.15.so
7f98ef3fe000-7f98ef3ff000 rw-p 0000b000 08:71 545304                     /lib/x86_64-linux-gnu/libnss_nis-2.15.so
7f98ef3ff000-7f98ef416000 r-xp 00000000 08:71 545320                     /lib/x86_64-linux-gnu/libnsl-2.15.so
7f98ef416000-7f98ef615000 ---p 00017000 08:71 545320                     /lib/x86_64-linux-gnu/libnsl-2.15.so
7f98ef615000-7f98ef616000 r--p 00016000 08:71 545320                     /lib/x86_64-linux-gnu/libnsl-2.15.so
7f98ef616000-7f98ef617000 rw-p 00017000 08:71 545320                     /lib/x86_64-linux-gnu/libnsl-2.15.so
7f98ef617000-7f98ef619000 rw-p 00000000 00:00 0 
7f98ef619000-7f98ef621000 r-xp 00000000 08:71 545309                     /lib/x86_64-linux-gnu/libnss_compat-2.15.so
7f98ef621000-7f98ef820000 ---p 00008000 08:71 545309                     /lib/x86_64-linux-gnu/libnss_compat-2.15.so
7f98ef820000-7f98ef821000 r--p 00007000 08:71 545309                     /lib/x86_64-linux-gnu/libnss_compat-2.15.so
7f98ef821000-7f98ef822000 rw-p 00008000 08:71 545309                     /lib/x86_64-linux-gnu/libnss_compat-2.15.so
7f98ef822000-7f98ef84e000 r-xp 00000000 08:71 1443714                    /usr/lib/jvm/java-6-openjdk-amd64/jre/lib/amd64/libjava.so
7f98ef84e000-7f98efa4d000 ---p 0002c000 08:71 1443714                    /usr/lib/jvm/java-6-openjdk-amd64/jre/lib/amd64/libjava.so
7f98efa4d000-7f98efa4e000 r--p 0002b000 08:71 1443714                    /usr/lib/jvm/java-6-openjdk-amd64/jre/lib/amd64/libjava.so
7f98efa4e000-7f98efa51000 rw-p 0002c000 08:71 1443714                    /usr/lib/jvm/java-6-openjdk-amd64/jre/lib/amd64/libjava.so
7f98efa51000-7f98efa5f000 r-xp 00000000 08:71 1444615                    /usr/lib/jvm/java-6-openjdk-amd64/jre/lib/amd64/libverify.so
7f98efa5f000-7f98efc5e000 ---p 0000e000 08:71 1444615                    /usr/lib/jvm/java-6-openjdk-amd64/jre/lib/amd64/libverify.so
7f98efc5e000-7f98efc60000 r--p 0000d000 08:71 1444615                    /usr/lib/jvm/java-6-openjdk-amd64/jre/lib/amd64/libverify.so
7f98efc60000-7f98efc61000 rw-p 0000f000 08:71 1444615                    /usr/lib/jvm/java-6-openjdk-amd64/jre/lib/amd64/libverify.so
7f98efc61000-7f98efc68000 r-xp 00000000 08:71 545301                     /lib/x86_64-linux-gnu/librt-2.15.so
7f98efc68000-7f98efe67000 ---p 00007000 08:71 545301                     /lib/x86_64-linux-gnu/librt-2.15.so
7f98efe67000-7f98efe68000 r--p 00006000 08:71 545301                     /lib/x86_64-linux-gnu/librt-2.15.so
7f98efe68000-7f98efe69000 rw-p 00007000 08:71 545301                     /lib/x86_64-linux-gnu/librt-2.15.so
7f98efe69000-7f98efe7e000 r-xp 00000000 08:71 526320                     /lib/x86_64-linux-gnu/libgcc_s.so.1
7f98efe7e000-7f98f007d000 ---p 00015000 08:71 526320                     /lib/x86_64-linux-gnu/libgcc_s.so.1
7f98f007d000-7f98f007e000 r--p 00014000 08:71 526320                     /lib/x86_64-linux-gnu/libgcc_s.so.1
7f98f007e000-7f98f007f000 rw-p 00015000 08:71 526320                     /lib/x86_64-linux-gnu/libgcc_s.so.1
7f98f007f000-7f98f017a000 r-xp 00000000 08:71 545306                     /lib/x86_64-linux-gnu/libm-2.15.so
7f98f017a000-7f98f0379000 ---p 000fb000 08:71 545306                     /lib/x86_64-linux-gnu/libm-2.15.so
7f98f0379000-7f98f037a000 r--p 000fa000 08:71 545306                     /lib/x86_64-linux-gnu/libm-2.15.so
7f98f037a000-7f98f037b000 rw-p 000fb000 08:71 545306                     /lib/x86_64-linux-gnu/libm-2.15.so
7f98f037b000-7f98f045d000 r-xp 00000000 08:71 1445619                    /usr/lib/x86_64-linux-gnu/libstdc++.so.6.0.16
7f98f045d000-7f98f065c000 ---p 000e2000 08:71 1445619                    /usr/lib/x86_64-linux-gnu/libstdc++.so.6.0.16
7f98f065c000-7f98f0664000 r--p 000e1000 08:71 1445619                    /usr/lib/x86_64-linux-gnu/libstdc++.so.6.0.16
7f98f0664000-7f98f0666000 rw-p 000e9000 08:71 1445619                    /usr/lib/x86_64-linux-gnu/libstdc++.so.6.0.16
7f98f0666000-7f98f067b000 rw-p 00000000 00:00 0 
7f98f067b000-7f98f0f80000 r-xp 00000000 08:71 1566993                    /usr/lib/jvm/java-6-openjdk-amd64/jre/lib/amd64/server/libjvm.so
7f98f0f80000-7f98f1180000 ---p 00905000 08:71 1566993                    /usr/lib/jvm/java-6-openjdk-amd64/jre/lib/amd64/server/libjvm.so
7f98f1180000-7f98f1200000 r--p 00905000 08:71 1566993                    /usr/lib/jvm/java-6-openjdk-amd64/jre/lib/amd64/server/libjvm.so
7f98f1200000-7f98f121b000 rw-p 00985000 08:71 1566993                    /usr/lib/jvm/java-6-openjdk-amd64/jre/lib/amd64/server/libjvm.so
7f98f121b000-7f98f1244000 rw-p 00000000 00:00 0 
7f98f1244000-7f98f125a000 r-xp 00000000 08:71 526410                     /lib/x86_64-linux-gnu/libz.so.1.2.3.4
7f98f125a000-7f98f1459000 ---p 00016000 08:71 526410                     /lib/x86_64-linux-gnu/libz.so.1.2.3.4
7f98f1459000-7f98f145a000 r--p 00015000 08:71 526410                     /lib/x86_64-linux-gnu/libz.so.1.2.3.4
7f98f145a000-7f98f145b000 rw-p 00016000 08:71 526410                     /lib/x86_64-linux-gnu/libz.so.1.2.3.4
7f98f145b000-7f98f1610000 r-xp 00000000 08:71 545297                     /lib/x86_64-linux-gnu/libc-2.15.so
7f98f1610000-7f98f180f000 ---p 001b5000 08:71 545297                     /lib/x86_64-linux-gnu/libc-2.15.so
7f98f180f000-7f98f1813000 r--p 001b4000 08:71 545297                     /lib/x86_64-linux-gnu/libc-2.15.so
7f98f1813000-7f98f1815000 rw-p 001b8000 08:71 545297                     /lib/x86_64-linux-gnu/libc-2.15.so
7f98f1815000-7f98f181a000 rw-p 00000000 00:00 0 
7f98f181a000-7f98f181c000 r-xp 00000000 08:71 523146                     /lib/x86_64-linux-gnu/libdl-2.15.so
7f98f181c000-7f98f1a1c000 ---p 00002000 08:71 523146                     /lib/x86_64-linux-gnu/libdl-2.15.so
7f98f1a1c000-7f98f1a1d000 r--p 00002000 08:71 523146                     /lib/x86_64-linux-gnu/libdl-2.15.so
7f98f1a1d000-7f98f1a1e000 rw-p 00003000 08:71 523146                     /lib/x86_64-linux-gnu/libdl-2.15.so
7f98f1a1e000-7f98f1a22000 r-xp 00000000 08:71 1566995                    /usr/lib/jvm/java-6-openjdk-amd64/jre/lib/amd64/jli/libjli.so
7f98f1a22000-7f98f1c21000 ---p 00004000 08:71 1566995                    /usr/lib/jvm/java-6-openjdk-amd64/jre/lib/amd64/jli/libjli.so
7f98f1c21000-7f98f1c22000 r--p 00003000 08:71 1566995                    /usr/lib/jvm/java-6-openjdk-amd64/jre/lib/amd64/jli/libjli.so
7f98f1c22000-7f98f1c23000 rw-p 00004000 08:71 1566995                    /usr/lib/jvm/java-6-openjdk-amd64/jre/lib/amd64/jli/libjli.so
7f98f1c23000-7f98f1c3b000 r-xp 00000000 08:71 545299                     /lib/x86_64-linux-gnu/libpthread-2.15.so
7f98f1c3b000-7f98f1e3a000 ---p 00018000 08:71 545299                     /lib/x86_64-linux-gnu/libpthread-2.15.so
7f98f1e3a000-7f98f1e3b000 r--p 00017000 08:71 545299                     /lib/x86_64-linux-gnu/libpthread-2.15.so
7f98f1e3b000-7f98f1e3c000 rw-p 00018000 08:71 545299                     /lib/x86_64-linux-gnu/libpthread-2.15.so
7f98f1e3c000-7f98f1e40000 rw-p 00000000 00:00 0 
7f98f1e40000-7f98f1e62000 r-xp 00000000 08:71 545314                     /lib/x86_64-linux-gnu/ld-2.15.so
7f98f1e62000-7f98f1e63000 r--s 00000000 08:71 269301                     /var/cache/fontconfig/b9d506c9ac06c20b433354fa67a72993-le64.cache-3
7f98f1e63000-7f98f1e68000 r--s 00000000 08:71 269299                     /var/cache/fontconfig/b47c4e1ecd0709278f4910c18777a504-le64.cache-3
7f98f1e68000-7f98f1e78000 r--s 00000000 08:71 269297                     /var/cache/fontconfig/d52a8644073d54c13679302ca1180695-le64.cache-3
7f98f1e78000-7f98f1e82000 rw-p 00000000 00:00 0 
7f98f1e82000-7f98f1f38000 rw-p 00000000 00:00 0 
7f98f1f38000-7f98f1f3b000 ---p 00000000 00:00 0 
7f98f1f3b000-7f98f203e000 rw-p 00000000 00:00 0 
7f98f203e000-7f98f203f000 r--s 00000000 08:71 269303                     /var/cache/fontconfig/56cf4f4769d0f4abc89a4895d7bd3ae1-le64.cache-3
7f98f203f000-7f98f2040000 r--s 00000000 08:71 269301                     /var/cache/fontconfig/b9d506c9ac06c20b433354fa67a72993-le64.cache-3
7f98f2040000-7f98f2041000 r--s 00000000 08:71 269303                     /var/cache/fontconfig/56cf4f4769d0f4abc89a4895d7bd3ae1-le64.cache-3
7f98f2041000-7f98f2049000 r--s 00000000 08:71 282626                     /var/cache/fontconfig/52f7bdb7ce746bfd7eaa1985bd9cfa93-le64.cache-3
7f98f2049000-7f98f204f000 r--s 00000000 08:71 269295                     /var/cache/fontconfig/3f7329c5293ffd510edef78f73874cfd-le64.cache-3
7f98f204f000-7f98f2052000 r--s 00000000 08:71 269274                     /var/cache/fontconfig/e13b20fdb08344e0e664864cc2ede53d-le64.cache-3
7f98f2052000-7f98f2056000 r--s 00000000 08:71 284737                     /var/cache/fontconfig/7ef2298fde41cc6eeb7af42e48b7d293-le64.cache-3
7f98f2056000-7f98f205e000 rw-s 00000000 08:71 792754                     /tmp/hsperfdata_duffy/12243
7f98f205e000-7f98f205f000 rw-p 00000000 00:00 0 
7f98f205f000-7f98f2060000 r--p 00000000 00:00 0 
7f98f2060000-7f98f2062000 rw-p 00000000 00:00 0 
7f98f2062000-7f98f2063000 r--p 00022000 08:71 545314                     /lib/x86_64-linux-gnu/ld-2.15.so
7f98f2063000-7f98f2065000 rw-p 00023000 08:71 545314                     /lib/x86_64-linux-gnu/ld-2.15.so
7fffc7383000-7fffc73a4000 rw-p 00000000 00:00 0                          [stack]
7fffc73ff000-7fffc7400000 r-xp 00000000 00:00 0                          [vdso]
ffffffffff600000-ffffffffff601000 r-xp 00000000 00:00 0                  [vsyscall]

VM Arguments:
jvm_args: -Dfile.encoding=UTF-8 
java_command: fr.free.movierenamer.ui.Main
Launcher Type: SUN_STANDARD

Environment Variables:
PATH=/usr/local/sbin:/usr/local/bin:/usr/sbin:/usr/bin:/sbin:/bin:/usr/games
USERNAME=duffy
LD_LIBRARY_PATH=/usr/lib/jvm/java-6-openjdk-amd64/jre/lib/amd64/server:/usr/lib/jvm/java-6-openjdk-amd64/jre/lib/amd64:/usr/lib/jvm/java-6-openjdk-amd64/jre/../lib/amd64:/usr/lib/jvm/default-java/jre/lib/amd64:/usr/lib/jvm/default-java/jre/lib/i386:
SHELL=/bin/bash
DISPLAY=:0.0

Signal Handlers:
SIGSEGV: [libjvm.so+0x7852e0], sa_mask[0]=0x7ffbfeff, sa_flags=0x10000004
SIGBUS: [libjvm.so+0x7852e0], sa_mask[0]=0x7ffbfeff, sa_flags=0x10000004
SIGFPE: [libjvm.so+0x648d40], sa_mask[0]=0x7ffbfeff, sa_flags=0x10000004
SIGPIPE: [libjvm.so+0x648d40], sa_mask[0]=0x7ffbfeff, sa_flags=0x10000004
SIGXFSZ: [libjvm.so+0x648d40], sa_mask[0]=0x7ffbfeff, sa_flags=0x10000004
SIGILL: [libjvm.so+0x648d40], sa_mask[0]=0x7ffbfeff, sa_flags=0x10000004
SIGUSR1: SIG_DFL, sa_mask[0]=0x00000000, sa_flags=0x00000000
SIGUSR2: [libjvm.so+0x648ef0], sa_mask[0]=0x00000004, sa_flags=0x10000004
SIGHUP: [libjvm.so+0x64ba10], sa_mask[0]=0x7ffbfeff, sa_flags=0x10000004
SIGINT: SIG_IGN, sa_mask[0]=0x00000000, sa_flags=0x00000000
SIGTERM: [libjvm.so+0x64ba10], sa_mask[0]=0x7ffbfeff, sa_flags=0x10000004
SIGQUIT: [libjvm.so+0x64ba10], sa_mask[0]=0x7ffbfeff, sa_flags=0x10000004


---------------  S Y S T E M  ---------------

OS:LinuxMint 13 (maya)
uname:Linux 3.2.0-23-generic #36-Ubuntu SMP Tue Apr 10 20:39:51 UTC 2012 x86_64
libc:glibc 2.15 NPTL 2.15 
rlimit: STACK 8192k, CORE 0k, NPROC 47469, NOFILE 4096, AS infinity
load average:0,57 0,69 0,77

/proc/meminfo:
MemTotal:        6093688 kB
MemFree:          595676 kB
Buffers:         1119812 kB
Cached:          2135788 kB
SwapCached:            8 kB
Active:          2411244 kB
Inactive:        2732708 kB
Active(anon):    1591728 kB
Inactive(anon):   310564 kB
Active(file):     819516 kB
Inactive(file):  2422144 kB
Unevictable:           0 kB
Mlocked:               0 kB
SwapTotal:       1894396 kB
SwapFree:        1894088 kB
Dirty:               972 kB
Writeback:             0 kB
AnonPages:       1888680 kB
Mapped:           181328 kB
Shmem:             13840 kB
Slab:             204656 kB
SReclaimable:     166688 kB
SUnreclaim:        37968 kB
KernelStack:        3712 kB
PageTables:        28940 kB
NFS_Unstable:          0 kB
Bounce:                0 kB
WritebackTmp:          0 kB
CommitLimit:     4941240 kB
Committed_AS:    3668260 kB
VmallocTotal:   34359738367 kB
VmallocUsed:      167120 kB
VmallocChunk:   34359544316 kB
HardwareCorrupted:     0 kB
AnonHugePages:         0 kB
HugePages_Total:       0
HugePages_Free:        0
HugePages_Rsvd:        0
HugePages_Surp:        0
Hugepagesize:       2048 kB
DirectMap4k:      161792 kB
DirectMap2M:     6113280 kB


CPU:total 8 (4 cores per cpu, 2 threads per core) family 6 model 42 stepping 7, cmov, cx8, fxsr, mmx, sse, sse2, sse3, ssse3, sse4.1, sse4.2, popcnt, ht

Memory: 4k page, physical 6093688k(595676k free), swap 1894396k(1894088k free)

vm_info: OpenJDK 64-Bit Server VM (20.0-b12) for linux-amd64 JRE (1.6.0_24-b24), built on Oct 24 2012 16:17:28 by "buildd" with gcc 4.6.3

time: Wed Feb 27 20:10:06 2013
elapsed time: 13 seconds

